2024-12-13 17:09:57 INFO  ScreenshotListeners:29 - 
================:  valid Login :====================

2024-12-13 17:10:08 ERROR BrowserSetUp:182 - validLogin -> FAILED due to below issues :
org.openqa.selenium.TimeoutException: Expected condition failed: waiting for visibility of element located by By.name: loginId (tried for 10 second(s) with 500 milliseconds interval)

2024-12-13 17:10:08 INFO  BrowserSetUp:192 - Screenshot for this failed method : Screenshot/validLogin.png
2024-12-13 17:10:08 INFO  ScreenshotListeners:29 - 
================:  verify Presence Of Slide Details On Summary Tab :====================

2024-12-13 17:10:08 ERROR BrowserSetUp:182 - verifyPresenceOfSlideDetailsOnSummaryTab -> FAILED due to below issues :
org.openqa.selenium.NoSuchElementException: no such element: Unable to locate element: {"method":"id","selector":"assigned_to"}
  (Session info: chrome=131.0.6778.140)
  (Driver info: chromedriver=2.43.600229 (3fae4d0cda5334b4f533bede5a4787f7b832d052),platform=Mac OS X 10.16.0 x86_64) (WARNING: The server did not provide any stacktrace information)
Command duration or timeout: 0 milliseconds
For documentation on this error, please visit: https://www.seleniumhq.org/exceptions/no_such_element.html
Build info: version: '3.141.59', revision: 'e82be7d358', time: '2018-11-14T08:17:03'
System info: host: 'Nehas-MacBook-Pro.local', ip: '192.168.0.26', os.name: 'Mac OS X', os.arch: 'x86_64', os.version: '13.7.1', java.version: '22.0.1'
Driver info: org.openqa.selenium.chrome.ChromeDriver
Capabilities {acceptInsecureCerts: true, acceptSslCerts: true, applicationCacheEnabled: false, browserConnectionEnabled: false, browserName: chrome, chrome: {chromedriverVersion: 2.43.600229 (3fae4d0cda5334..., userDataDir: /var/folders/lq/hsr567kj1sx...}, cssSelectorsEnabled: true, databaseEnabled: false, goog:chromeOptions: {debuggerAddress: localhost:50272}, handlesAlerts: true, hasTouchScreen: false, javascriptEnabled: true, locationContextEnabled: true, mobileEmulationEnabled: false, nativeEvents: true, networkConnectionEnabled: false, pageLoadStrategy: normal, platform: MAC, platformName: MAC, rotatable: false, setWindowRect: true, takesHeapSnapshot: true, takesScreenshot: true, unexpectedAlertBehaviour: , unhandledPromptBehavior: , version: 131.0.6778.140, webStorageEnabled: true}
Session ID: fe375541e2e90f8372dd69d5c61b3e12
*** Element info: {Using=id, value=assigned_to}

2024-12-13 17:10:08 INFO  BrowserSetUp:192 - Screenshot for this failed method : Screenshot/verifyPresenceOfSlideDetailsOnSummaryTab.png
2024-12-13 17:10:08 INFO  ScreenshotListeners:29 - 
================:  presence Of Scan Image Area :====================

2024-12-13 17:10:23 ERROR BrowserSetUp:182 - presenceOfScanImageArea -> FAILED due to below issues :
org.openqa.selenium.WebDriverException: chrome not reachable
  (Session info: chrome=131.0.6778.140)
  (Driver info: chromedriver=2.43.600229 (3fae4d0cda5334b4f533bede5a4787f7b832d052),platform=Mac OS X 10.16.0 x86_64) (WARNING: The server did not provide any stacktrace information)
Command duration or timeout: 0 milliseconds
Build info: version: '3.141.59', revision: 'e82be7d358', time: '2018-11-14T08:17:03'
System info: host: 'Nehas-MacBook-Pro.local', ip: '192.168.0.26', os.name: 'Mac OS X', os.arch: 'x86_64', os.version: '13.7.1', java.version: '22.0.1'
Driver info: org.openqa.selenium.chrome.ChromeDriver
Capabilities {acceptInsecureCerts: true, acceptSslCerts: true, applicationCacheEnabled: false, browserConnectionEnabled: false, browserName: chrome, chrome: {chromedriverVersion: 2.43.600229 (3fae4d0cda5334..., userDataDir: /var/folders/lq/hsr567kj1sx...}, cssSelectorsEnabled: true, databaseEnabled: false, goog:chromeOptions: {debuggerAddress: localhost:50272}, handlesAlerts: true, hasTouchScreen: false, javascriptEnabled: true, locationContextEnabled: true, mobileEmulationEnabled: false, nativeEvents: true, networkConnectionEnabled: false, pageLoadStrategy: normal, platform: MAC, platformName: MAC, rotatable: false, setWindowRect: true, takesHeapSnapshot: true, takesScreenshot: true, unexpectedAlertBehaviour: , unhandledPromptBehavior: , version: 131.0.6778.140, webStorageEnabled: true}
Session ID: fe375541e2e90f8372dd69d5c61b3e12
*** Element info: {Using=xpath, value=//*[@id="specimen-info"]/div[3]/div/div[2]/div[1]/span}

2024-12-13 17:10:23 INFO  ScreenshotListeners:29 - 
================:  presence Of Scan Time Text :====================

2024-12-13 17:10:23 ERROR BrowserSetUp:182 - presenceOfScanTimeText -> FAILED due to below issues :
org.openqa.selenium.WebDriverException: chrome not reachable
  (Session info: chrome=131.0.6778.140)
  (Driver info: chromedriver=2.43.600229 (3fae4d0cda5334b4f533bede5a4787f7b832d052),platform=Mac OS X 10.16.0 x86_64) (WARNING: The server did not provide any stacktrace information)
Command duration or timeout: 0 milliseconds
Build info: version: '3.141.59', revision: 'e82be7d358', time: '2018-11-14T08:17:03'
System info: host: 'Nehas-MacBook-Pro.local', ip: '192.168.0.26', os.name: 'Mac OS X', os.arch: 'x86_64', os.version: '13.7.1', java.version: '22.0.1'
Driver info: org.openqa.selenium.chrome.ChromeDriver
Capabilities {acceptInsecureCerts: true, acceptSslCerts: true, applicationCacheEnabled: false, browserConnectionEnabled: false, browserName: chrome, chrome: {chromedriverVersion: 2.43.600229 (3fae4d0cda5334..., userDataDir: /var/folders/lq/hsr567kj1sx...}, cssSelectorsEnabled: true, databaseEnabled: false, goog:chromeOptions: {debuggerAddress: localhost:50272}, handlesAlerts: true, hasTouchScreen: false, javascriptEnabled: true, locationContextEnabled: true, mobileEmulationEnabled: false, nativeEvents: true, networkConnectionEnabled: false, pageLoadStrategy: normal, platform: MAC, platformName: MAC, rotatable: false, setWindowRect: true, takesHeapSnapshot: true, takesScreenshot: true, unexpectedAlertBehaviour: , unhandledPromptBehavior: , version: 131.0.6778.140, webStorageEnabled: true}
Session ID: fe375541e2e90f8372dd69d5c61b3e12
*** Element info: {Using=xpath, value=//span[contains(text(),'Scan time')]}

2024-12-13 17:10:23 INFO  ScreenshotListeners:29 - 
================:  presence Of Scanned By Text :====================

2024-12-13 17:10:23 ERROR BrowserSetUp:182 - presenceOfScannedByText -> FAILED due to below issues :
org.openqa.selenium.WebDriverException: chrome not reachable
  (Session info: chrome=131.0.6778.140)
  (Driver info: chromedriver=2.43.600229 (3fae4d0cda5334b4f533bede5a4787f7b832d052),platform=Mac OS X 10.16.0 x86_64) (WARNING: The server did not provide any stacktrace information)
Command duration or timeout: 0 milliseconds
Build info: version: '3.141.59', revision: 'e82be7d358', time: '2018-11-14T08:17:03'
System info: host: 'Nehas-MacBook-Pro.local', ip: '192.168.0.26', os.name: 'Mac OS X', os.arch: 'x86_64', os.version: '13.7.1', java.version: '22.0.1'
Driver info: org.openqa.selenium.chrome.ChromeDriver
Capabilities {acceptInsecureCerts: true, acceptSslCerts: true, applicationCacheEnabled: false, browserConnectionEnabled: false, browserName: chrome, chrome: {chromedriverVersion: 2.43.600229 (3fae4d0cda5334..., userDataDir: /var/folders/lq/hsr567kj1sx...}, cssSelectorsEnabled: true, databaseEnabled: false, goog:chromeOptions: {debuggerAddress: localhost:50272}, handlesAlerts: true, hasTouchScreen: false, javascriptEnabled: true, locationContextEnabled: true, mobileEmulationEnabled: false, nativeEvents: true, networkConnectionEnabled: false, pageLoadStrategy: normal, platform: MAC, platformName: MAC, rotatable: false, setWindowRect: true, takesHeapSnapshot: true, takesScreenshot: true, unexpectedAlertBehaviour: , unhandledPromptBehavior: , version: 131.0.6778.140, webStorageEnabled: true}
Session ID: fe375541e2e90f8372dd69d5c61b3e12
*** Element info: {Using=xpath, value=//span[contains(text(),'Scanned by')]}

2024-12-13 17:10:23 INFO  ScreenshotListeners:29 - 
================:  presence Of Scanned O N Text :====================

2024-12-13 17:10:23 ERROR BrowserSetUp:182 - presenceOfScannedONText -> FAILED due to below issues :
org.openqa.selenium.WebDriverException: chrome not reachable
  (Session info: chrome=131.0.6778.140)
  (Driver info: chromedriver=2.43.600229 (3fae4d0cda5334b4f533bede5a4787f7b832d052),platform=Mac OS X 10.16.0 x86_64) (WARNING: The server did not provide any stacktrace information)
Command duration or timeout: 0 milliseconds
Build info: version: '3.141.59', revision: 'e82be7d358', time: '2018-11-14T08:17:03'
System info: host: 'Nehas-MacBook-Pro.local', ip: '192.168.0.26', os.name: 'Mac OS X', os.arch: 'x86_64', os.version: '13.7.1', java.version: '22.0.1'
Driver info: org.openqa.selenium.chrome.ChromeDriver
Capabilities {acceptInsecureCerts: true, acceptSslCerts: true, applicationCacheEnabled: false, browserConnectionEnabled: false, browserName: chrome, chrome: {chromedriverVersion: 2.43.600229 (3fae4d0cda5334..., userDataDir: /var/folders/lq/hsr567kj1sx...}, cssSelectorsEnabled: true, databaseEnabled: false, goog:chromeOptions: {debuggerAddress: localhost:50272}, handlesAlerts: true, hasTouchScreen: false, javascriptEnabled: true, locationContextEnabled: true, mobileEmulationEnabled: false, nativeEvents: true, networkConnectionEnabled: false, pageLoadStrategy: normal, platform: MAC, platformName: MAC, rotatable: false, setWindowRect: true, takesHeapSnapshot: true, takesScreenshot: true, unexpectedAlertBehaviour: , unhandledPromptBehavior: , version: 131.0.6778.140, webStorageEnabled: true}
Session ID: fe375541e2e90f8372dd69d5c61b3e12
*** Element info: {Using=xpath, value=//span[contains(text(),'Scanned on')]}

2024-12-13 17:10:23 INFO  ScreenshotListeners:29 - 
================:  pop Up Close On Summary Tab :====================

2024-12-13 17:10:23 ERROR BrowserSetUp:182 - popUpCloseOnSummaryTab -> FAILED due to below issues :
org.openqa.selenium.WebDriverException: chrome not reachable
  (Session info: chrome=131.0.6778.140)
  (Driver info: chromedriver=2.43.600229 (3fae4d0cda5334b4f533bede5a4787f7b832d052),platform=Mac OS X 10.16.0 x86_64) (WARNING: The server did not provide any stacktrace information)
Command duration or timeout: 0 milliseconds
Build info: version: '3.141.59', revision: 'e82be7d358', time: '2018-11-14T08:17:03'
System info: host: 'Nehas-MacBook-Pro.local', ip: '192.168.0.26', os.name: 'Mac OS X', os.arch: 'x86_64', os.version: '13.7.1', java.version: '22.0.1'
Driver info: org.openqa.selenium.chrome.ChromeDriver
Capabilities {acceptInsecureCerts: true, acceptSslCerts: true, applicationCacheEnabled: false, browserConnectionEnabled: false, browserName: chrome, chrome: {chromedriverVersion: 2.43.600229 (3fae4d0cda5334..., userDataDir: /var/folders/lq/hsr567kj1sx...}, cssSelectorsEnabled: true, databaseEnabled: false, goog:chromeOptions: {debuggerAddress: localhost:50272}, handlesAlerts: true, hasTouchScreen: false, javascriptEnabled: true, locationContextEnabled: true, mobileEmulationEnabled: false, nativeEvents: true, networkConnectionEnabled: false, pageLoadStrategy: normal, platform: MAC, platformName: MAC, rotatable: false, setWindowRect: true, takesHeapSnapshot: true, takesScreenshot: true, unexpectedAlertBehaviour: , unhandledPromptBehavior: , version: 131.0.6778.140, webStorageEnabled: true}
Session ID: fe375541e2e90f8372dd69d5c61b3e12
*** Element info: {Using=xpath, value=/html/body/div[2]/div[3]/div/div[1]/div[2]/button}

2024-12-13 17:10:23 INFO  ScreenshotListeners:29 - 
================:  verify Presence Of Slide Details On W B C Tab :====================

2024-12-13 17:10:23 ERROR BrowserSetUp:182 - verifyPresenceOfSlideDetailsOnWBCTab -> FAILED due to below issues :
org.openqa.selenium.WebDriverException: chrome not reachable
  (Session info: chrome=131.0.6778.140)
  (Driver info: chromedriver=2.43.600229 (3fae4d0cda5334b4f533bede5a4787f7b832d052),platform=Mac OS X 10.16.0 x86_64) (WARNING: The server did not provide any stacktrace information)
Command duration or timeout: 0 milliseconds
Build info: version: '3.141.59', revision: 'e82be7d358', time: '2018-11-14T08:17:03'
System info: host: 'Nehas-MacBook-Pro.local', ip: '192.168.0.26', os.name: 'Mac OS X', os.arch: 'x86_64', os.version: '13.7.1', java.version: '22.0.1'
Driver info: org.openqa.selenium.chrome.ChromeDriver
Capabilities {acceptInsecureCerts: true, acceptSslCerts: true, applicationCacheEnabled: false, browserConnectionEnabled: false, browserName: chrome, chrome: {chromedriverVersion: 2.43.600229 (3fae4d0cda5334..., userDataDir: /var/folders/lq/hsr567kj1sx...}, cssSelectorsEnabled: true, databaseEnabled: false, goog:chromeOptions: {debuggerAddress: localhost:50272}, handlesAlerts: true, hasTouchScreen: false, javascriptEnabled: true, locationContextEnabled: true, mobileEmulationEnabled: false, nativeEvents: true, networkConnectionEnabled: false, pageLoadStrategy: normal, platform: MAC, platformName: MAC, rotatable: false, setWindowRect: true, takesHeapSnapshot: true, takesScreenshot: true, unexpectedAlertBehaviour: , unhandledPromptBehavior: , version: 131.0.6778.140, webStorageEnabled: true}
Session ID: fe375541e2e90f8372dd69d5c61b3e12
*** Element info: {Using=id, value=assigned_to}

2024-12-13 17:10:23 INFO  ScreenshotListeners:29 - 
================:  presence Of Scan Image Area On Wbc Tab :====================

2024-12-13 17:10:23 ERROR BrowserSetUp:182 - presenceOfScanImageAreaOnWbcTab -> FAILED due to below issues :
org.openqa.selenium.WebDriverException: chrome not reachable
  (Session info: chrome=131.0.6778.140)
  (Driver info: chromedriver=2.43.600229 (3fae4d0cda5334b4f533bede5a4787f7b832d052),platform=Mac OS X 10.16.0 x86_64) (WARNING: The server did not provide any stacktrace information)
Command duration or timeout: 0 milliseconds
Build info: version: '3.141.59', revision: 'e82be7d358', time: '2018-11-14T08:17:03'
System info: host: 'Nehas-MacBook-Pro.local', ip: '192.168.0.26', os.name: 'Mac OS X', os.arch: 'x86_64', os.version: '13.7.1', java.version: '22.0.1'
Driver info: org.openqa.selenium.chrome.ChromeDriver
Capabilities {acceptInsecureCerts: true, acceptSslCerts: true, applicationCacheEnabled: false, browserConnectionEnabled: false, browserName: chrome, chrome: {chromedriverVersion: 2.43.600229 (3fae4d0cda5334..., userDataDir: /var/folders/lq/hsr567kj1sx...}, cssSelectorsEnabled: true, databaseEnabled: false, goog:chromeOptions: {debuggerAddress: localhost:50272}, handlesAlerts: true, hasTouchScreen: false, javascriptEnabled: true, locationContextEnabled: true, mobileEmulationEnabled: false, nativeEvents: true, networkConnectionEnabled: false, pageLoadStrategy: normal, platform: MAC, platformName: MAC, rotatable: false, setWindowRect: true, takesHeapSnapshot: true, takesScreenshot: true, unexpectedAlertBehaviour: , unhandledPromptBehavior: , version: 131.0.6778.140, webStorageEnabled: true}
Session ID: fe375541e2e90f8372dd69d5c61b3e12
*** Element info: {Using=xpath, value=//*[@id="specimen-info"]/div[3]/div/div[2]/div[1]/span}

2024-12-13 17:10:23 INFO  ScreenshotListeners:29 - 
================:  presence Of Scan Time Text On W B C Tab :====================

2024-12-13 17:10:23 ERROR BrowserSetUp:182 - presenceOfScanTimeTextOnWBCTab -> FAILED due to below issues :
org.openqa.selenium.WebDriverException: chrome not reachable
  (Session info: chrome=131.0.6778.140)
  (Driver info: chromedriver=2.43.600229 (3fae4d0cda5334b4f533bede5a4787f7b832d052),platform=Mac OS X 10.16.0 x86_64) (WARNING: The server did not provide any stacktrace information)
Command duration or timeout: 0 milliseconds
Build info: version: '3.141.59', revision: 'e82be7d358', time: '2018-11-14T08:17:03'
System info: host: 'Nehas-MacBook-Pro.local', ip: '192.168.0.26', os.name: 'Mac OS X', os.arch: 'x86_64', os.version: '13.7.1', java.version: '22.0.1'
Driver info: org.openqa.selenium.chrome.ChromeDriver
Capabilities {acceptInsecureCerts: true, acceptSslCerts: true, applicationCacheEnabled: false, browserConnectionEnabled: false, browserName: chrome, chrome: {chromedriverVersion: 2.43.600229 (3fae4d0cda5334..., userDataDir: /var/folders/lq/hsr567kj1sx...}, cssSelectorsEnabled: true, databaseEnabled: false, goog:chromeOptions: {debuggerAddress: localhost:50272}, handlesAlerts: true, hasTouchScreen: false, javascriptEnabled: true, locationContextEnabled: true, mobileEmulationEnabled: false, nativeEvents: true, networkConnectionEnabled: false, pageLoadStrategy: normal, platform: MAC, platformName: MAC, rotatable: false, setWindowRect: true, takesHeapSnapshot: true, takesScreenshot: true, unexpectedAlertBehaviour: , unhandledPromptBehavior: , version: 131.0.6778.140, webStorageEnabled: true}
Session ID: fe375541e2e90f8372dd69d5c61b3e12
*** Element info: {Using=xpath, value=//span[contains(text(),'Scan time')]}

2024-12-13 17:10:23 INFO  ScreenshotListeners:29 - 
================:  presence Of Scanned By Text On Wbc Tab :====================

2024-12-13 17:10:23 ERROR BrowserSetUp:182 - presenceOfScannedByTextOnWbcTab -> FAILED due to below issues :
org.openqa.selenium.WebDriverException: chrome not reachable
  (Session info: chrome=131.0.6778.140)
  (Driver info: chromedriver=2.43.600229 (3fae4d0cda5334b4f533bede5a4787f7b832d052),platform=Mac OS X 10.16.0 x86_64) (WARNING: The server did not provide any stacktrace information)
Command duration or timeout: 0 milliseconds
Build info: version: '3.141.59', revision: 'e82be7d358', time: '2018-11-14T08:17:03'
System info: host: 'Nehas-MacBook-Pro.local', ip: '192.168.0.26', os.name: 'Mac OS X', os.arch: 'x86_64', os.version: '13.7.1', java.version: '22.0.1'
Driver info: org.openqa.selenium.chrome.ChromeDriver
Capabilities {acceptInsecureCerts: true, acceptSslCerts: true, applicationCacheEnabled: false, browserConnectionEnabled: false, browserName: chrome, chrome: {chromedriverVersion: 2.43.600229 (3fae4d0cda5334..., userDataDir: /var/folders/lq/hsr567kj1sx...}, cssSelectorsEnabled: true, databaseEnabled: false, goog:chromeOptions: {debuggerAddress: localhost:50272}, handlesAlerts: true, hasTouchScreen: false, javascriptEnabled: true, locationContextEnabled: true, mobileEmulationEnabled: false, nativeEvents: true, networkConnectionEnabled: false, pageLoadStrategy: normal, platform: MAC, platformName: MAC, rotatable: false, setWindowRect: true, takesHeapSnapshot: true, takesScreenshot: true, unexpectedAlertBehaviour: , unhandledPromptBehavior: , version: 131.0.6778.140, webStorageEnabled: true}
Session ID: fe375541e2e90f8372dd69d5c61b3e12
*** Element info: {Using=xpath, value=//span[contains(text(),'Scanned by')]}

2024-12-13 17:10:23 INFO  ScreenshotListeners:29 - 
================:  presence Of Scanned O N Text On Wbc Tab :====================

2024-12-13 17:10:23 ERROR BrowserSetUp:182 - presenceOfScannedONTextOnWbcTab -> FAILED due to below issues :
org.openqa.selenium.WebDriverException: chrome not reachable
  (Session info: chrome=131.0.6778.140)
  (Driver info: chromedriver=2.43.600229 (3fae4d0cda5334b4f533bede5a4787f7b832d052),platform=Mac OS X 10.16.0 x86_64) (WARNING: The server did not provide any stacktrace information)
Command duration or timeout: 0 milliseconds
Build info: version: '3.141.59', revision: 'e82be7d358', time: '2018-11-14T08:17:03'
System info: host: 'Nehas-MacBook-Pro.local', ip: '192.168.0.26', os.name: 'Mac OS X', os.arch: 'x86_64', os.version: '13.7.1', java.version: '22.0.1'
Driver info: org.openqa.selenium.chrome.ChromeDriver
Capabilities {acceptInsecureCerts: true, acceptSslCerts: true, applicationCacheEnabled: false, browserConnectionEnabled: false, browserName: chrome, chrome: {chromedriverVersion: 2.43.600229 (3fae4d0cda5334..., userDataDir: /var/folders/lq/hsr567kj1sx...}, cssSelectorsEnabled: true, databaseEnabled: false, goog:chromeOptions: {debuggerAddress: localhost:50272}, handlesAlerts: true, hasTouchScreen: false, javascriptEnabled: true, locationContextEnabled: true, mobileEmulationEnabled: false, nativeEvents: true, networkConnectionEnabled: false, pageLoadStrategy: normal, platform: MAC, platformName: MAC, rotatable: false, setWindowRect: true, takesHeapSnapshot: true, takesScreenshot: true, unexpectedAlertBehaviour: , unhandledPromptBehavior: , version: 131.0.6778.140, webStorageEnabled: true}
Session ID: fe375541e2e90f8372dd69d5c61b3e12
*** Element info: {Using=xpath, value=//span[contains(text(),'Scanned on')]}

2024-12-13 17:10:23 INFO  ScreenshotListeners:29 - 
================:  pop Up Close On W B C T Ab :====================

2024-12-13 17:10:23 ERROR BrowserSetUp:182 - popUpCloseOnWBCTAb -> FAILED due to below issues :
org.openqa.selenium.WebDriverException: chrome not reachable
  (Session info: chrome=131.0.6778.140)
  (Driver info: chromedriver=2.43.600229 (3fae4d0cda5334b4f533bede5a4787f7b832d052),platform=Mac OS X 10.16.0 x86_64) (WARNING: The server did not provide any stacktrace information)
Command duration or timeout: 0 milliseconds
Build info: version: '3.141.59', revision: 'e82be7d358', time: '2018-11-14T08:17:03'
System info: host: 'Nehas-MacBook-Pro.local', ip: '192.168.0.26', os.name: 'Mac OS X', os.arch: 'x86_64', os.version: '13.7.1', java.version: '22.0.1'
Driver info: org.openqa.selenium.chrome.ChromeDriver
Capabilities {acceptInsecureCerts: true, acceptSslCerts: true, applicationCacheEnabled: false, browserConnectionEnabled: false, browserName: chrome, chrome: {chromedriverVersion: 2.43.600229 (3fae4d0cda5334..., userDataDir: /var/folders/lq/hsr567kj1sx...}, cssSelectorsEnabled: true, databaseEnabled: false, goog:chromeOptions: {debuggerAddress: localhost:50272}, handlesAlerts: true, hasTouchScreen: false, javascriptEnabled: true, locationContextEnabled: true, mobileEmulationEnabled: false, nativeEvents: true, networkConnectionEnabled: false, pageLoadStrategy: normal, platform: MAC, platformName: MAC, rotatable: false, setWindowRect: true, takesHeapSnapshot: true, takesScreenshot: true, unexpectedAlertBehaviour: , unhandledPromptBehavior: , version: 131.0.6778.140, webStorageEnabled: true}
Session ID: fe375541e2e90f8372dd69d5c61b3e12
*** Element info: {Using=xpath, value=/html/body/div[2]/div[3]/div/div[1]/div[2]/button}

2024-12-13 17:10:23 INFO  ScreenshotListeners:29 - 
================:  verify Presence Of Slide Details On R B C Tab :====================

2024-12-13 17:10:23 ERROR BrowserSetUp:182 - verifyPresenceOfSlideDetailsOnRBCTab -> FAILED due to below issues :
org.openqa.selenium.WebDriverException: chrome not reachable
  (Session info: chrome=131.0.6778.140)
  (Driver info: chromedriver=2.43.600229 (3fae4d0cda5334b4f533bede5a4787f7b832d052),platform=Mac OS X 10.16.0 x86_64) (WARNING: The server did not provide any stacktrace information)
Command duration or timeout: 0 milliseconds
Build info: version: '3.141.59', revision: 'e82be7d358', time: '2018-11-14T08:17:03'
System info: host: 'Nehas-MacBook-Pro.local', ip: '192.168.0.26', os.name: 'Mac OS X', os.arch: 'x86_64', os.version: '13.7.1', java.version: '22.0.1'
Driver info: org.openqa.selenium.chrome.ChromeDriver
Capabilities {acceptInsecureCerts: true, acceptSslCerts: true, applicationCacheEnabled: false, browserConnectionEnabled: false, browserName: chrome, chrome: {chromedriverVersion: 2.43.600229 (3fae4d0cda5334..., userDataDir: /var/folders/lq/hsr567kj1sx...}, cssSelectorsEnabled: true, databaseEnabled: false, goog:chromeOptions: {debuggerAddress: localhost:50272}, handlesAlerts: true, hasTouchScreen: false, javascriptEnabled: true, locationContextEnabled: true, mobileEmulationEnabled: false, nativeEvents: true, networkConnectionEnabled: false, pageLoadStrategy: normal, platform: MAC, platformName: MAC, rotatable: false, setWindowRect: true, takesHeapSnapshot: true, takesScreenshot: true, unexpectedAlertBehaviour: , unhandledPromptBehavior: , version: 131.0.6778.140, webStorageEnabled: true}
Session ID: fe375541e2e90f8372dd69d5c61b3e12
*** Element info: {Using=id, value=assigned_to}

2024-12-13 17:10:23 INFO  ScreenshotListeners:29 - 
================:  presence Of Scan Image Area On Rbc Tab :====================

2024-12-13 17:10:23 ERROR BrowserSetUp:182 - presenceOfScanImageAreaOnRbcTab -> FAILED due to below issues :
org.openqa.selenium.WebDriverException: chrome not reachable
  (Session info: chrome=131.0.6778.140)
  (Driver info: chromedriver=2.43.600229 (3fae4d0cda5334b4f533bede5a4787f7b832d052),platform=Mac OS X 10.16.0 x86_64) (WARNING: The server did not provide any stacktrace information)
Command duration or timeout: 0 milliseconds
Build info: version: '3.141.59', revision: 'e82be7d358', time: '2018-11-14T08:17:03'
System info: host: 'Nehas-MacBook-Pro.local', ip: '192.168.0.26', os.name: 'Mac OS X', os.arch: 'x86_64', os.version: '13.7.1', java.version: '22.0.1'
Driver info: org.openqa.selenium.chrome.ChromeDriver
Capabilities {acceptInsecureCerts: true, acceptSslCerts: true, applicationCacheEnabled: false, browserConnectionEnabled: false, browserName: chrome, chrome: {chromedriverVersion: 2.43.600229 (3fae4d0cda5334..., userDataDir: /var/folders/lq/hsr567kj1sx...}, cssSelectorsEnabled: true, databaseEnabled: false, goog:chromeOptions: {debuggerAddress: localhost:50272}, handlesAlerts: true, hasTouchScreen: false, javascriptEnabled: true, locationContextEnabled: true, mobileEmulationEnabled: false, nativeEvents: true, networkConnectionEnabled: false, pageLoadStrategy: normal, platform: MAC, platformName: MAC, rotatable: false, setWindowRect: true, takesHeapSnapshot: true, takesScreenshot: true, unexpectedAlertBehaviour: , unhandledPromptBehavior: , version: 131.0.6778.140, webStorageEnabled: true}
Session ID: fe375541e2e90f8372dd69d5c61b3e12
*** Element info: {Using=xpath, value=//*[@id="specimen-info"]/div[3]/div/div[2]/div[1]/span}

2024-12-13 17:10:23 INFO  ScreenshotListeners:29 - 
================:  presence Of Scan Time Text On R B C Tab :====================

2024-12-13 17:10:23 ERROR BrowserSetUp:182 - presenceOfScanTimeTextOnRBCTab -> FAILED due to below issues :
org.openqa.selenium.WebDriverException: chrome not reachable
  (Session info: chrome=131.0.6778.140)
  (Driver info: chromedriver=2.43.600229 (3fae4d0cda5334b4f533bede5a4787f7b832d052),platform=Mac OS X 10.16.0 x86_64) (WARNING: The server did not provide any stacktrace information)
Command duration or timeout: 0 milliseconds
Build info: version: '3.141.59', revision: 'e82be7d358', time: '2018-11-14T08:17:03'
System info: host: 'Nehas-MacBook-Pro.local', ip: '192.168.0.26', os.name: 'Mac OS X', os.arch: 'x86_64', os.version: '13.7.1', java.version: '22.0.1'
Driver info: org.openqa.selenium.chrome.ChromeDriver
Capabilities {acceptInsecureCerts: true, acceptSslCerts: true, applicationCacheEnabled: false, browserConnectionEnabled: false, browserName: chrome, chrome: {chromedriverVersion: 2.43.600229 (3fae4d0cda5334..., userDataDir: /var/folders/lq/hsr567kj1sx...}, cssSelectorsEnabled: true, databaseEnabled: false, goog:chromeOptions: {debuggerAddress: localhost:50272}, handlesAlerts: true, hasTouchScreen: false, javascriptEnabled: true, locationContextEnabled: true, mobileEmulationEnabled: false, nativeEvents: true, networkConnectionEnabled: false, pageLoadStrategy: normal, platform: MAC, platformName: MAC, rotatable: false, setWindowRect: true, takesHeapSnapshot: true, takesScreenshot: true, unexpectedAlertBehaviour: , unhandledPromptBehavior: , version: 131.0.6778.140, webStorageEnabled: true}
Session ID: fe375541e2e90f8372dd69d5c61b3e12
*** Element info: {Using=xpath, value=//span[contains(text(),'Scan time')]}

2024-12-13 17:10:23 INFO  ScreenshotListeners:29 - 
================:  presence Of Scanned By Text On Rbc Tab :====================

2024-12-13 17:10:23 ERROR BrowserSetUp:182 - presenceOfScannedByTextOnRbcTab -> FAILED due to below issues :
org.openqa.selenium.WebDriverException: chrome not reachable
  (Session info: chrome=131.0.6778.140)
  (Driver info: chromedriver=2.43.600229 (3fae4d0cda5334b4f533bede5a4787f7b832d052),platform=Mac OS X 10.16.0 x86_64) (WARNING: The server did not provide any stacktrace information)
Command duration or timeout: 0 milliseconds
Build info: version: '3.141.59', revision: 'e82be7d358', time: '2018-11-14T08:17:03'
System info: host: 'Nehas-MacBook-Pro.local', ip: '192.168.0.26', os.name: 'Mac OS X', os.arch: 'x86_64', os.version: '13.7.1', java.version: '22.0.1'
Driver info: org.openqa.selenium.chrome.ChromeDriver
Capabilities {acceptInsecureCerts: true, acceptSslCerts: true, applicationCacheEnabled: false, browserConnectionEnabled: false, browserName: chrome, chrome: {chromedriverVersion: 2.43.600229 (3fae4d0cda5334..., userDataDir: /var/folders/lq/hsr567kj1sx...}, cssSelectorsEnabled: true, databaseEnabled: false, goog:chromeOptions: {debuggerAddress: localhost:50272}, handlesAlerts: true, hasTouchScreen: false, javascriptEnabled: true, locationContextEnabled: true, mobileEmulationEnabled: false, nativeEvents: true, networkConnectionEnabled: false, pageLoadStrategy: normal, platform: MAC, platformName: MAC, rotatable: false, setWindowRect: true, takesHeapSnapshot: true, takesScreenshot: true, unexpectedAlertBehaviour: , unhandledPromptBehavior: , version: 131.0.6778.140, webStorageEnabled: true}
Session ID: fe375541e2e90f8372dd69d5c61b3e12
*** Element info: {Using=xpath, value=//span[contains(text(),'Scanned by')]}

2024-12-13 17:10:23 INFO  ScreenshotListeners:29 - 
================:  presence Of Scanned O N Text On Rbc Tab :====================

2024-12-13 17:10:23 ERROR BrowserSetUp:182 - presenceOfScannedONTextOnRbcTab -> FAILED due to below issues :
org.openqa.selenium.WebDriverException: chrome not reachable
  (Session info: chrome=131.0.6778.140)
  (Driver info: chromedriver=2.43.600229 (3fae4d0cda5334b4f533bede5a4787f7b832d052),platform=Mac OS X 10.16.0 x86_64) (WARNING: The server did not provide any stacktrace information)
Command duration or timeout: 0 milliseconds
Build info: version: '3.141.59', revision: 'e82be7d358', time: '2018-11-14T08:17:03'
System info: host: 'Nehas-MacBook-Pro.local', ip: '192.168.0.26', os.name: 'Mac OS X', os.arch: 'x86_64', os.version: '13.7.1', java.version: '22.0.1'
Driver info: org.openqa.selenium.chrome.ChromeDriver
Capabilities {acceptInsecureCerts: true, acceptSslCerts: true, applicationCacheEnabled: false, browserConnectionEnabled: false, browserName: chrome, chrome: {chromedriverVersion: 2.43.600229 (3fae4d0cda5334..., userDataDir: /var/folders/lq/hsr567kj1sx...}, cssSelectorsEnabled: true, databaseEnabled: false, goog:chromeOptions: {debuggerAddress: localhost:50272}, handlesAlerts: true, hasTouchScreen: false, javascriptEnabled: true, locationContextEnabled: true, mobileEmulationEnabled: false, nativeEvents: true, networkConnectionEnabled: false, pageLoadStrategy: normal, platform: MAC, platformName: MAC, rotatable: false, setWindowRect: true, takesHeapSnapshot: true, takesScreenshot: true, unexpectedAlertBehaviour: , unhandledPromptBehavior: , version: 131.0.6778.140, webStorageEnabled: true}
Session ID: fe375541e2e90f8372dd69d5c61b3e12
*** Element info: {Using=xpath, value=//span[contains(text(),'Scanned on')]}

2024-12-13 17:10:23 INFO  ScreenshotListeners:29 - 
================:  pop Up Close On R B C T Ab :====================

2024-12-13 17:10:23 ERROR BrowserSetUp:182 - popUpCloseOnRBCTAb -> FAILED due to below issues :
org.openqa.selenium.WebDriverException: chrome not reachable
  (Session info: chrome=131.0.6778.140)
  (Driver info: chromedriver=2.43.600229 (3fae4d0cda5334b4f533bede5a4787f7b832d052),platform=Mac OS X 10.16.0 x86_64) (WARNING: The server did not provide any stacktrace information)
Command duration or timeout: 0 milliseconds
Build info: version: '3.141.59', revision: 'e82be7d358', time: '2018-11-14T08:17:03'
System info: host: 'Nehas-MacBook-Pro.local', ip: '192.168.0.26', os.name: 'Mac OS X', os.arch: 'x86_64', os.version: '13.7.1', java.version: '22.0.1'
Driver info: org.openqa.selenium.chrome.ChromeDriver
Capabilities {acceptInsecureCerts: true, acceptSslCerts: true, applicationCacheEnabled: false, browserConnectionEnabled: false, browserName: chrome, chrome: {chromedriverVersion: 2.43.600229 (3fae4d0cda5334..., userDataDir: /var/folders/lq/hsr567kj1sx...}, cssSelectorsEnabled: true, databaseEnabled: false, goog:chromeOptions: {debuggerAddress: localhost:50272}, handlesAlerts: true, hasTouchScreen: false, javascriptEnabled: true, locationContextEnabled: true, mobileEmulationEnabled: false, nativeEvents: true, networkConnectionEnabled: false, pageLoadStrategy: normal, platform: MAC, platformName: MAC, rotatable: false, setWindowRect: true, takesHeapSnapshot: true, takesScreenshot: true, unexpectedAlertBehaviour: , unhandledPromptBehavior: , version: 131.0.6778.140, webStorageEnabled: true}
Session ID: fe375541e2e90f8372dd69d5c61b3e12
*** Element info: {Using=xpath, value=/html/body/div[2]/div[3]/div/div[1]/div[2]/button}

2024-12-13 17:10:23 INFO  ScreenshotListeners:29 - 
================:  verify Presence Of Slide Details On Platelet Tab :====================

2024-12-13 17:10:23 ERROR BrowserSetUp:182 - verifyPresenceOfSlideDetailsOnPlateletTab -> FAILED due to below issues :
org.openqa.selenium.WebDriverException: chrome not reachable
  (Session info: chrome=131.0.6778.140)
  (Driver info: chromedriver=2.43.600229 (3fae4d0cda5334b4f533bede5a4787f7b832d052),platform=Mac OS X 10.16.0 x86_64) (WARNING: The server did not provide any stacktrace information)
Command duration or timeout: 0 milliseconds
Build info: version: '3.141.59', revision: 'e82be7d358', time: '2018-11-14T08:17:03'
System info: host: 'Nehas-MacBook-Pro.local', ip: '192.168.0.26', os.name: 'Mac OS X', os.arch: 'x86_64', os.version: '13.7.1', java.version: '22.0.1'
Driver info: org.openqa.selenium.chrome.ChromeDriver
Capabilities {acceptInsecureCerts: true, acceptSslCerts: true, applicationCacheEnabled: false, browserConnectionEnabled: false, browserName: chrome, chrome: {chromedriverVersion: 2.43.600229 (3fae4d0cda5334..., userDataDir: /var/folders/lq/hsr567kj1sx...}, cssSelectorsEnabled: true, databaseEnabled: false, goog:chromeOptions: {debuggerAddress: localhost:50272}, handlesAlerts: true, hasTouchScreen: false, javascriptEnabled: true, locationContextEnabled: true, mobileEmulationEnabled: false, nativeEvents: true, networkConnectionEnabled: false, pageLoadStrategy: normal, platform: MAC, platformName: MAC, rotatable: false, setWindowRect: true, takesHeapSnapshot: true, takesScreenshot: true, unexpectedAlertBehaviour: , unhandledPromptBehavior: , version: 131.0.6778.140, webStorageEnabled: true}
Session ID: fe375541e2e90f8372dd69d5c61b3e12
*** Element info: {Using=id, value=assigned_to}

2024-12-13 17:10:23 INFO  ScreenshotListeners:29 - 
================:  presence Of Scan Image Area On Platelet Tab :====================

2024-12-13 17:10:23 ERROR BrowserSetUp:182 - presenceOfScanImageAreaOnPlateletTab -> FAILED due to below issues :
org.openqa.selenium.WebDriverException: chrome not reachable
  (Session info: chrome=131.0.6778.140)
  (Driver info: chromedriver=2.43.600229 (3fae4d0cda5334b4f533bede5a4787f7b832d052),platform=Mac OS X 10.16.0 x86_64) (WARNING: The server did not provide any stacktrace information)
Command duration or timeout: 0 milliseconds
Build info: version: '3.141.59', revision: 'e82be7d358', time: '2018-11-14T08:17:03'
System info: host: 'Nehas-MacBook-Pro.local', ip: '192.168.0.26', os.name: 'Mac OS X', os.arch: 'x86_64', os.version: '13.7.1', java.version: '22.0.1'
Driver info: org.openqa.selenium.chrome.ChromeDriver
Capabilities {acceptInsecureCerts: true, acceptSslCerts: true, applicationCacheEnabled: false, browserConnectionEnabled: false, browserName: chrome, chrome: {chromedriverVersion: 2.43.600229 (3fae4d0cda5334..., userDataDir: /var/folders/lq/hsr567kj1sx...}, cssSelectorsEnabled: true, databaseEnabled: false, goog:chromeOptions: {debuggerAddress: localhost:50272}, handlesAlerts: true, hasTouchScreen: false, javascriptEnabled: true, locationContextEnabled: true, mobileEmulationEnabled: false, nativeEvents: true, networkConnectionEnabled: false, pageLoadStrategy: normal, platform: MAC, platformName: MAC, rotatable: false, setWindowRect: true, takesHeapSnapshot: true, takesScreenshot: true, unexpectedAlertBehaviour: , unhandledPromptBehavior: , version: 131.0.6778.140, webStorageEnabled: true}
Session ID: fe375541e2e90f8372dd69d5c61b3e12
*** Element info: {Using=xpath, value=//*[@id="specimen-info"]/div[3]/div/div[2]/div[1]/span}

2024-12-13 17:10:23 INFO  ScreenshotListeners:29 - 
================:  presence Of Scan Time Text On Platelet Tab :====================

2024-12-13 17:10:23 ERROR BrowserSetUp:182 - presenceOfScanTimeTextOnPlateletTab -> FAILED due to below issues :
org.openqa.selenium.WebDriverException: chrome not reachable
  (Session info: chrome=131.0.6778.140)
  (Driver info: chromedriver=2.43.600229 (3fae4d0cda5334b4f533bede5a4787f7b832d052),platform=Mac OS X 10.16.0 x86_64) (WARNING: The server did not provide any stacktrace information)
Command duration or timeout: 0 milliseconds
Build info: version: '3.141.59', revision: 'e82be7d358', time: '2018-11-14T08:17:03'
System info: host: 'Nehas-MacBook-Pro.local', ip: '192.168.0.26', os.name: 'Mac OS X', os.arch: 'x86_64', os.version: '13.7.1', java.version: '22.0.1'
Driver info: org.openqa.selenium.chrome.ChromeDriver
Capabilities {acceptInsecureCerts: true, acceptSslCerts: true, applicationCacheEnabled: false, browserConnectionEnabled: false, browserName: chrome, chrome: {chromedriverVersion: 2.43.600229 (3fae4d0cda5334..., userDataDir: /var/folders/lq/hsr567kj1sx...}, cssSelectorsEnabled: true, databaseEnabled: false, goog:chromeOptions: {debuggerAddress: localhost:50272}, handlesAlerts: true, hasTouchScreen: false, javascriptEnabled: true, locationContextEnabled: true, mobileEmulationEnabled: false, nativeEvents: true, networkConnectionEnabled: false, pageLoadStrategy: normal, platform: MAC, platformName: MAC, rotatable: false, setWindowRect: true, takesHeapSnapshot: true, takesScreenshot: true, unexpectedAlertBehaviour: , unhandledPromptBehavior: , version: 131.0.6778.140, webStorageEnabled: true}
Session ID: fe375541e2e90f8372dd69d5c61b3e12
*** Element info: {Using=xpath, value=//span[contains(text(),'Scan time')]}

2024-12-13 17:10:23 INFO  ScreenshotListeners:29 - 
================:  presence Of Scanned By Text On Platelet Tab :====================

2024-12-13 17:10:23 ERROR BrowserSetUp:182 - presenceOfScannedByTextOnPlateletTab -> FAILED due to below issues :
org.openqa.selenium.WebDriverException: chrome not reachable
  (Session info: chrome=131.0.6778.140)
  (Driver info: chromedriver=2.43.600229 (3fae4d0cda5334b4f533bede5a4787f7b832d052),platform=Mac OS X 10.16.0 x86_64) (WARNING: The server did not provide any stacktrace information)
Command duration or timeout: 0 milliseconds
Build info: version: '3.141.59', revision: 'e82be7d358', time: '2018-11-14T08:17:03'
System info: host: 'Nehas-MacBook-Pro.local', ip: '192.168.0.26', os.name: 'Mac OS X', os.arch: 'x86_64', os.version: '13.7.1', java.version: '22.0.1'
Driver info: org.openqa.selenium.chrome.ChromeDriver
Capabilities {acceptInsecureCerts: true, acceptSslCerts: true, applicationCacheEnabled: false, browserConnectionEnabled: false, browserName: chrome, chrome: {chromedriverVersion: 2.43.600229 (3fae4d0cda5334..., userDataDir: /var/folders/lq/hsr567kj1sx...}, cssSelectorsEnabled: true, databaseEnabled: false, goog:chromeOptions: {debuggerAddress: localhost:50272}, handlesAlerts: true, hasTouchScreen: false, javascriptEnabled: true, locationContextEnabled: true, mobileEmulationEnabled: false, nativeEvents: true, networkConnectionEnabled: false, pageLoadStrategy: normal, platform: MAC, platformName: MAC, rotatable: false, setWindowRect: true, takesHeapSnapshot: true, takesScreenshot: true, unexpectedAlertBehaviour: , unhandledPromptBehavior: , version: 131.0.6778.140, webStorageEnabled: true}
Session ID: fe375541e2e90f8372dd69d5c61b3e12
*** Element info: {Using=xpath, value=//span[contains(text(),'Scanned by')]}

2024-12-13 17:10:23 INFO  ScreenshotListeners:29 - 
================:  presence Of Scanned O N Text On Platelet Tab :====================

2024-12-13 17:10:23 ERROR BrowserSetUp:182 - presenceOfScannedONTextOnPlateletTab -> FAILED due to below issues :
org.openqa.selenium.WebDriverException: chrome not reachable
  (Session info: chrome=131.0.6778.140)
  (Driver info: chromedriver=2.43.600229 (3fae4d0cda5334b4f533bede5a4787f7b832d052),platform=Mac OS X 10.16.0 x86_64) (WARNING: The server did not provide any stacktrace information)
Command duration or timeout: 0 milliseconds
Build info: version: '3.141.59', revision: 'e82be7d358', time: '2018-11-14T08:17:03'
System info: host: 'Nehas-MacBook-Pro.local', ip: '192.168.0.26', os.name: 'Mac OS X', os.arch: 'x86_64', os.version: '13.7.1', java.version: '22.0.1'
Driver info: org.openqa.selenium.chrome.ChromeDriver
Capabilities {acceptInsecureCerts: true, acceptSslCerts: true, applicationCacheEnabled: false, browserConnectionEnabled: false, browserName: chrome, chrome: {chromedriverVersion: 2.43.600229 (3fae4d0cda5334..., userDataDir: /var/folders/lq/hsr567kj1sx...}, cssSelectorsEnabled: true, databaseEnabled: false, goog:chromeOptions: {debuggerAddress: localhost:50272}, handlesAlerts: true, hasTouchScreen: false, javascriptEnabled: true, locationContextEnabled: true, mobileEmulationEnabled: false, nativeEvents: true, networkConnectionEnabled: false, pageLoadStrategy: normal, platform: MAC, platformName: MAC, rotatable: false, setWindowRect: true, takesHeapSnapshot: true, takesScreenshot: true, unexpectedAlertBehaviour: , unhandledPromptBehavior: , version: 131.0.6778.140, webStorageEnabled: true}
Session ID: fe375541e2e90f8372dd69d5c61b3e12
*** Element info: {Using=xpath, value=//span[contains(text(),'Scanned on')]}

2024-12-13 17:10:23 INFO  ScreenshotListeners:29 - 
================:  pop Up Close On Platelet T Ab :====================

2024-12-13 17:10:23 ERROR BrowserSetUp:182 - popUpCloseOnPlateletTAb -> FAILED due to below issues :
org.openqa.selenium.WebDriverException: chrome not reachable
  (Session info: chrome=131.0.6778.140)
  (Driver info: chromedriver=2.43.600229 (3fae4d0cda5334b4f533bede5a4787f7b832d052),platform=Mac OS X 10.16.0 x86_64) (WARNING: The server did not provide any stacktrace information)
Command duration or timeout: 0 milliseconds
Build info: version: '3.141.59', revision: 'e82be7d358', time: '2018-11-14T08:17:03'
System info: host: 'Nehas-MacBook-Pro.local', ip: '192.168.0.26', os.name: 'Mac OS X', os.arch: 'x86_64', os.version: '13.7.1', java.version: '22.0.1'
Driver info: org.openqa.selenium.chrome.ChromeDriver
Capabilities {acceptInsecureCerts: true, acceptSslCerts: true, applicationCacheEnabled: false, browserConnectionEnabled: false, browserName: chrome, chrome: {chromedriverVersion: 2.43.600229 (3fae4d0cda5334..., userDataDir: /var/folders/lq/hsr567kj1sx...}, cssSelectorsEnabled: true, databaseEnabled: false, goog:chromeOptions: {debuggerAddress: localhost:50272}, handlesAlerts: true, hasTouchScreen: false, javascriptEnabled: true, locationContextEnabled: true, mobileEmulationEnabled: false, nativeEvents: true, networkConnectionEnabled: false, pageLoadStrategy: normal, platform: MAC, platformName: MAC, rotatable: false, setWindowRect: true, takesHeapSnapshot: true, takesScreenshot: true, unexpectedAlertBehaviour: , unhandledPromptBehavior: , version: 131.0.6778.140, webStorageEnabled: true}
Session ID: fe375541e2e90f8372dd69d5c61b3e12
*** Element info: {Using=xpath, value=/html/body/div[2]/div[3]/div/div[1]/div[2]/button}

2024-12-13 17:10:23 INFO  ScreenshotListeners:29 - 
================:  approve And Reject Button Displayed And Its Enabled :====================

2024-12-13 17:10:25 ERROR BrowserSetUp:182 - approveAndRejectButtonDisplayedAndItsEnabled -> FAILED due to below issues :
org.openqa.selenium.WebDriverException: chrome not reachable
  (Session info: chrome=131.0.6778.140)
  (Driver info: chromedriver=2.43.600229 (3fae4d0cda5334b4f533bede5a4787f7b832d052),platform=Mac OS X 10.16.0 x86_64) (WARNING: The server did not provide any stacktrace information)
Command duration or timeout: 0 milliseconds
Build info: version: '3.141.59', revision: 'e82be7d358', time: '2018-11-14T08:17:03'
System info: host: 'Nehas-MacBook-Pro.local', ip: '192.168.0.26', os.name: 'Mac OS X', os.arch: 'x86_64', os.version: '13.7.1', java.version: '22.0.1'
Driver info: org.openqa.selenium.chrome.ChromeDriver
Capabilities {acceptInsecureCerts: true, acceptSslCerts: true, applicationCacheEnabled: false, browserConnectionEnabled: false, browserName: chrome, chrome: {chromedriverVersion: 2.43.600229 (3fae4d0cda5334..., userDataDir: /var/folders/lq/hsr567kj1sx...}, cssSelectorsEnabled: true, databaseEnabled: false, goog:chromeOptions: {debuggerAddress: localhost:50272}, handlesAlerts: true, hasTouchScreen: false, javascriptEnabled: true, locationContextEnabled: true, mobileEmulationEnabled: false, nativeEvents: true, networkConnectionEnabled: false, pageLoadStrategy: normal, platform: MAC, platformName: MAC, rotatable: false, setWindowRect: true, takesHeapSnapshot: true, takesScreenshot: true, unexpectedAlertBehaviour: , unhandledPromptBehavior: , version: 131.0.6778.140, webStorageEnabled: true}
Session ID: fe375541e2e90f8372dd69d5c61b3e12
*** Element info: {Using=xpath, value=/html/body/div/div/div[2]/div[1]/div[1]/div[1]/button[2]/span[contains(text(),'WBC')]}

2024-12-13 17:10:25 INFO  ScreenshotListeners:29 - 
================:  approve And Reject Button Displayed And Its Enabled On Rbc Tab :====================

2024-12-13 17:10:27 ERROR BrowserSetUp:182 - approveAndRejectButtonDisplayedAndItsEnabledOnRbcTab -> FAILED due to below issues :
org.openqa.selenium.WebDriverException: chrome not reachable
  (Session info: chrome=131.0.6778.140)
  (Driver info: chromedriver=2.43.600229 (3fae4d0cda5334b4f533bede5a4787f7b832d052),platform=Mac OS X 10.16.0 x86_64) (WARNING: The server did not provide any stacktrace information)
Command duration or timeout: 0 milliseconds
Build info: version: '3.141.59', revision: 'e82be7d358', time: '2018-11-14T08:17:03'
System info: host: 'Nehas-MacBook-Pro.local', ip: '192.168.0.26', os.name: 'Mac OS X', os.arch: 'x86_64', os.version: '13.7.1', java.version: '22.0.1'
Driver info: org.openqa.selenium.chrome.ChromeDriver
Capabilities {acceptInsecureCerts: true, acceptSslCerts: true, applicationCacheEnabled: false, browserConnectionEnabled: false, browserName: chrome, chrome: {chromedriverVersion: 2.43.600229 (3fae4d0cda5334..., userDataDir: /var/folders/lq/hsr567kj1sx...}, cssSelectorsEnabled: true, databaseEnabled: false, goog:chromeOptions: {debuggerAddress: localhost:50272}, handlesAlerts: true, hasTouchScreen: false, javascriptEnabled: true, locationContextEnabled: true, mobileEmulationEnabled: false, nativeEvents: true, networkConnectionEnabled: false, pageLoadStrategy: normal, platform: MAC, platformName: MAC, rotatable: false, setWindowRect: true, takesHeapSnapshot: true, takesScreenshot: true, unexpectedAlertBehaviour: , unhandledPromptBehavior: , version: 131.0.6778.140, webStorageEnabled: true}
Session ID: fe375541e2e90f8372dd69d5c61b3e12
*** Element info: {Using=xpath, value=/html/body/div/div/div[2]/div[1]/div[1]/div[1]/button[3]/span[contains(text(),'RBC')]}

2024-12-13 17:10:27 INFO  ScreenshotListeners:29 - 
================:  approve And Reject Button Displayed And Its Enabled On Platelet Tab :====================

