2025-01-10 13:30:22 INFO  ScreenshotListeners:29 - 
================:  valid Login :====================

2025-01-10 13:30:28 ERROR BrowserSetUp:182 - validLogin -> FAILED due to below issues :
org.openqa.selenium.NoSuchElementException: no such element: Unable to locate element: {"method":"xpath","selector":"//span[contains(text(),'My reports')]"}
  (Session info: chrome=131.0.6778.205)
  (Driver info: chromedriver=2.43.600229 (3fae4d0cda5334b4f533bede5a4787f7b832d052),platform=Mac OS X 10.16.0 x86_64) (WARNING: The server did not provide any stacktrace information)
Command duration or timeout: 0 milliseconds
For documentation on this error, please visit: https://www.seleniumhq.org/exceptions/no_such_element.html
Build info: version: '3.141.59', revision: 'e82be7d358', time: '2018-11-14T08:17:03'
System info: host: 'Nehas-MBP', ip: '192.168.0.177', os.name: 'Mac OS X', os.arch: 'x86_64', os.version: '13.7.1', java.version: '22.0.1'
Driver info: org.openqa.selenium.chrome.ChromeDriver
Capabilities {acceptInsecureCerts: true, acceptSslCerts: true, applicationCacheEnabled: false, browserConnectionEnabled: false, browserName: chrome, chrome: {chromedriverVersion: 2.43.600229 (3fae4d0cda5334..., userDataDir: /var/folders/lq/hsr567kj1sx...}, cssSelectorsEnabled: true, databaseEnabled: false, goog:chromeOptions: {debuggerAddress: localhost:50317}, handlesAlerts: true, hasTouchScreen: false, javascriptEnabled: true, locationContextEnabled: true, mobileEmulationEnabled: false, nativeEvents: true, networkConnectionEnabled: false, pageLoadStrategy: normal, platform: MAC, platformName: MAC, rotatable: false, setWindowRect: true, takesHeapSnapshot: true, takesScreenshot: true, unexpectedAlertBehaviour: , unhandledPromptBehavior: , version: 131.0.6778.205, webStorageEnabled: true}
Session ID: 4081bbda3277db62f4fc3b181a8e37b5
*** Element info: {Using=xpath, value=//span[contains(text(),'My reports')]}

2025-01-10 13:30:28 INFO  BrowserSetUp:192 - Screenshot for this failed method : Screenshot/validLogin.png
2025-01-10 13:30:28 INFO  ScreenshotListeners:29 - 
================:  verify Selction Of W B C Tab :====================

2025-01-10 13:30:33 INFO  CommonMethods:50 - clicked on tab successfully
2025-01-10 13:30:34 INFO  WBCParameters:43 - WBC
2025-01-10 13:30:34 INFO  WBCParametersTest:43 - WBC tab is present and selected
2025-01-10 13:30:34 INFO  ScreenshotListeners:29 - 
================:  verify The Column Present In The W B C Tab :====================

2025-01-10 13:30:34 INFO  WBCParameters:56 - ,Cell name,Count,%
2025-01-10 13:30:34 INFO  WBCParametersTest:50 - WBC tab is present and selected
2025-01-10 13:30:34 INFO  ScreenshotListeners:29 - 
================:  verify W B C Cells Names :====================

2025-01-10 13:30:34 INFO  WBCParameters:68 - ,Neutrophils,Band Forms,Hypersegmented*,Neutrophils with Toxic Granules*,Lymphocytes,Reactive,Large Granular Lymphocytes*,Eosinophils,Monocytes,Basophils,Atypical Cells/Blasts,Atypical Cells*,Lymphoid Blasts*,Myeloid Blasts*,Immature Granulocytes,Promyelocytes,Myelocytes,Metamyelocytes,Immature Eosinophils*,Immature Basophils*,Promonocytes*,Prolymphocytes*,Hairy Cells*,Sezary Cells*,Plasma Cells*,Others*,Total,Non-WBC,NRBC,Smudge Cells,Degenerate Cells,Stain Artefacts,Unclassified,Rejected
2025-01-10 13:30:34 INFO  WBCParametersTest:57 - WBC tab is present and selected
2025-01-10 13:30:34 INFO  ScreenshotListeners:29 - 
================:  verify The W B C Cell Count Is Equal To Total Count :====================

2025-01-10 13:30:35 INFO  WBCParameters:97 - WBC cell counts are equals to the total count Actual count: 236 Expected total count: 236
2025-01-10 13:30:35 INFO  WBCParametersTest:65 - sum of WBC coutns are eqaul to the total count
2025-01-10 13:30:35 INFO  ScreenshotListeners:29 - 
================:  verify Manual Sub Classification Message :====================

2025-01-10 13:30:35 INFO  WBCParametersTest:72 - * Manual sub-classification message is present
2025-01-10 13:30:35 INFO  ScreenshotListeners:29 - 
================:  Verify The Functionality Of N L R Value Calculation :====================

2025-01-10 13:31:05 ERROR BrowserSetUp:182 - VerifyTheFunctionalityOfNLRValueCalculation -> FAILED due to below issues :
org.openqa.selenium.TimeoutException: Expected condition failed: waiting for visibility of element located by By.xpath: //div[@class="nlr-tag"]/span (tried for 30 second(s) with 500 milliseconds interval)

2025-01-10 13:31:06 INFO  BrowserSetUp:192 - Screenshot for this failed method : Screenshot/VerifyTheFunctionalityOfNLRValueCalculation.png
2025-01-10 13:31:06 INFO  ScreenshotListeners:29 - 
================:  Verify The Reclassification Of W B C To Large Platelet :====================

2025-01-10 13:31:11 INFO  CommonMethods:50 - clicked on tab successfully
2025-01-10 13:31:16 INFO  CommonMethods:50 - clicked on tab successfully
2025-01-10 13:31:16 INFO  WBCParametersTest:94 - after reclassification , count of neutrophils is verified for all the other cells
2025-01-10 13:31:16 INFO  ScreenshotListeners:29 - 
================:  Verify The Reclassification Of W B C To Platelet Clumps :====================

2025-01-10 13:31:16 INFO  WBCParametersTest:102 - after reclassification , count of neutrophils is verified for all the other cells
2025-01-10 13:31:16 INFO  ScreenshotListeners:29 - 
================:  presence Of Count Sub Tab In Platelet :====================

2025-01-10 13:31:21 INFO  CommonMethods:50 - clicked on tab successfully
2025-01-10 13:31:21 INFO  ReviewPatchesInPatchViewAndSplitView:49 - count sub tab is present on platelet 
2025-01-10 13:31:21 INFO  ReviewPatchesInPatchViewAndSplitViewTest:58 - Count tab is present on platelet 
2025-01-10 13:31:21 INFO  ScreenshotListeners:29 - 
================:  presence Of Morphology :====================

2025-01-10 13:31:21 INFO  ReviewPatchesInPatchViewAndSplitViewTest:65 - Morphology tab is present on platelet main tab
2025-01-10 13:31:21 INFO  ScreenshotListeners:29 - 
================:  selection Of Fovs :====================

2025-01-10 13:31:28 ERROR ReviewPatchesInPatchViewAndSplitView:92 - Mismatch in FOV navigation for FOV 1. Expected: FOV 1 / 10, but found: FOV 2 / 10
2025-01-10 13:31:28 ERROR BrowserSetUp:182 - selectionOfFovs -> FAILED due to below issues :
java.lang.AssertionError: expected [true] but found [false]

2025-01-10 13:31:29 INFO  BrowserSetUp:192 - Screenshot for this failed method : Screenshot/selectionOfFovs.png
2025-01-10 13:31:29 INFO  ScreenshotListeners:29 - 
================:  edit The N M G Value :====================

2025-01-10 13:35:56 INFO  ReviewPatchesInPatchViewAndSplitViewTest:80 - user is able to change the n m g value on platelet tab
