2025-01-29 11:57:45 INFO  ScreenshotListeners:29 - 
================:  valid Login :====================

2025-01-29 11:57:52 INFO  LoginTest:49 - user Logged in successfully
2025-01-29 11:57:52 INFO  ScreenshotListeners:29 - 
================:  verify Sig Logo And P B S :====================

2025-01-29 11:57:52 INFO  VerifyTheListReportPage:46 - Sigtuple logo is Loaded .
2025-01-29 11:57:52 INFO  VerifyTheListReportPage:47 - PBS Text is loaded
2025-01-29 11:57:52 INFO  VerifyTheListReportPageTest:41 -  Sigtuple logo and PBS is Present on the page
2025-01-29 11:57:52 INFO  ScreenshotListeners:29 - 
================:  assign :====================

2025-01-29 11:58:04 INFO  VerifyTheListReportPage:670 - user is drop down is available
2025-01-29 11:58:04 INFO  SummaryTest:39 - Assign the report
2025-01-29 11:58:04 INFO  ScreenshotListeners:29 - 
================:  verify Selction Of W B C Tab :====================

2025-01-29 11:58:10 INFO  CommonMethods:52 - clicked on tab successfully
2025-01-29 11:58:10 INFO  WBCParameters:41 - WBC
2025-01-29 11:58:10 INFO  WBCParametersTest:43 - WBC tab is present and selected
2025-01-29 11:58:10 INFO  ScreenshotListeners:29 - 
================:  presence Of Count Sub Tab In Platelet :====================

2025-01-29 11:58:15 INFO  CommonMethods:52 - clicked on tab successfully
2025-01-29 11:58:15 INFO  ReviewPatchesInPatchViewAndSplitView:49 - count sub tab is present on platelet 
2025-01-29 11:58:15 INFO  ReviewPatchesInPatchViewAndSplitViewTest:58 - Count tab is present on platelet 
2025-01-29 11:58:15 INFO  ScreenshotListeners:29 - 
================:  presence Of Morphology :====================

2025-01-29 11:58:15 INFO  ReviewPatchesInPatchViewAndSplitViewTest:65 - Morphology tab is present on platelet main tab
2025-01-29 11:58:15 INFO  ScreenshotListeners:29 - 
================:  selection Of Fovs :====================

2025-01-29 11:58:22 INFO  ReviewPatchesInPatchViewAndSplitView:81 - FOV navigation is correct for FOV 1: FOV 1 / 10
2025-01-29 11:58:25 INFO  ReviewPatchesInPatchViewAndSplitView:81 - FOV navigation is correct for FOV 2: FOV 2 / 10
2025-01-29 11:58:28 INFO  ReviewPatchesInPatchViewAndSplitView:81 - FOV navigation is correct for FOV 3: FOV 3 / 10
2025-01-29 11:58:31 INFO  ReviewPatchesInPatchViewAndSplitView:81 - FOV navigation is correct for FOV 4: FOV 4 / 10
2025-01-29 11:58:34 INFO  ReviewPatchesInPatchViewAndSplitView:81 - FOV navigation is correct for FOV 5: FOV 5 / 10
2025-01-29 11:58:38 INFO  ReviewPatchesInPatchViewAndSplitView:81 - FOV navigation is correct for FOV 6: FOV 6 / 10
2025-01-29 11:58:41 INFO  ReviewPatchesInPatchViewAndSplitView:81 - FOV navigation is correct for FOV 7: FOV 7 / 10
2025-01-29 11:58:44 INFO  ReviewPatchesInPatchViewAndSplitView:81 - FOV navigation is correct for FOV 8: FOV 8 / 10
2025-01-29 11:58:47 INFO  ReviewPatchesInPatchViewAndSplitView:81 - FOV navigation is correct for FOV 9: FOV 9 / 10
2025-01-29 11:58:50 INFO  ReviewPatchesInPatchViewAndSplitView:81 - FOV navigation is correct for FOV 10: FOV 10 / 10
2025-01-29 11:58:50 INFO  ReviewPatchesInPatchViewAndSplitViewTest:72 - Selection of any fovs are verified on platelet count tab
2025-01-29 11:58:50 INFO  ScreenshotListeners:29 - 
================:  edit The N M G Value :====================

2025-01-29 12:10:15 INFO  ReviewPatchesInPatchViewAndSplitViewTest:80 - user is able to change the n m g value on platelet tab
2025-01-29 12:10:15 INFO  ScreenshotListeners:29 - 
================:  test Default Selection Of Split View :====================

2025-01-29 12:10:15 INFO  ReviewPatchesInPatchViewAndSplitView:140 - Split View is selected by default.
2025-01-29 12:10:15 INFO  ReviewPatchesInPatchViewAndSplitView:152 - Patch View is disabled.
2025-01-29 12:10:15 INFO  ReviewPatchesInPatchViewAndSplitViewTest:87 - Verify The Default selection of split view in the platelet count
2025-01-29 12:10:15 INFO  ScreenshotListeners:29 - 
================:  Verify Radio Btn Manual Level Platelet Count :====================

2025-01-29 12:12:22 INFO  ReviewPatchesInPatchViewAndSplitView:184 - Platelet Count Level field is enabled after selecting Manual Level.
2025-01-29 12:12:22 INFO  ReviewPatchesInPatchViewAndSplitViewTest:95 - Verify the selection of the manual platelet level radio button
2025-01-29 12:12:22 INFO  ScreenshotListeners:29 - 
================:  Verify The Select Manual Level Platelet Count :====================

2025-01-29 12:12:22 INFO  ReviewPatchesInPatchViewAndSplitView:206 - Manual radio button is already selected.
2025-01-29 12:12:22 INFO  ReviewPatchesInPatchViewAndSplitView:212 - Platelet Count Level field is enabled after selecting Manual Level.
2025-01-29 12:12:33 INFO  ReviewPatchesInPatchViewAndSplitView:220 - Platelet Count Level 'Increased' has been selected.
2025-01-29 12:12:33 INFO  ReviewPatchesInPatchViewAndSplitViewTest:101 - Verify the selection of the manual platelet level By clicking on the dropdown
2025-01-29 12:12:33 INFO  ScreenshotListeners:29 - 
================:  Verify The Warning Message When Platelet Count Detected :====================

2025-01-29 12:12:33 ERROR ReviewPatchesInPatchViewAndSplitView:298 - An error occurred while verifying the warning message for platelet clumps detected.
org.openqa.selenium.WebDriverException: unknown error: Element <button class="view-selection-btn" id="platelete...Tab">Morphology</button> is not clickable at point (142, 120). Other element would receive the click: <div aria-hidden="true" class="MuiBackdrop-root MuiBackdrop-invisible MuiModal-backdrop css-esi9ax" style="opacity: 0; transition: opacity 195ms cubic-bezier(0.4, 0, 0.2, 1);"></div>
  (Session info: chrome=132.0.6834.111)
  (Driver info: chromedriver=2.43.600229 (3fae4d0cda5334b4f533bede5a4787f7b832d052),platform=Mac OS X 10.16.0 x86_64) (WARNING: The server did not provide any stacktrace information)
Command duration or timeout: 0 milliseconds
Build info: version: '3.141.59', revision: 'e82be7d358', time: '2018-11-14T08:17:03'
System info: host: 'Macbook-Pro', ip: 'fe80:0:0:0:10ec:7e4c:24d5:5f4d%en0', os.name: 'Mac OS X', os.arch: 'x86_64', os.version: '13.7.2', java.version: '11.0.23'
Driver info: org.openqa.selenium.chrome.ChromeDriver
Capabilities {acceptInsecureCerts: true, acceptSslCerts: true, applicationCacheEnabled: false, browserConnectionEnabled: false, browserName: chrome, chrome: {chromedriverVersion: 2.43.600229 (3fae4d0cda5334..., userDataDir: /var/folders/bq/rhslv0zs6hl...}, cssSelectorsEnabled: true, databaseEnabled: false, goog:chromeOptions: {debuggerAddress: localhost:58005}, handlesAlerts: true, hasTouchScreen: false, javascriptEnabled: true, locationContextEnabled: true, mobileEmulationEnabled: false, nativeEvents: true, networkConnectionEnabled: false, pageLoadStrategy: normal, platform: MAC, platformName: MAC, rotatable: false, setWindowRect: true, takesHeapSnapshot: true, takesScreenshot: true, unexpectedAlertBehaviour: , unhandledPromptBehavior: , version: 132.0.6834.111, webStorageEnabled: true}
Session ID: e2d29795b23cdb0c360007e87643ecb5
	at java.base/jdk.internal.reflect.NativeConstructorAccessorImpl.newInstance0(Native Method)
	at java.base/jdk.internal.reflect.NativeConstructorAccessorImpl.newInstance(NativeConstructorAccessorImpl.java:62)
	at java.base/jdk.internal.reflect.DelegatingConstructorAccessorImpl.newInstance(DelegatingConstructorAccessorImpl.java:45)
	at java.base/java.lang.reflect.Constructor.newInstance(Constructor.java:490)
	at org.openqa.selenium.remote.ErrorHandler.createThrowable(ErrorHandler.java:214)
	at org.openqa.selenium.remote.ErrorHandler.throwIfResponseFailed(ErrorHandler.java:166)
	at org.openqa.selenium.remote.http.JsonHttpResponseCodec.reconstructValue(JsonHttpResponseCodec.java:40)
	at org.openqa.selenium.remote.http.AbstractHttpResponseCodec.decode(AbstractHttpResponseCodec.java:80)
	at org.openqa.selenium.remote.http.AbstractHttpResponseCodec.decode(AbstractHttpResponseCodec.java:44)
	at org.openqa.selenium.remote.HttpCommandExecutor.execute(HttpCommandExecutor.java:158)
	at org.openqa.selenium.remote.service.DriverCommandExecutor.execute(DriverCommandExecutor.java:83)
	at org.openqa.selenium.remote.RemoteWebDriver.execute(RemoteWebDriver.java:552)
	at org.openqa.selenium.remote.RemoteWebElement.execute(RemoteWebElement.java:285)
	at org.openqa.selenium.remote.RemoteWebElement.click(RemoteWebElement.java:84)
	at GenericMethodForAllTab.CommonMethods.clickOnSpecificSubTab(CommonMethods.java:654)
	at Platelet.ReviewPatchesInPatchViewAndSplitView.warningMsgForPlateletClumpsDetected(ReviewPatchesInPatchViewAndSplitView.java:273)
	at Platelet.ReviewPatchesInPatchViewAndSplitViewTest.VerifyTheWarningMessageWhenPlateletCountDetected(ReviewPatchesInPatchViewAndSplitViewTest.java:116)
	at java.base/jdk.internal.reflect.NativeMethodAccessorImpl.invoke0(Native Method)
	at java.base/jdk.internal.reflect.NativeMethodAccessorImpl.invoke(NativeMethodAccessorImpl.java:62)
	at java.base/jdk.internal.reflect.DelegatingMethodAccessorImpl.invoke(DelegatingMethodAccessorImpl.java:43)
	at java.base/java.lang.reflect.Method.invoke(Method.java:566)
	at org.testng.internal.MethodInvocationHelper.invokeMethod(MethodInvocationHelper.java:85)
	at org.testng.internal.Invoker.invokeMethod(Invoker.java:696)
	at org.testng.internal.Invoker.invokeTestMethod(Invoker.java:882)
	at org.testng.internal.Invoker.invokeTestMethods(Invoker.java:1189)
	at org.testng.internal.TestMethodWorker.invokeTestMethods(TestMethodWorker.java:124)
	at org.testng.internal.TestMethodWorker.run(TestMethodWorker.java:108)
	at org.testng.TestRunner.privateRun(TestRunner.java:767)
	at org.testng.TestRunner.run(TestRunner.java:617)
	at org.testng.SuiteRunner.runTest(SuiteRunner.java:348)
	at org.testng.SuiteRunner.runSequentially(SuiteRunner.java:343)
	at org.testng.SuiteRunner.privateRun(SuiteRunner.java:305)
	at org.testng.SuiteRunner.run(SuiteRunner.java:254)
	at org.testng.SuiteRunnerWorker.runSuite(SuiteRunnerWorker.java:52)
	at org.testng.SuiteRunnerWorker.run(SuiteRunnerWorker.java:86)
	at org.testng.TestNG.runSuitesSequentially(TestNG.java:1224)
	at org.testng.TestNG.runSuitesLocally(TestNG.java:1149)
	at org.testng.TestNG.run(TestNG.java:1057)
	at com.intellij.rt.testng.IDEARemoteTestNG.run(IDEARemoteTestNG.java:65)
	at com.intellij.rt.testng.RemoteTestNGStarter.main(RemoteTestNGStarter.java:105)
2025-01-29 12:12:33 ERROR BrowserSetUp:185 - VerifyTheWarningMessageWhenPlateletCountDetected -> FAILED due to below issues :
java.lang.AssertionError: expected [true] but found [false]

2025-01-29 12:12:36 INFO  BrowserSetUp:195 - Screenshot for this failed method : Screenshot/VerifyTheWarningMessageWhenPlateletCountDetected.png
