2024-12-17 18:15:07 INFO  ScreenshotListeners:29 - 
================:  valid Login :====================

2024-12-17 18:15:13 ERROR BrowserSetUp:182 - validLogin -> FAILED due to below issues :
org.openqa.selenium.NoSuchElementException: no such element: Unable to locate element: {"method":"xpath","selector":"//span[contains(text(),'My reports')]"}
  (Session info: chrome=131.0.6778.140)
  (Driver info: chromedriver=2.43.600229 (3fae4d0cda5334b4f533bede5a4787f7b832d052),platform=Mac OS X 10.16.0 x86_64) (WARNING: The server did not provide any stacktrace information)
Command duration or timeout: 0 milliseconds
For documentation on this error, please visit: https://www.seleniumhq.org/exceptions/no_such_element.html
Build info: version: '3.141.59', revision: 'e82be7d358', time: '2018-11-14T08:17:03'
System info: host: 'Nehas-MacBook-Pro.local', ip: '192.168.0.243', os.name: 'Mac OS X', os.arch: 'x86_64', os.version: '13.7.1', java.version: '22.0.1'
Driver info: org.openqa.selenium.chrome.ChromeDriver
Capabilities {acceptInsecureCerts: true, acceptSslCerts: true, applicationCacheEnabled: false, browserConnectionEnabled: false, browserName: chrome, chrome: {chromedriverVersion: 2.43.600229 (3fae4d0cda5334..., userDataDir: /var/folders/lq/hsr567kj1sx...}, cssSelectorsEnabled: true, databaseEnabled: false, goog:chromeOptions: {debuggerAddress: localhost:60935}, handlesAlerts: true, hasTouchScreen: false, javascriptEnabled: true, locationContextEnabled: true, mobileEmulationEnabled: false, nativeEvents: true, networkConnectionEnabled: false, pageLoadStrategy: normal, platform: MAC, platformName: MAC, rotatable: false, setWindowRect: true, takesHeapSnapshot: true, takesScreenshot: true, unexpectedAlertBehaviour: , unhandledPromptBehavior: , version: 131.0.6778.140, webStorageEnabled: true}
Session ID: 425dc633b285ea1256f29caa42e606f8
*** Element info: {Using=xpath, value=//span[contains(text(),'My reports')]}

2024-12-17 18:15:14 INFO  BrowserSetUp:192 - Screenshot for this failed method : Screenshot/validLogin.png
2024-12-17 18:15:14 INFO  ScreenshotListeners:29 - 
================:  verify Presence Of Slide Details On Summary Tab :====================

2024-12-17 18:15:16 INFO  ReportViewer:58 - slide details icon is clicked successfully
2024-12-17 18:15:16 INFO  ReportViewer:63 - same slide id is present on slide details tab
2024-12-17 18:15:16 INFO  ReportViewer:76 - Under review status found for assigned report on slide details pop up
2024-12-17 18:15:16 INFO  WBCParametersTest:52 - slide details icon are present on tab and its clickable
2024-12-17 18:15:16 INFO  ScreenshotListeners:29 - 
================:  presence Of Scan Image Area :====================

2024-12-17 18:15:16 INFO  ReportViewer:140 - slide image text and image is present on slide details pop up 
2024-12-17 18:15:16 INFO  WBCParametersTest:63 - slide image area present on slide details pop up is verified 
2024-12-17 18:15:16 INFO  ScreenshotListeners:29 - 
================:  presence Of Scan Time Text :====================

2024-12-17 18:15:17 INFO  WBCParametersTest:69 - 'scan time' text is verified on scan details pop up
2024-12-17 18:15:17 INFO  ScreenshotListeners:29 - 
================:  presence Of Scanned By Text :====================

2024-12-17 18:15:17 INFO  WBCParametersTest:76 -  presence of 'scanned by' text is verified on scan details pop up
2024-12-17 18:15:17 INFO  ScreenshotListeners:29 - 
================:  presence Of Scanned O N Text :====================

2024-12-17 18:15:17 INFO  WBCParametersTest:82 -  presence of 'scanned on' text is verified on scan details pop up
2024-12-17 18:15:17 INFO  ScreenshotListeners:29 - 
================:  pop Up Close On Summary Tab :====================

2024-12-17 18:15:17 INFO  WBCParametersTest:88 - pop up closed successfully on summary tab
2024-12-17 18:15:17 INFO  ScreenshotListeners:29 - 
================:  verify Presence Of Slide Details On W B C Tab :====================

2024-12-17 18:15:19 INFO  ReportViewer:58 - slide details icon is clicked successfully
2024-12-17 18:15:20 INFO  ReportViewer:63 - same slide id is present on slide details tab
2024-12-17 18:15:20 INFO  ReportViewer:76 - Under review status found for assigned report on slide details pop up
2024-12-17 18:15:20 INFO  WBCParametersTest:97 - slide details icon are present on tab and its clickable on WBC tab
2024-12-17 18:15:20 INFO  ScreenshotListeners:29 - 
================:  presence Of Scan Image Area On Wbc Tab :====================

2024-12-17 18:15:20 INFO  ReportViewer:140 - slide image text and image is present on slide details pop up 
2024-12-17 18:15:20 INFO  WBCParametersTest:103 - slide image area present on slide details pop up is verified on WBC tab 
2024-12-17 18:15:20 INFO  ScreenshotListeners:29 - 
================:  presence Of Scan Time Text On W B C Tab :====================

2024-12-17 18:15:20 INFO  WBCParametersTest:109 - 'scan time' text is verified on scan details pop up on WBC Tab
2024-12-17 18:15:20 INFO  ScreenshotListeners:29 - 
================:  presence Of Scanned By Text On Wbc Tab :====================

2024-12-17 18:15:20 INFO  WBCParametersTest:116 -  presence of 'scanned by' text is verified on scan details pop up on WBC tab
2024-12-17 18:15:20 INFO  ScreenshotListeners:29 - 
================:  presence Of Scanned O N Text On Wbc Tab :====================

2024-12-17 18:15:20 INFO  WBCParametersTest:122 -  presence of 'scanned on' text is verified on scan details pop up on WBC tab
2024-12-17 18:15:20 INFO  ScreenshotListeners:29 - 
================:  pop Up Close On W B C T Ab :====================

2024-12-17 18:15:20 INFO  WBCParametersTest:128 - pop uo closed successfully on summary tab on WBC Tab
2024-12-17 18:15:20 INFO  ScreenshotListeners:29 - 
================:  verify Presence Of Slide Details On R B C Tab :====================

2024-12-17 18:15:22 INFO  ReportViewer:58 - slide details icon is clicked successfully
2024-12-17 18:15:23 INFO  ReportViewer:63 - same slide id is present on slide details tab
2024-12-17 18:15:23 INFO  ReportViewer:76 - Under review status found for assigned report on slide details pop up
2024-12-17 18:15:23 INFO  WBCParametersTest:136 - slide details icon are present on tab and its clickable
2024-12-17 18:15:23 INFO  ScreenshotListeners:29 - 
================:  presence Of Scan Image Area On Rbc Tab :====================

2024-12-17 18:15:23 INFO  ReportViewer:140 - slide image text and image is present on slide details pop up 
2024-12-17 18:15:23 INFO  WBCParametersTest:143 - slide image area present on slide details pop up is verified on RBC tab 
2024-12-17 18:15:23 INFO  ScreenshotListeners:29 - 
================:  presence Of Scan Time Text On R B C Tab :====================

2024-12-17 18:15:23 INFO  WBCParametersTest:149 - 'scan time' text is verified on scan details pop up on RBC Tab
2024-12-17 18:15:23 INFO  ScreenshotListeners:29 - 
================:  presence Of Scanned By Text On Rbc Tab :====================

2024-12-17 18:15:23 INFO  WBCParametersTest:156 -  presence of 'scanned by' text is verified on scan details pop up on RBC tab
2024-12-17 18:15:23 INFO  ScreenshotListeners:29 - 
================:  presence Of Scanned O N Text On Rbc Tab :====================

2024-12-17 18:15:23 INFO  WBCParametersTest:162 -  presence of 'scanned on' text is verified on scan details pop up on RBC tab
2024-12-17 18:15:23 INFO  ScreenshotListeners:29 - 
================:  pop Up Close On R B C T Ab :====================

2024-12-17 18:15:23 INFO  WBCParametersTest:168 - pop uo closed successfully on summary tab on RBC Tab
2024-12-17 18:15:23 INFO  ScreenshotListeners:29 - 
================:  verify Presence Of Slide Details On Platelet Tab :====================

2024-12-17 18:15:25 INFO  ReportViewer:58 - slide details icon is clicked successfully
2024-12-17 18:15:26 INFO  ReportViewer:63 - same slide id is present on slide details tab
2024-12-17 18:15:26 INFO  ReportViewer:76 - Under review status found for assigned report on slide details pop up
2024-12-17 18:15:26 INFO  WBCParametersTest:175 - slide details icon are present on tab and its clickable
2024-12-17 18:15:26 INFO  ScreenshotListeners:29 - 
================:  presence Of Scan Image Area On Platelet Tab :====================

2024-12-17 18:15:26 INFO  ReportViewer:140 - slide image text and image is present on slide details pop up 
2024-12-17 18:15:26 INFO  WBCParametersTest:182 - slide image area present on slide details pop up is verified on Platelet tab 
2024-12-17 18:15:26 INFO  ScreenshotListeners:29 - 
================:  presence Of Scan Time Text On Platelet Tab :====================

2024-12-17 18:15:26 INFO  WBCParametersTest:188 - 'scan time' text is verified on scan details pop up on Platelet Tab
2024-12-17 18:15:26 INFO  ScreenshotListeners:29 - 
================:  presence Of Scanned By Text On Platelet Tab :====================

2024-12-17 18:15:26 INFO  WBCParametersTest:195 -  presence of 'scanned by' text is verified on scan details pop up on Platelet tab
2024-12-17 18:15:26 INFO  ScreenshotListeners:29 - 
================:  presence Of Scanned O N Text On Platelet Tab :====================

2024-12-17 18:15:26 INFO  WBCParametersTest:201 -  presence of 'scanned on' text is verified on scan details pop up on Platelet tab
2024-12-17 18:15:26 INFO  ScreenshotListeners:29 - 
================:  pop Up Close On Platelet T Ab :====================

2024-12-17 18:15:27 INFO  WBCParametersTest:207 - pop uo closed successfully on summary tab on Platelet Tab
2024-12-17 18:15:27 INFO  ScreenshotListeners:29 - 
================:  reference Tool Icon On Wbc :====================

2024-12-17 18:15:33 ERROR ReportViewer:308 - Error in referenceTool method: 
org.openqa.selenium.NoSuchElementException: no such element: Unable to locate element: {"method":"xpath","selector":"//img[@alt='line-tool']"}
  (Session info: chrome=131.0.6778.140)
  (Driver info: chromedriver=2.43.600229 (3fae4d0cda5334b4f533bede5a4787f7b832d052),platform=Mac OS X 10.16.0 x86_64) (WARNING: The server did not provide any stacktrace information)
Command duration or timeout: 0 milliseconds
For documentation on this error, please visit: https://www.seleniumhq.org/exceptions/no_such_element.html
Build info: version: '3.141.59', revision: 'e82be7d358', time: '2018-11-14T08:17:03'
System info: host: 'Nehas-MacBook-Pro.local', ip: '192.168.0.243', os.name: 'Mac OS X', os.arch: 'x86_64', os.version: '13.7.1', java.version: '22.0.1'
Driver info: org.openqa.selenium.chrome.ChromeDriver
Capabilities {acceptInsecureCerts: true, acceptSslCerts: true, applicationCacheEnabled: false, browserConnectionEnabled: false, browserName: chrome, chrome: {chromedriverVersion: 2.43.600229 (3fae4d0cda5334..., userDataDir: /var/folders/lq/hsr567kj1sx...}, cssSelectorsEnabled: true, databaseEnabled: false, goog:chromeOptions: {debuggerAddress: localhost:60935}, handlesAlerts: true, hasTouchScreen: false, javascriptEnabled: true, locationContextEnabled: true, mobileEmulationEnabled: false, nativeEvents: true, networkConnectionEnabled: false, pageLoadStrategy: normal, platform: MAC, platformName: MAC, rotatable: false, setWindowRect: true, takesHeapSnapshot: true, takesScreenshot: true, unexpectedAlertBehaviour: , unhandledPromptBehavior: , version: 131.0.6778.140, webStorageEnabled: true}
Session ID: 425dc633b285ea1256f29caa42e606f8
*** Element info: {Using=xpath, value=//img[@alt='line-tool']}
	at java.base/jdk.internal.reflect.DirectConstructorHandleAccessor.newInstance(DirectConstructorHandleAccessor.java:62)
	at java.base/java.lang.reflect.Constructor.newInstanceWithCaller(Constructor.java:502)
	at java.base/java.lang.reflect.Constructor.newInstance(Constructor.java:486)
	at org.openqa.selenium.remote.ErrorHandler.createThrowable(ErrorHandler.java:214)
	at org.openqa.selenium.remote.ErrorHandler.throwIfResponseFailed(ErrorHandler.java:166)
	at org.openqa.selenium.remote.http.JsonHttpResponseCodec.reconstructValue(JsonHttpResponseCodec.java:40)
	at org.openqa.selenium.remote.http.AbstractHttpResponseCodec.decode(AbstractHttpResponseCodec.java:80)
	at org.openqa.selenium.remote.http.AbstractHttpResponseCodec.decode(AbstractHttpResponseCodec.java:44)
	at org.openqa.selenium.remote.HttpCommandExecutor.execute(HttpCommandExecutor.java:158)
	at org.openqa.selenium.remote.service.DriverCommandExecutor.execute(DriverCommandExecutor.java:83)
	at org.openqa.selenium.remote.RemoteWebDriver.execute(RemoteWebDriver.java:552)
	at org.openqa.selenium.remote.RemoteWebDriver.findElement(RemoteWebDriver.java:323)
	at org.openqa.selenium.remote.RemoteWebDriver.findElementByXPath(RemoteWebDriver.java:428)
	at org.openqa.selenium.By$ByXPath.findElement(By.java:353)
	at org.openqa.selenium.remote.RemoteWebDriver.findElement(RemoteWebDriver.java:315)
	at ReportViewer.ReportViewer.presenceOfReferenceTool(ReportViewer.java:291)
	at ReportViewer.ReportViewerTest.referenceToolIconOnWbc(ReportViewerTest.java:278)
	at java.base/jdk.internal.reflect.DirectMethodHandleAccessor.invoke(DirectMethodHandleAccessor.java:103)
	at java.base/java.lang.reflect.Method.invoke(Method.java:580)
	at org.testng.internal.MethodInvocationHelper.invokeMethod(MethodInvocationHelper.java:85)
	at org.testng.internal.Invoker.invokeMethod(Invoker.java:696)
	at org.testng.internal.Invoker.invokeTestMethod(Invoker.java:882)
	at org.testng.internal.Invoker.invokeTestMethods(Invoker.java:1189)
	at org.testng.internal.TestMethodWorker.invokeTestMethods(TestMethodWorker.java:124)
	at org.testng.internal.TestMethodWorker.run(TestMethodWorker.java:108)
	at org.testng.TestRunner.privateRun(TestRunner.java:767)
	at org.testng.TestRunner.run(TestRunner.java:617)
	at org.testng.SuiteRunner.runTest(SuiteRunner.java:348)
	at org.testng.SuiteRunner.runSequentially(SuiteRunner.java:343)
	at org.testng.SuiteRunner.privateRun(SuiteRunner.java:305)
	at org.testng.SuiteRunner.run(SuiteRunner.java:254)
	at org.testng.SuiteRunnerWorker.runSuite(SuiteRunnerWorker.java:52)
	at org.testng.SuiteRunnerWorker.run(SuiteRunnerWorker.java:86)
	at org.testng.TestNG.runSuitesSequentially(TestNG.java:1224)
	at org.testng.TestNG.runSuitesLocally(TestNG.java:1149)
	at org.testng.TestNG.run(TestNG.java:1057)
	at com.intellij.rt.testng.IDEARemoteTestNG.run(IDEARemoteTestNG.java:66)
	at com.intellij.rt.testng.RemoteTestNGStarter.main(RemoteTestNGStarter.java:109)
2024-12-17 18:15:33 ERROR BrowserSetUp:182 - referenceToolIconOnWbc -> FAILED due to below issues :
java.lang.AssertionError: expected [true] but found [false]

2024-12-17 18:15:34 INFO  BrowserSetUp:192 - Screenshot for this failed method : Screenshot/referenceToolIconOnWbc.png
2024-12-17 18:15:34 INFO  ScreenshotListeners:29 - 
================:  selection Of Line Tool :====================

2024-12-17 18:15:40 INFO  ReportViewer:329 - Digital zoom only text is display on tab after selecting the linear line tool
2024-12-17 18:15:40 INFO  ReportViewer:330 - by default value (7) is appeared after clicking on linear/ circle line
2024-12-17 18:15:40 INFO  WBCParametersTest:289 - line tool is selected and digital zoom message is verified on WBC tab
2024-12-17 18:15:40 INFO  ScreenshotListeners:29 - 
================:  altering The Size Of Line On W B C :====================

2024-12-17 18:15:42 ERROR BrowserSetUp:182 - alteringTheSizeOfLineOnWBC -> FAILED due to below issues :
java.lang.AssertionError: expected [true] but found [false]

2024-12-17 18:15:42 INFO  BrowserSetUp:192 - Screenshot for this failed method : Screenshot/alteringTheSizeOfLineOnWBC.png
2024-12-17 18:15:42 INFO  ScreenshotListeners:29 - 
================:  deselecting The Line Tool :====================

2024-12-17 18:15:43 INFO  WBCParametersTest:303 - Linear button is deselected successfully on Wbc tab
2024-12-17 18:15:43 INFO  ScreenshotListeners:29 - 
================:  select And Deselect The Cell Name Check Box :====================

2024-12-17 18:16:13 ERROR BrowserSetUp:182 - selectAndDeselectTheCellNameCheckBox -> FAILED due to below issues :
java.lang.IndexOutOfBoundsException: Index 0 out of bounds for length 0

2024-12-17 18:16:13 INFO  BrowserSetUp:192 - Screenshot for this failed method : Screenshot/selectAndDeselectTheCellNameCheckBox.png
2024-12-17 18:16:13 INFO  ScreenshotListeners:29 - 
================:  reference Tool Bar O N Rbc Tab :====================

2024-12-17 18:16:18 INFO  ReportViewer:303 - Linear, circle, and zoom icons are present on microscopic view.
2024-12-17 18:16:18 INFO  WBCParametersTest:365 - verified the presence of linear tool bar on left side of microscopic view on rbc tab 
2024-12-17 18:16:18 INFO  ScreenshotListeners:29 - 
================:  selection Of Line Tool On R B C :====================

2024-12-17 18:16:22 INFO  ReportViewer:329 - Digital zoom only text is display on tab after selecting the linear line tool
2024-12-17 18:16:22 INFO  ReportViewer:330 - by default value (7) is appeared after clicking on linear/ circle line
2024-12-17 18:16:22 INFO  WBCParametersTest:375 - line tool is selected and digital zoom message is verified on RBC tab
2024-12-17 18:16:22 INFO  ScreenshotListeners:29 - 
================:  altering The Size Of Line On R B C :====================

2024-12-17 18:16:24 ERROR BrowserSetUp:182 - alteringTheSizeOfLineOnRBC -> FAILED due to below issues :
java.lang.AssertionError: expected [true] but found [false]

2024-12-17 18:16:25 INFO  BrowserSetUp:192 - Screenshot for this failed method : Screenshot/alteringTheSizeOfLineOnRBC.png
2024-12-17 18:16:25 INFO  ScreenshotListeners:29 - 
================:  alternation O F Circle Tool On Rbc :====================

2024-12-17 18:16:27 ERROR BrowserSetUp:182 - alternationOFCircleToolOnRbc -> FAILED due to below issues :
java.lang.AssertionError: expected [true] but found [false]

2024-12-17 18:16:27 INFO  BrowserSetUp:192 - Screenshot for this failed method : Screenshot/alternationOFCircleToolOnRbc.png
2024-12-17 18:16:27 INFO  ScreenshotListeners:29 - 
================:  deselecting The Line Tool On R B C :====================

2024-12-17 18:16:27 INFO  WBCParametersTest:388 - Linear button is deselected successfully on Rbc tab
2024-12-17 18:16:27 INFO  ScreenshotListeners:29 - 
================:  deselecting The Circle Tool On R B C :====================

2024-12-17 18:16:28 INFO  WBCParametersTest:408 - Linear button is deselected successfully on Rbc tab
2024-12-17 18:16:28 INFO  ScreenshotListeners:29 - 
================:  selection O Circle Tool On R B C :====================

2024-12-17 18:16:29 INFO  ReportViewer:329 - Digital zoom only text is display on tab after selecting the linear line tool
2024-12-17 18:16:29 INFO  ReportViewer:330 - by default value (7) is appeared after clicking on linear/ circle line
2024-12-17 18:16:29 INFO  WBCParametersTest:395 - circle tool is selected and digital zoom message is verified on RBC tab
2024-12-17 18:16:29 INFO  ScreenshotListeners:29 - 
================:  selection O Zoom Tool On R B C :====================

2024-12-17 18:16:29 INFO  ReportViewer:329 - Digital zoom only text is display on tab after selecting the linear line tool
2024-12-17 18:16:29 INFO  ReportViewer:330 - by default value (7) is appeared after clicking on linear/ circle line
2024-12-17 18:16:29 INFO  WBCParametersTest:414 - circle tool is selected and digital zoom message is visible on RBC tab
2024-12-17 18:16:29 INFO  ScreenshotListeners:29 - 
================:  alternation Of Zoom Level On Rbc :====================

2024-12-17 18:16:59 ERROR BrowserSetUp:182 - alternationOfZoomLevelOnRbc -> FAILED due to below issues :
java.lang.AssertionError: expected [true] but found [false]

2024-12-17 18:17:00 INFO  BrowserSetUp:192 - Screenshot for this failed method : Screenshot/alternationOfZoomLevelOnRbc.png
2024-12-17 18:17:00 INFO  ScreenshotListeners:29 - 
================:  deselecting The Zoom Level On R B C :====================

2024-12-17 18:17:00 INFO  WBCParametersTest:427 - Linear button is deselected successfully on Rbc tab
2024-12-17 18:17:00 INFO  ScreenshotListeners:29 - 
================:  select And Select The Cell Name Check Box O N W B C :====================

2024-12-17 18:17:35 ERROR BrowserSetUp:182 - selectAndSelectTheCellNameCheckBoxONWBC -> FAILED due to below issues :
java.lang.IndexOutOfBoundsException: Index 0 out of bounds for length 0

2024-12-17 18:17:36 INFO  BrowserSetUp:192 - Screenshot for this failed method : Screenshot/selectAndSelectTheCellNameCheckBoxONWBC.png
2024-12-17 18:17:36 INFO  ScreenshotListeners:29 - 
================:  reference Tool Bar On Plt Tab :====================

2024-12-17 18:17:58 INFO  ReportViewer:303 - Linear, circle, and zoom icons are present on microscopic view.
2024-12-17 18:17:58 INFO  WBCParametersTest:444 - verified the presence of linear tool bar on left side of microscopic view on plt tab 
2024-12-17 18:17:58 INFO  ScreenshotListeners:29 - 
================:  selection Of Line Tool On Platelet :====================

2024-12-17 18:18:05 INFO  ReportViewer:329 - Digital zoom only text is display on tab after selecting the linear line tool
2024-12-17 18:18:05 INFO  ReportViewer:330 - by default value (7) is appeared after clicking on linear/ circle line
2024-12-17 18:18:05 INFO  WBCParametersTest:452 - line tool is selected and digital zoom message is verified on Platelet tab
2024-12-17 18:18:05 INFO  ScreenshotListeners:29 - 
================:  altering The Size Of Line On P L T :====================

2024-12-17 18:18:08 ERROR BrowserSetUp:182 - alteringTheSizeOfLineOnPLT -> FAILED due to below issues :
java.lang.AssertionError: expected [true] but found [false]

2024-12-17 18:18:08 INFO  BrowserSetUp:192 - Screenshot for this failed method : Screenshot/alteringTheSizeOfLineOnPLT.png
2024-12-17 18:18:08 INFO  ScreenshotListeners:29 - 
================:  deselecting The Linear Tool On P L T :====================

2024-12-17 18:18:08 INFO  WBCParametersTest:466 - Linear button is deselected successfully on PLT tab
2024-12-17 18:18:08 INFO  ScreenshotListeners:29 - 
================:  selection O Circle Tool On Platelet :====================

2024-12-17 18:18:38 ERROR BrowserSetUp:182 - selectionOCircleToolOnPlatelet -> FAILED due to below issues :
org.openqa.selenium.TimeoutException: Expected condition failed: waiting for visibility of element located by By.xpath: //*[@id='root']/div/div[2]/div[2]/div/div/div[2]/div/main/div/div/main/div[3]/div/p (tried for 30 second(s) with 500 milliseconds interval)

2024-12-17 18:18:39 INFO  BrowserSetUp:192 - Screenshot for this failed method : Screenshot/selectionOCircleToolOnPlatelet.png
2024-12-17 18:18:39 INFO  ScreenshotListeners:29 - 
================:  alternation O F Circle Tool On P L T :====================

2024-12-17 18:19:09 ERROR BrowserSetUp:182 - alternationOFCircleToolOnPLT -> FAILED due to below issues :
org.openqa.selenium.TimeoutException: Expected condition failed: waiting for visibility of element located by By.xpath: //input[@id='outlined-start-adornment'] (tried for 30 second(s) with 500 milliseconds interval)

2024-12-17 18:19:09 INFO  BrowserSetUp:192 - Screenshot for this failed method : Screenshot/alternationOFCircleToolOnPLT.png
2024-12-17 18:19:09 INFO  ScreenshotListeners:29 - 
================:  deselecting The Circle Tool On P L T :====================

2024-12-17 18:19:09 INFO  WBCParametersTest:489 - Linear button is deselected successfully on PLT tab
2024-12-17 18:19:09 INFO  ScreenshotListeners:29 - 
================:  selection O Zoom Tool On Platelet :====================

2024-12-17 18:19:40 ERROR BrowserSetUp:182 - selectionOZoomToolOnPlatelet -> FAILED due to below issues :
org.openqa.selenium.TimeoutException: Expected condition failed: waiting for visibility of element located by By.xpath: //*[@id='root']/div/div[2]/div[2]/div/div/div[2]/div/main/div/div/main/div[3]/div/p (tried for 30 second(s) with 500 milliseconds interval)

2024-12-17 18:19:40 INFO  BrowserSetUp:192 - Screenshot for this failed method : Screenshot/selectionOZoomToolOnPlatelet.png
2024-12-17 18:19:40 INFO  ScreenshotListeners:29 - 
================:  alternation Of Zoom Level In Plt :====================

2024-12-17 18:19:41 INFO  ReportViewer:381 - After selection of 40x zoom, FOV is displaying below the zoom icon.
2024-12-17 18:19:41 INFO  WBCParametersTest:502 - alternation Of zoom level is verified on plt tab
2024-12-17 18:19:41 INFO  ScreenshotListeners:29 - 
================:  deselecting The Zoom Level On P L T :====================

2024-12-17 18:19:42 INFO  WBCParametersTest:508 - Linear button is deselected successfully on PLT tab
2024-12-17 18:19:42 INFO  ScreenshotListeners:29 - 
================:  select And Select The Cell Name Check Box On Plt C :====================

2024-12-17 18:19:51 ERROR BrowserSetUp:182 - selectAndSelectTheCellNameCheckBoxOnPltC -> FAILED due to below issues :
org.openqa.selenium.NoSuchWindowException: no such window: target window already closed
from unknown error: web view not found
  (Session info: chrome=131.0.6778.140)
  (Driver info: chromedriver=2.43.600229 (3fae4d0cda5334b4f533bede5a4787f7b832d052),platform=Mac OS X 10.16.0 x86_64) (WARNING: The server did not provide any stacktrace information)
Command duration or timeout: 0 milliseconds
Build info: version: '3.141.59', revision: 'e82be7d358', time: '2018-11-14T08:17:03'
System info: host: 'Nehas-MacBook-Pro.local', ip: '192.168.0.243', os.name: 'Mac OS X', os.arch: 'x86_64', os.version: '13.7.1', java.version: '22.0.1'
Driver info: org.openqa.selenium.chrome.ChromeDriver
Capabilities {acceptInsecureCerts: true, acceptSslCerts: true, applicationCacheEnabled: false, browserConnectionEnabled: false, browserName: chrome, chrome: {chromedriverVersion: 2.43.600229 (3fae4d0cda5334..., userDataDir: /var/folders/lq/hsr567kj1sx...}, cssSelectorsEnabled: true, databaseEnabled: false, goog:chromeOptions: {debuggerAddress: localhost:60935}, handlesAlerts: true, hasTouchScreen: false, javascriptEnabled: true, locationContextEnabled: true, mobileEmulationEnabled: false, nativeEvents: true, networkConnectionEnabled: false, pageLoadStrategy: normal, platform: MAC, platformName: MAC, rotatable: false, setWindowRect: true, takesHeapSnapshot: true, takesScreenshot: true, unexpectedAlertBehaviour: , unhandledPromptBehavior: , version: 131.0.6778.140, webStorageEnabled: true}
Session ID: 425dc633b285ea1256f29caa42e606f8
*** Element info: {Using=xpath, value=//div[@class='cell-selection']/span/input}

