2025-01-08 17:05:19 INFO  ScreenshotListeners:29 - 
================:  valid Login :====================

2025-01-08 17:05:31 ERROR BrowserSetUp:182 - validLogin -> FAILED due to below issues :
org.openqa.selenium.NoSuchElementException: no such element: Unable to locate element: {"method":"xpath","selector":"//span[contains(text(),'My reports')]"}
  (Session info: chrome=131.0.6778.205)
  (Driver info: chromedriver=2.43.600229 (3fae4d0cda5334b4f533bede5a4787f7b832d052),platform=Mac OS X 10.16.0 x86_64) (WARNING: The server did not provide any stacktrace information)
Command duration or timeout: 0 milliseconds
For documentation on this error, please visit: https://www.seleniumhq.org/exceptions/no_such_element.html
Build info: version: '3.141.59', revision: 'e82be7d358', time: '2018-11-14T08:17:03'
System info: host: 'Nehas-MBP', ip: '192.168.0.203', os.name: 'Mac OS X', os.arch: 'x86_64', os.version: '13.7.1', java.version: '22.0.1'
Driver info: org.openqa.selenium.chrome.ChromeDriver
Capabilities {acceptInsecureCerts: true, acceptSslCerts: true, applicationCacheEnabled: false, browserConnectionEnabled: false, browserName: chrome, chrome: {chromedriverVersion: 2.43.600229 (3fae4d0cda5334..., userDataDir: /var/folders/lq/hsr567kj1sx...}, cssSelectorsEnabled: true, databaseEnabled: false, goog:chromeOptions: {debuggerAddress: localhost:63305}, handlesAlerts: true, hasTouchScreen: false, javascriptEnabled: true, locationContextEnabled: true, mobileEmulationEnabled: false, nativeEvents: true, networkConnectionEnabled: false, pageLoadStrategy: normal, platform: MAC, platformName: MAC, rotatable: false, setWindowRect: true, takesHeapSnapshot: true, takesScreenshot: true, unexpectedAlertBehaviour: , unhandledPromptBehavior: , version: 131.0.6778.205, webStorageEnabled: true}
Session ID: e3e1fcbcb217906204097bdbcf20909f
*** Element info: {Using=xpath, value=//span[contains(text(),'My reports')]}

2025-01-08 17:05:32 INFO  BrowserSetUp:192 - Screenshot for this failed method : Screenshot/validLogin.png
2025-01-08 17:05:32 INFO  ScreenshotListeners:29 - 
================:  presence Of Count Sub Tab In Platelet :====================

2025-01-08 17:05:37 INFO  CommonMethods:50 - clicked on tab successfully
2025-01-08 17:05:37 INFO  ReviewPatchesInPatchViewAndSplitView:49 - count sub tab is present on platelet 
2025-01-08 17:05:37 INFO  ReviewPatchesInPatchViewAndSplitViewTest:56 - Count tab is present on platelet 
2025-01-08 17:05:37 INFO  ScreenshotListeners:29 - 
================:  presence Of Morphology :====================

2025-01-08 17:05:37 INFO  ReviewPatchesInPatchViewAndSplitViewTest:63 - Morphology tab is present on platelet main tab
2025-01-08 17:05:37 INFO  ScreenshotListeners:29 - 
================:  selection Of Fovs :====================

2025-01-08 17:05:43 ERROR ReviewPatchesInPatchViewAndSplitView:83 - Mismatch in FOV navigation for FOV 1. Expected: FOV 1 / 9, but found: FOV 2 / 10
2025-01-08 17:05:43 ERROR BrowserSetUp:182 - selectionOfFovs -> FAILED due to below issues :
java.lang.AssertionError: expected [true] but found [false]

2025-01-08 17:05:44 INFO  BrowserSetUp:192 - Screenshot for this failed method : Screenshot/selectionOfFovs.png
2025-01-08 17:05:44 INFO  ScreenshotListeners:29 - 
================:  edit The N M G Value :====================

2025-01-08 17:05:47 ERROR BrowserSetUp:182 - editTheNMGValue -> FAILED due to below issues :
java.lang.IndexOutOfBoundsException: Index 3 out of bounds for length 3

2025-01-08 17:05:47 INFO  BrowserSetUp:192 - Screenshot for this failed method : Screenshot/editTheNMGValue.png
