2025-02-05 15:42:18 INFO  ScreenshotListeners:29 - 
================:  valid Login :====================

2025-02-05 15:42:24 INFO  LoginTest:49 - user Logged in successfully
2025-02-05 15:42:24 INFO  ScreenshotListeners:29 - 
================:  verify Sig Logo And P B S :====================

2025-02-05 15:42:24 INFO  VerifyTheListReportPage:48 - Sigtuple logo is Loaded .
2025-02-05 15:42:24 INFO  VerifyTheListReportPage:49 - PBS Text is loaded
2025-02-05 15:42:24 INFO  VerifyTheListReportPageTest:41 -  Sigtuple logo and PBS is Present on the page
2025-02-05 15:42:24 INFO  ScreenshotListeners:29 - 
================:  assign :====================

2025-02-05 15:42:41 INFO  ScreenshotListeners:29 - 
================:  verify The Functionality Of Multiplication Factor Cancel Btn :====================

2025-02-05 15:42:42 INFO  CommonMethods:444 - Platelet tab is selected
2025-02-05 15:42:42 ERROR ViewAndModifyThePlateletCount:89 - Error while verifying Cancel functionality: element not interactable
  (Session info: chrome=133.0.6943.53)
  (Driver info: chromedriver=2.43.600229 (3fae4d0cda5334b4f533bede5a4787f7b832d052),platform=Mac OS X 10.16.0 x86_64) (WARNING: The server did not provide any stacktrace information)
Command duration or timeout: 0 milliseconds
Build info: version: '3.141.59', revision: 'e82be7d358', time: '2018-11-14T08:17:03'
System info: host: 'Macbook-Pro', ip: 'fe80:0:0:0:10ec:7e4c:24d5:5f4d%en0', os.name: 'Mac OS X', os.arch: 'x86_64', os.version: '13.7.2', java.version: '11.0.23'
Driver info: org.openqa.selenium.chrome.ChromeDriver
Capabilities {acceptInsecureCerts: true, acceptSslCerts: true, applicationCacheEnabled: false, browserConnectionEnabled: false, browserName: chrome, chrome: {chromedriverVersion: 2.43.600229 (3fae4d0cda5334..., userDataDir: /var/folders/bq/rhslv0zs6hl...}, cssSelectorsEnabled: true, databaseEnabled: false, goog:chromeOptions: {debuggerAddress: localhost:52511}, handlesAlerts: true, hasTouchScreen: false, javascriptEnabled: true, locationContextEnabled: true, mobileEmulationEnabled: false, nativeEvents: true, networkConnectionEnabled: false, pageLoadStrategy: normal, platform: MAC, platformName: MAC, rotatable: false, setWindowRect: true, takesHeapSnapshot: true, takesScreenshot: true, unexpectedAlertBehaviour: , unhandledPromptBehavior: , version: 133.0.6943.53, webStorageEnabled: true}
Session ID: efbcbddfa066fcf0005826245b6a14fd
2025-02-05 15:42:42 ERROR BrowserSetUp:185 - verifyTheFunctionalityOfMultiplicationFactorCancelBtn -> FAILED due to below issues :
java.lang.AssertionError: expected [true] but found [false]

2025-02-05 15:42:45 INFO  BrowserSetUp:195 - Screenshot for this failed method : Screenshot/verifyTheFunctionalityOfMultiplicationFactorCancelBtn.png
2025-02-05 15:42:45 INFO  ScreenshotListeners:29 - 
================:  verify The Functionality Of Multiplication Warning Msg :====================

2025-02-05 15:42:47 INFO  ViewAndModifyThePlateletCount:113 - Entered multiplication factor: 2000
2025-02-05 15:42:47 INFO  ViewAndModifyThePlateletCount:122 - Warning message displayed correctly: Please enter a value between 5000-50000
2025-02-05 15:42:48 INFO  ViewAndModifyThePlateletCount:133 - Clicked the Cancel button.
2025-02-05 15:42:48 INFO  ViewAndModifyThePlateletCount:140 - Changes successfully reverted after clicking Cancel.
2025-02-05 15:42:48 INFO  ViewAndModifyThePlateletCountTest:53 - multiplication factor is working Fine
2025-02-05 15:42:48 INFO  ScreenshotListeners:29 - 
================:  verify The Functionality Of Multiplication Factor :====================

2025-02-05 15:42:48 INFO  ViewAndModifyThePlateletCount:177 - Entered valid multiplication factor: 5000
2025-02-05 15:43:18 ERROR ViewAndModifyThePlateletCount:208 - Error while verifying multiplication factor functionality: Expected condition failed: waiting for element to be clickable: By.xpath: //button[text()='Save'] (tried for 30 second(s) with 500 milliseconds interval)
2025-02-05 15:43:18 ERROR BrowserSetUp:185 - verifyTheFunctionalityOfMultiplicationFactor -> FAILED due to below issues :
java.lang.AssertionError: expected [true] but found [false]

2025-02-05 15:43:19 INFO  BrowserSetUp:195 - Screenshot for this failed method : Screenshot/verifyTheFunctionalityOfMultiplicationFactor.png
2025-02-05 15:43:19 INFO  ScreenshotListeners:29 - 
================:  verify Presence Of Cell Type :====================

2025-02-05 15:43:20 INFO  CommonMethods:721 - Morphology Sub Tab is selected
2025-02-05 15:43:20 INFO  ReviewPlateleyMorphologyCellTypeTest:49 - Morphology tab Cell Types is present on platelet main tab
2025-02-05 15:43:20 INFO  ScreenshotListeners:29 - 
================:  Verify Cell Count Of Large Platelet Is Equal To Patch :====================

2025-02-05 15:43:22 ERROR ReviewPlateletMorphologyCellType:71 - Failed to retrieve patches: 
org.openqa.selenium.WebDriverException: unknown error: Element <div id="platelet_14659_18045.jpg-patch-image-reivew" class="Card patches-container" draggable="true" style="flex: 0 0 161.6px; height: 161.6px; cursor: grab;">...</div> is not clickable at point (596, 648). Other element would receive the click: <div class="List" style="position: relative; height: 586px; width: 1091px; overflow: auto; will-change: transform; direction: ltr;">...</div>
  (Session info: chrome=133.0.6943.53)
  (Driver info: chromedriver=2.43.600229 (3fae4d0cda5334b4f533bede5a4787f7b832d052),platform=Mac OS X 10.16.0 x86_64) (WARNING: The server did not provide any stacktrace information)
Command duration or timeout: 0 milliseconds
Build info: version: '3.141.59', revision: 'e82be7d358', time: '2018-11-14T08:17:03'
System info: host: 'Macbook-Pro', ip: 'fe80:0:0:0:10ec:7e4c:24d5:5f4d%en0', os.name: 'Mac OS X', os.arch: 'x86_64', os.version: '13.7.2', java.version: '11.0.23'
Driver info: org.openqa.selenium.chrome.ChromeDriver
Capabilities {acceptInsecureCerts: true, acceptSslCerts: true, applicationCacheEnabled: false, browserConnectionEnabled: false, browserName: chrome, chrome: {chromedriverVersion: 2.43.600229 (3fae4d0cda5334..., userDataDir: /var/folders/bq/rhslv0zs6hl...}, cssSelectorsEnabled: true, databaseEnabled: false, goog:chromeOptions: {debuggerAddress: localhost:52511}, handlesAlerts: true, hasTouchScreen: false, javascriptEnabled: true, locationContextEnabled: true, mobileEmulationEnabled: false, nativeEvents: true, networkConnectionEnabled: false, pageLoadStrategy: normal, platform: MAC, platformName: MAC, rotatable: false, setWindowRect: true, takesHeapSnapshot: true, takesScreenshot: true, unexpectedAlertBehaviour: , unhandledPromptBehavior: , version: 133.0.6943.53, webStorageEnabled: true}
Session ID: efbcbddfa066fcf0005826245b6a14fd
	at java.base/jdk.internal.reflect.NativeConstructorAccessorImpl.newInstance0(Native Method)
	at java.base/jdk.internal.reflect.NativeConstructorAccessorImpl.newInstance(NativeConstructorAccessorImpl.java:62)
	at java.base/jdk.internal.reflect.DelegatingConstructorAccessorImpl.newInstance(DelegatingConstructorAccessorImpl.java:45)
	at java.base/java.lang.reflect.Constructor.newInstance(Constructor.java:490)
	at org.openqa.selenium.remote.ErrorHandler.createThrowable(ErrorHandler.java:214)
	at org.openqa.selenium.remote.ErrorHandler.throwIfResponseFailed(ErrorHandler.java:166)
	at org.openqa.selenium.remote.http.JsonHttpResponseCodec.reconstructValue(JsonHttpResponseCodec.java:40)
	at org.openqa.selenium.remote.http.AbstractHttpResponseCodec.decode(AbstractHttpResponseCodec.java:80)
	at org.openqa.selenium.remote.http.AbstractHttpResponseCodec.decode(AbstractHttpResponseCodec.java:44)
	at org.openqa.selenium.remote.HttpCommandExecutor.execute(HttpCommandExecutor.java:158)
	at org.openqa.selenium.remote.service.DriverCommandExecutor.execute(DriverCommandExecutor.java:83)
	at org.openqa.selenium.remote.RemoteWebDriver.execute(RemoteWebDriver.java:552)
	at org.openqa.selenium.remote.RemoteWebElement.execute(RemoteWebElement.java:285)
	at org.openqa.selenium.remote.RemoteWebElement.click(RemoteWebElement.java:84)
	at Platelet.ReviewPlateletMorphologyCellType.getAllPatches(ReviewPlateletMorphologyCellType.java:62)
	at Platelet.ReviewPlateletMorphologyCellType.isCellCountEqualToPatchCount(ReviewPlateletMorphologyCellType.java:88)
	at Platelet.ReviewPlateleyMorphologyCellTypeTest.VerifyCellCountOfLargePlateletIsEqualToPatch(ReviewPlateleyMorphologyCellTypeTest.java:55)
	at java.base/jdk.internal.reflect.NativeMethodAccessorImpl.invoke0(Native Method)
	at java.base/jdk.internal.reflect.NativeMethodAccessorImpl.invoke(NativeMethodAccessorImpl.java:62)
	at java.base/jdk.internal.reflect.DelegatingMethodAccessorImpl.invoke(DelegatingMethodAccessorImpl.java:43)
	at java.base/java.lang.reflect.Method.invoke(Method.java:566)
	at org.testng.internal.MethodInvocationHelper.invokeMethod(MethodInvocationHelper.java:85)
	at org.testng.internal.Invoker.invokeMethod(Invoker.java:696)
	at org.testng.internal.Invoker.invokeTestMethod(Invoker.java:882)
	at org.testng.internal.Invoker.invokeTestMethods(Invoker.java:1189)
	at org.testng.internal.TestMethodWorker.invokeTestMethods(TestMethodWorker.java:124)
	at org.testng.internal.TestMethodWorker.run(TestMethodWorker.java:108)
	at org.testng.TestRunner.privateRun(TestRunner.java:767)
	at org.testng.TestRunner.run(TestRunner.java:617)
	at org.testng.SuiteRunner.runTest(SuiteRunner.java:348)
	at org.testng.SuiteRunner.runSequentially(SuiteRunner.java:343)
	at org.testng.SuiteRunner.privateRun(SuiteRunner.java:305)
	at org.testng.SuiteRunner.run(SuiteRunner.java:254)
	at org.testng.SuiteRunnerWorker.runSuite(SuiteRunnerWorker.java:52)
	at org.testng.SuiteRunnerWorker.run(SuiteRunnerWorker.java:86)
	at org.testng.TestNG.runSuitesSequentially(TestNG.java:1224)
	at org.testng.TestNG.runSuitesLocally(TestNG.java:1149)
	at org.testng.TestNG.run(TestNG.java:1057)
	at com.intellij.rt.testng.IDEARemoteTestNG.run(IDEARemoteTestNG.java:65)
	at com.intellij.rt.testng.RemoteTestNGStarter.main(RemoteTestNGStarter.java:105)
2025-02-05 15:43:22 INFO  ReviewPlateletMorphologyCellType:94 - Total patches found for Large Platelets: 24
2025-02-05 15:43:22 INFO  ReviewPlateletMorphologyCellType:100 - Expected count for Large Platelets: 33
2025-02-05 15:43:22 WARN  ReviewPlateletMorphologyCellType:107 - Mismatch in Large Platelets count. Expected: 33, Actual: 24
2025-02-05 15:43:22 INFO  ScreenshotListeners:29 - 
================:  Verify Cell Count Of Platelet Clumps Is Equal To Patch :====================

2025-02-05 15:43:23 INFO  ReviewPlateletMorphologyCellType:69 - Total patches found: 12
2025-02-05 15:43:23 INFO  ReviewPlateletMorphologyCellType:94 - Total patches found for Platelet Clumps: 12
2025-02-05 15:43:23 INFO  ReviewPlateletMorphologyCellType:100 - Expected count for Platelet Clumps: 12
2025-02-05 15:43:23 INFO  ReviewPlateletMorphologyCellType:104 - Platelet Clumps count matches the patch count. Count: 12
2025-02-05 15:43:23 INFO  ReviewPlateleyMorphologyCellTypeTest:62 - Verify the  Platelet clumps cell count is equal patch count
2025-02-05 15:43:23 INFO  ScreenshotListeners:29 - 
================:  Functionality Of Patch When Select The Patch In Large Platelets :====================

2025-02-05 15:43:25 ERROR ReviewPlateletMorphologyCellType:71 - Failed to retrieve patches: 
org.openqa.selenium.WebDriverException: unknown error: Element <div id="platelet_43896_21541.jpg-patch-image-reivew" class="Card patches-container" draggable="true" style="flex: 0 0 161.6px; height: 161.6px; cursor: grab;">...</div> is not clickable at point (428, 648). Other element would receive the click: <div class="List" style="position: relative; height: 586px; width: 1091px; overflow: auto; will-change: transform; direction: ltr;">...</div>
  (Session info: chrome=133.0.6943.53)
  (Driver info: chromedriver=2.43.600229 (3fae4d0cda5334b4f533bede5a4787f7b832d052),platform=Mac OS X 10.16.0 x86_64) (WARNING: The server did not provide any stacktrace information)
Command duration or timeout: 0 milliseconds
Build info: version: '3.141.59', revision: 'e82be7d358', time: '2018-11-14T08:17:03'
System info: host: 'Macbook-Pro', ip: 'fe80:0:0:0:10ec:7e4c:24d5:5f4d%en0', os.name: 'Mac OS X', os.arch: 'x86_64', os.version: '13.7.2', java.version: '11.0.23'
Driver info: org.openqa.selenium.chrome.ChromeDriver
Capabilities {acceptInsecureCerts: true, acceptSslCerts: true, applicationCacheEnabled: false, browserConnectionEnabled: false, browserName: chrome, chrome: {chromedriverVersion: 2.43.600229 (3fae4d0cda5334..., userDataDir: /var/folders/bq/rhslv0zs6hl...}, cssSelectorsEnabled: true, databaseEnabled: false, goog:chromeOptions: {debuggerAddress: localhost:52511}, handlesAlerts: true, hasTouchScreen: false, javascriptEnabled: true, locationContextEnabled: true, mobileEmulationEnabled: false, nativeEvents: true, networkConnectionEnabled: false, pageLoadStrategy: normal, platform: MAC, platformName: MAC, rotatable: false, setWindowRect: true, takesHeapSnapshot: true, takesScreenshot: true, unexpectedAlertBehaviour: , unhandledPromptBehavior: , version: 133.0.6943.53, webStorageEnabled: true}
Session ID: efbcbddfa066fcf0005826245b6a14fd
	at java.base/jdk.internal.reflect.NativeConstructorAccessorImpl.newInstance0(Native Method)
	at java.base/jdk.internal.reflect.NativeConstructorAccessorImpl.newInstance(NativeConstructorAccessorImpl.java:62)
	at java.base/jdk.internal.reflect.DelegatingConstructorAccessorImpl.newInstance(DelegatingConstructorAccessorImpl.java:45)
	at java.base/java.lang.reflect.Constructor.newInstance(Constructor.java:490)
	at org.openqa.selenium.remote.ErrorHandler.createThrowable(ErrorHandler.java:214)
	at org.openqa.selenium.remote.ErrorHandler.throwIfResponseFailed(ErrorHandler.java:166)
	at org.openqa.selenium.remote.http.JsonHttpResponseCodec.reconstructValue(JsonHttpResponseCodec.java:40)
	at org.openqa.selenium.remote.http.AbstractHttpResponseCodec.decode(AbstractHttpResponseCodec.java:80)
	at org.openqa.selenium.remote.http.AbstractHttpResponseCodec.decode(AbstractHttpResponseCodec.java:44)
	at org.openqa.selenium.remote.HttpCommandExecutor.execute(HttpCommandExecutor.java:158)
	at org.openqa.selenium.remote.service.DriverCommandExecutor.execute(DriverCommandExecutor.java:83)
	at org.openqa.selenium.remote.RemoteWebDriver.execute(RemoteWebDriver.java:552)
	at org.openqa.selenium.remote.RemoteWebElement.execute(RemoteWebElement.java:285)
	at org.openqa.selenium.remote.RemoteWebElement.click(RemoteWebElement.java:84)
	at Platelet.ReviewPlateletMorphologyCellType.getAllPatches(ReviewPlateletMorphologyCellType.java:62)
	at Platelet.ReviewPlateletMorphologyCellType.verifyPatchSelection(ReviewPlateletMorphologyCellType.java:129)
	at Platelet.ReviewPlateleyMorphologyCellTypeTest.FunctionalityOfPatchWhenSelectThePatchInLargePlatelets(ReviewPlateleyMorphologyCellTypeTest.java:68)
	at java.base/jdk.internal.reflect.NativeMethodAccessorImpl.invoke0(Native Method)
	at java.base/jdk.internal.reflect.NativeMethodAccessorImpl.invoke(NativeMethodAccessorImpl.java:62)
	at java.base/jdk.internal.reflect.DelegatingMethodAccessorImpl.invoke(DelegatingMethodAccessorImpl.java:43)
	at java.base/java.lang.reflect.Method.invoke(Method.java:566)
	at org.testng.internal.MethodInvocationHelper.invokeMethod(MethodInvocationHelper.java:85)
	at org.testng.internal.Invoker.invokeMethod(Invoker.java:696)
	at org.testng.internal.Invoker.invokeTestMethod(Invoker.java:882)
	at org.testng.internal.Invoker.invokeTestMethods(Invoker.java:1189)
	at org.testng.internal.TestMethodWorker.invokeTestMethods(TestMethodWorker.java:124)
	at org.testng.internal.TestMethodWorker.run(TestMethodWorker.java:108)
	at org.testng.TestRunner.privateRun(TestRunner.java:767)
	at org.testng.TestRunner.run(TestRunner.java:617)
	at org.testng.SuiteRunner.runTest(SuiteRunner.java:348)
	at org.testng.SuiteRunner.runSequentially(SuiteRunner.java:343)
	at org.testng.SuiteRunner.privateRun(SuiteRunner.java:305)
	at org.testng.SuiteRunner.run(SuiteRunner.java:254)
	at org.testng.SuiteRunnerWorker.runSuite(SuiteRunnerWorker.java:52)
	at org.testng.SuiteRunnerWorker.run(SuiteRunnerWorker.java:86)
	at org.testng.TestNG.runSuitesSequentially(TestNG.java:1224)
	at org.testng.TestNG.runSuitesLocally(TestNG.java:1149)
	at org.testng.TestNG.run(TestNG.java:1057)
	at com.intellij.rt.testng.IDEARemoteTestNG.run(IDEARemoteTestNG.java:65)
	at com.intellij.rt.testng.RemoteTestNGStarter.main(RemoteTestNGStarter.java:105)
2025-02-05 15:43:25 INFO  ReviewPlateletMorphologyCellType:135 - Total patches found for Large Platelets: 24
2025-02-05 15:43:25 ERROR ReviewPlateletMorphologyCellType:152 - Error verifying patch selection in Large Platelets
org.openqa.selenium.WebDriverException: unknown error: Element <div id="platelet_32452_3317.jpg-patch-image-reivew" class="Card patches-container" draggable="true" style="flex: 0 0 161.6px; height: 161.6px; cursor: grab;">...</div> is not clickable at point (428, 223). Other element would receive the click: <div class="List" style="position: relative; height: 586px; width: 1091px; overflow: auto; will-change: transform; direction: ltr;">...</div>
  (Session info: chrome=133.0.6943.53)
  (Driver info: chromedriver=2.43.600229 (3fae4d0cda5334b4f533bede5a4787f7b832d052),platform=Mac OS X 10.16.0 x86_64) (WARNING: The server did not provide any stacktrace information)
Command duration or timeout: 0 milliseconds
Build info: version: '3.141.59', revision: 'e82be7d358', time: '2018-11-14T08:17:03'
System info: host: 'Macbook-Pro', ip: 'fe80:0:0:0:10ec:7e4c:24d5:5f4d%en0', os.name: 'Mac OS X', os.arch: 'x86_64', os.version: '13.7.2', java.version: '11.0.23'
Driver info: org.openqa.selenium.chrome.ChromeDriver
Capabilities {acceptInsecureCerts: true, acceptSslCerts: true, applicationCacheEnabled: false, browserConnectionEnabled: false, browserName: chrome, chrome: {chromedriverVersion: 2.43.600229 (3fae4d0cda5334..., userDataDir: /var/folders/bq/rhslv0zs6hl...}, cssSelectorsEnabled: true, databaseEnabled: false, goog:chromeOptions: {debuggerAddress: localhost:52511}, handlesAlerts: true, hasTouchScreen: false, javascriptEnabled: true, locationContextEnabled: true, mobileEmulationEnabled: false, nativeEvents: true, networkConnectionEnabled: false, pageLoadStrategy: normal, platform: MAC, platformName: MAC, rotatable: false, setWindowRect: true, takesHeapSnapshot: true, takesScreenshot: true, unexpectedAlertBehaviour: , unhandledPromptBehavior: , version: 133.0.6943.53, webStorageEnabled: true}
Session ID: efbcbddfa066fcf0005826245b6a14fd
	at java.base/jdk.internal.reflect.NativeConstructorAccessorImpl.newInstance0(Native Method)
	at java.base/jdk.internal.reflect.NativeConstructorAccessorImpl.newInstance(NativeConstructorAccessorImpl.java:62)
	at java.base/jdk.internal.reflect.DelegatingConstructorAccessorImpl.newInstance(DelegatingConstructorAccessorImpl.java:45)
	at java.base/java.lang.reflect.Constructor.newInstance(Constructor.java:490)
	at org.openqa.selenium.remote.ErrorHandler.createThrowable(ErrorHandler.java:214)
	at org.openqa.selenium.remote.ErrorHandler.throwIfResponseFailed(ErrorHandler.java:166)
	at org.openqa.selenium.remote.http.JsonHttpResponseCodec.reconstructValue(JsonHttpResponseCodec.java:40)
	at org.openqa.selenium.remote.http.AbstractHttpResponseCodec.decode(AbstractHttpResponseCodec.java:80)
	at org.openqa.selenium.remote.http.AbstractHttpResponseCodec.decode(AbstractHttpResponseCodec.java:44)
	at org.openqa.selenium.remote.HttpCommandExecutor.execute(HttpCommandExecutor.java:158)
	at org.openqa.selenium.remote.service.DriverCommandExecutor.execute(DriverCommandExecutor.java:83)
	at org.openqa.selenium.remote.RemoteWebDriver.execute(RemoteWebDriver.java:552)
	at org.openqa.selenium.remote.RemoteWebElement.execute(RemoteWebElement.java:285)
	at org.openqa.selenium.remote.RemoteWebElement.click(RemoteWebElement.java:84)
	at Platelet.ReviewPlateletMorphologyCellType.verifyPatchSelection(ReviewPlateletMorphologyCellType.java:140)
	at Platelet.ReviewPlateleyMorphologyCellTypeTest.FunctionalityOfPatchWhenSelectThePatchInLargePlatelets(ReviewPlateleyMorphologyCellTypeTest.java:68)
	at java.base/jdk.internal.reflect.NativeMethodAccessorImpl.invoke0(Native Method)
	at java.base/jdk.internal.reflect.NativeMethodAccessorImpl.invoke(NativeMethodAccessorImpl.java:62)
	at java.base/jdk.internal.reflect.DelegatingMethodAccessorImpl.invoke(DelegatingMethodAccessorImpl.java:43)
	at java.base/java.lang.reflect.Method.invoke(Method.java:566)
	at org.testng.internal.MethodInvocationHelper.invokeMethod(MethodInvocationHelper.java:85)
	at org.testng.internal.Invoker.invokeMethod(Invoker.java:696)
	at org.testng.internal.Invoker.invokeTestMethod(Invoker.java:882)
	at org.testng.internal.Invoker.invokeTestMethods(Invoker.java:1189)
	at org.testng.internal.TestMethodWorker.invokeTestMethods(TestMethodWorker.java:124)
	at org.testng.internal.TestMethodWorker.run(TestMethodWorker.java:108)
	at org.testng.TestRunner.privateRun(TestRunner.java:767)
	at org.testng.TestRunner.run(TestRunner.java:617)
	at org.testng.SuiteRunner.runTest(SuiteRunner.java:348)
	at org.testng.SuiteRunner.runSequentially(SuiteRunner.java:343)
	at org.testng.SuiteRunner.privateRun(SuiteRunner.java:305)
	at org.testng.SuiteRunner.run(SuiteRunner.java:254)
	at org.testng.SuiteRunnerWorker.runSuite(SuiteRunnerWorker.java:52)
	at org.testng.SuiteRunnerWorker.run(SuiteRunnerWorker.java:86)
	at org.testng.TestNG.runSuitesSequentially(TestNG.java:1224)
	at org.testng.TestNG.runSuitesLocally(TestNG.java:1149)
	at org.testng.TestNG.run(TestNG.java:1057)
	at com.intellij.rt.testng.IDEARemoteTestNG.run(IDEARemoteTestNG.java:65)
	at com.intellij.rt.testng.RemoteTestNGStarter.main(RemoteTestNGStarter.java:105)
2025-02-05 15:43:25 INFO  ScreenshotListeners:29 - 
================:  Functionality Of Patch When Select The Patch In Platelet Clumps :====================

2025-02-05 15:43:26 INFO  ReviewPlateletMorphologyCellType:69 - Total patches found: 12
2025-02-05 15:43:26 INFO  ReviewPlateletMorphologyCellType:135 - Total patches found for Platelet Clumps: 12
2025-02-05 15:43:27 WARN  ReviewPlateletMorphologyCellType:148 - Patch not selected properly in Platelet Clumps. Patch details: 
2025-02-05 15:43:27 WARN  ReviewPlateletMorphologyCellType:148 - Patch not selected properly in Platelet Clumps. Patch details: 
2025-02-05 15:43:27 WARN  ReviewPlateletMorphologyCellType:148 - Patch not selected properly in Platelet Clumps. Patch details: 
2025-02-05 15:43:27 WARN  ReviewPlateletMorphologyCellType:148 - Patch not selected properly in Platelet Clumps. Patch details: 
2025-02-05 15:43:27 WARN  ReviewPlateletMorphologyCellType:148 - Patch not selected properly in Platelet Clumps. Patch details: 
2025-02-05 15:43:27 WARN  ReviewPlateletMorphologyCellType:148 - Patch not selected properly in Platelet Clumps. Patch details: 
2025-02-05 15:43:27 WARN  ReviewPlateletMorphologyCellType:148 - Patch not selected properly in Platelet Clumps. Patch details: 
2025-02-05 15:43:27 WARN  ReviewPlateletMorphologyCellType:148 - Patch not selected properly in Platelet Clumps. Patch details: 
2025-02-05 15:43:28 WARN  ReviewPlateletMorphologyCellType:148 - Patch not selected properly in Platelet Clumps. Patch details: 
2025-02-05 15:43:28 WARN  ReviewPlateletMorphologyCellType:148 - Patch not selected properly in Platelet Clumps. Patch details: 
2025-02-05 15:43:28 WARN  ReviewPlateletMorphologyCellType:148 - Patch not selected properly in Platelet Clumps. Patch details: 
2025-02-05 15:43:28 WARN  ReviewPlateletMorphologyCellType:148 - Patch not selected properly in Platelet Clumps. Patch details: 
2025-02-05 15:43:28 INFO  ScreenshotListeners:29 - 
================:  verify The Size Of Patches In Large Platelet :====================

2025-02-05 15:43:30 INFO  ReviewPlateleyMorphologyCellTypeTest:82 - Verify the Size of patch
2025-02-05 15:43:30 INFO  ScreenshotListeners:29 - 
================:  verify The Size Of Patches In Platelet Clumps :====================

2025-02-05 15:43:30 INFO  ReviewPlateleyMorphologyCellTypeTest:88 - Verify the Size of patch
2025-02-05 15:43:30 INFO  ScreenshotListeners:29 - 
================:  test Zoom Functionality :====================

2025-02-05 15:43:34 INFO  CommonMethods:647 - Clicked zoom-out button. Step: 1
2025-02-05 15:43:34 INFO  CommonMethods:651 - Zoom level at step 1: 20 μm
2025-02-05 15:43:41 INFO  CommonMethods:647 - Clicked zoom-out button. Step: 2
2025-02-05 15:43:41 INFO  CommonMethods:651 - Zoom level at step 2: 20 μm
2025-02-05 15:43:48 INFO  CommonMethods:647 - Clicked zoom-out button. Step: 3
2025-02-05 15:43:48 INFO  CommonMethods:651 - Zoom level at step 3: 20 μm
