2025-01-30 12:36:51 INFO  ScreenshotListeners:29 - 
================:  valid Login :====================

2025-01-30 12:36:56 INFO  LoginTest:49 - user Logged in successfully
2025-01-30 12:36:56 INFO  ScreenshotListeners:29 - 
================:  verify Sig Logo And P B S :====================

2025-01-30 12:36:56 INFO  VerifyTheListReportPage:46 - Sigtuple logo is Loaded .
2025-01-30 12:36:56 INFO  VerifyTheListReportPage:47 - PBS Text is loaded
2025-01-30 12:36:56 INFO  VerifyTheListReportPageTest:41 -  Sigtuple logo and PBS is Present on the page
2025-01-30 12:36:56 INFO  ScreenshotListeners:29 - 
================:  assign :====================

2025-01-30 12:37:36 INFO  ScreenshotListeners:29 - 
================:  verify Selction Of W B C Tab :====================

2025-01-30 12:37:41 INFO  CommonMethods:52 - clicked on tab successfully
2025-01-30 12:37:41 INFO  WBCParameters:41 - WBC
2025-01-30 12:37:41 INFO  WBCParametersTest:43 - WBC tab is present and selected
2025-01-30 12:37:41 INFO  ScreenshotListeners:29 - 
================:  verify The Functionality Of Multiplication Factor Cancel Btn :====================

2025-01-30 12:37:42 INFO  CommonMethods:444 - Platelet tab is selected
2025-01-30 12:37:42 ERROR ViewAndModifyThePlateletCount:88 - Error while verifying Cancel functionality: element not interactable
  (Session info: chrome=132.0.6834.111)
  (Driver info: chromedriver=2.43.600229 (3fae4d0cda5334b4f533bede5a4787f7b832d052),platform=Mac OS X 10.16.0 x86_64) (WARNING: The server did not provide any stacktrace information)
Command duration or timeout: 0 milliseconds
Build info: version: '3.141.59', revision: 'e82be7d358', time: '2018-11-14T08:17:03'
System info: host: 'Macbook-Pro', ip: 'fe80:0:0:0:10ec:7e4c:24d5:5f4d%en0', os.name: 'Mac OS X', os.arch: 'x86_64', os.version: '13.7.2', java.version: '11.0.23'
Driver info: org.openqa.selenium.chrome.ChromeDriver
Capabilities {acceptInsecureCerts: true, acceptSslCerts: true, applicationCacheEnabled: false, browserConnectionEnabled: false, browserName: chrome, chrome: {chromedriverVersion: 2.43.600229 (3fae4d0cda5334..., userDataDir: /var/folders/bq/rhslv0zs6hl...}, cssSelectorsEnabled: true, databaseEnabled: false, goog:chromeOptions: {debuggerAddress: localhost:62350}, handlesAlerts: true, hasTouchScreen: false, javascriptEnabled: true, locationContextEnabled: true, mobileEmulationEnabled: false, nativeEvents: true, networkConnectionEnabled: false, pageLoadStrategy: normal, platform: MAC, platformName: MAC, rotatable: false, setWindowRect: true, takesHeapSnapshot: true, takesScreenshot: true, unexpectedAlertBehaviour: , unhandledPromptBehavior: , version: 132.0.6834.111, webStorageEnabled: true}
Session ID: 91cb7b411c01aca6531b491fa0c1226d
2025-01-30 12:37:42 ERROR BrowserSetUp:185 - verifyTheFunctionalityOfMultiplicationFactorCancelBtn -> FAILED due to below issues :
java.lang.AssertionError: expected [true] but found [false]

2025-01-30 12:37:43 INFO  BrowserSetUp:195 - Screenshot for this failed method : Screenshot/verifyTheFunctionalityOfMultiplicationFactorCancelBtn.png
2025-01-30 12:37:43 INFO  ScreenshotListeners:29 - 
================:  verify The Functionality Of Multiplication Warning Msg :====================

2025-01-30 12:37:43 INFO  ViewAndModifyThePlateletCount:112 - Entered multiplication factor: 2000
2025-01-30 12:37:43 ERROR ViewAndModifyThePlateletCount:124 - Warning message is incorrect. Expected: Please enter a value between 5000 and 50000., but found: Please enter a value between 5000-50000
2025-01-30 12:37:43 ERROR BrowserSetUp:185 - verifyTheFunctionalityOfMultiplicationWarningMsg -> FAILED due to below issues :
java.lang.AssertionError: expected [true] but found [false]

2025-01-30 12:37:44 INFO  BrowserSetUp:195 - Screenshot for this failed method : Screenshot/verifyTheFunctionalityOfMultiplicationWarningMsg.png
2025-01-30 12:37:44 INFO  ScreenshotListeners:29 - 
================:  verify The Functionality Of Multiplication Factor :====================

2025-01-30 12:37:44 ERROR ViewAndModifyThePlateletCount:220 - Error while verifying multiplication factor functionality: unknown error: Element <img src="/icons/edit-icon.svg" alt="edit-icon"> is not clickable at point (317, 328). Other element would receive the click: <div class="factor-popup">...</div>
  (Session info: chrome=132.0.6834.111)
  (Driver info: chromedriver=2.43.600229 (3fae4d0cda5334b4f533bede5a4787f7b832d052),platform=Mac OS X 10.16.0 x86_64) (WARNING: The server did not provide any stacktrace information)
Command duration or timeout: 0 milliseconds
Build info: version: '3.141.59', revision: 'e82be7d358', time: '2018-11-14T08:17:03'
System info: host: 'Macbook-Pro', ip: 'fe80:0:0:0:10ec:7e4c:24d5:5f4d%en0', os.name: 'Mac OS X', os.arch: 'x86_64', os.version: '13.7.2', java.version: '11.0.23'
Driver info: org.openqa.selenium.chrome.ChromeDriver
Capabilities {acceptInsecureCerts: true, acceptSslCerts: true, applicationCacheEnabled: false, browserConnectionEnabled: false, browserName: chrome, chrome: {chromedriverVersion: 2.43.600229 (3fae4d0cda5334..., userDataDir: /var/folders/bq/rhslv0zs6hl...}, cssSelectorsEnabled: true, databaseEnabled: false, goog:chromeOptions: {debuggerAddress: localhost:62350}, handlesAlerts: true, hasTouchScreen: false, javascriptEnabled: true, locationContextEnabled: true, mobileEmulationEnabled: false, nativeEvents: true, networkConnectionEnabled: false, pageLoadStrategy: normal, platform: MAC, platformName: MAC, rotatable: false, setWindowRect: true, takesHeapSnapshot: true, takesScreenshot: true, unexpectedAlertBehaviour: , unhandledPromptBehavior: , version: 132.0.6834.111, webStorageEnabled: true}
Session ID: 91cb7b411c01aca6531b491fa0c1226d
2025-01-30 12:37:44 ERROR BrowserSetUp:185 - verifyTheFunctionalityOfMultiplicationFactor -> FAILED due to below issues :
java.lang.AssertionError: expected [true] but found [false]

2025-01-30 12:37:45 INFO  BrowserSetUp:195 - Screenshot for this failed method : Screenshot/verifyTheFunctionalityOfMultiplicationFactor.png
