2025-02-05 15:15:54 INFO  ScreenshotListeners:29 - 
================:  valid Login :====================

2025-02-05 15:16:00 INFO  LoginTest:49 - user Logged in successfully
2025-02-05 15:16:00 INFO  ScreenshotListeners:29 - 
================:  verify Sig Logo And P B S :====================

2025-02-05 15:16:00 INFO  VerifyTheListReportPage:48 - Sigtuple logo is Loaded .
2025-02-05 15:16:00 INFO  VerifyTheListReportPage:49 - PBS Text is loaded
2025-02-05 15:16:00 INFO  VerifyTheListReportPageTest:41 -  Sigtuple logo and PBS is Present on the page
2025-02-05 15:16:00 INFO  ScreenshotListeners:29 - 
================:  verify The Kebab Menu Icon :====================

2025-02-05 15:16:00 INFO  VerifyTheListReportPage:60 - Kebab menu icon is loaded
2025-02-05 15:16:00 INFO  VerifyTheListReportPageTest:48 - Kebab menu is Displayed on the app 
2025-02-05 15:16:00 INFO  ScreenshotListeners:29 - 
================:  verifythe Search And Filter And Checkbox :====================

2025-02-05 15:16:00 INFO  VerifyTheListReportPage:73 - Search  Field  is displayed
2025-02-05 15:16:00 INFO  VerifyTheListReportPage:74 - Filter button is displayed
2025-02-05 15:16:00 INFO  VerifyTheListReportPage:75 - clear filter is displayed
2025-02-05 15:16:00 INFO  VerifyTheListReportPageTest:55 -  Search textbox and Filter is Present on the page
2025-02-05 15:16:00 INFO  ScreenshotListeners:29 - 
================:  verify The Functionality Of The My Report Check Box :====================

2025-02-05 15:16:00 INFO  VerifyTheListReportPage:85 - My report check box is displayed
2025-02-05 15:16:00 INFO  VerifyTheListReportPage:86 - My report check box is Active
2025-02-05 15:16:00 INFO  VerifyTheListReportPageTest:62 - My report Check box  is Present on the page
2025-02-05 15:16:00 INFO  ScreenshotListeners:29 - 
================:  verifyfunctionalityofmyreportcheckbox :====================

2025-02-05 15:16:05 INFO  VerifyTheListReportPage:507 -  My Report is enable
2025-02-05 15:16:08 INFO  VerifyTheListReportPageTest:68 -  Verify the functionality of the my report check box
2025-02-05 15:16:08 INFO  ScreenshotListeners:29 - 
================:  verity Header :====================

2025-02-05 15:16:08 INFO  VerifyTheListReportPage:99 -  Report List header is Displayed
2025-02-05 15:16:08 INFO  VerifyTheListReportPageTest:77 - Header of the Report listing is displayed and verified
2025-02-05 15:16:08 INFO  ScreenshotListeners:29 - 
================:  verify The Functionality Of Search Field :====================

2025-02-05 15:16:18 INFO  VerifyTheListReportPage:120 - Matching the sample Slide Id is displayed
2025-02-05 15:16:18 INFO  VerifyTheListReportPage:120 - Matching the sample Slide Id is displayed
2025-02-05 15:16:18 INFO  VerifyTheListReportPage:120 - Matching the sample Slide Id is displayed
2025-02-05 15:16:18 INFO  VerifyTheListReportPage:120 - Matching the sample Slide Id is displayed
2025-02-05 15:16:18 INFO  VerifyTheListReportPage:120 - Matching the sample Slide Id is displayed
2025-02-05 15:16:18 INFO  VerifyTheListReportPage:120 - Matching the sample Slide Id is displayed
2025-02-05 15:16:18 INFO  VerifyTheListReportPage:120 - Matching the sample Slide Id is displayed
2025-02-05 15:16:18 INFO  VerifyTheListReportPage:120 - Matching the sample Slide Id is displayed
2025-02-05 15:16:18 INFO  VerifyTheListReportPage:120 - Matching the sample Slide Id is displayed
2025-02-05 15:16:18 INFO  VerifyTheListReportPage:120 - Matching the sample Slide Id is displayed
2025-02-05 15:16:18 INFO  VerifyTheListReportPage:120 - Matching the sample Slide Id is displayed
2025-02-05 15:16:18 INFO  VerifyTheListReportPage:120 - Matching the sample Slide Id is displayed
2025-02-05 15:16:18 INFO  VerifyTheListReportPage:120 - Matching the sample Slide Id is displayed
2025-02-05 15:16:18 INFO  VerifyTheListReportPage:120 - Matching the sample Slide Id is displayed
2025-02-05 15:16:18 INFO  VerifyTheListReportPage:120 - Matching the sample Slide Id is displayed
2025-02-05 15:16:18 INFO  VerifyTheListReportPage:120 - Matching the sample Slide Id is displayed
2025-02-05 15:16:18 INFO  VerifyTheListReportPage:120 - Matching the sample Slide Id is displayed
2025-02-05 15:16:18 INFO  VerifyTheListReportPage:120 - Matching the sample Slide Id is displayed
2025-02-05 15:16:18 INFO  VerifyTheListReportPage:120 - Matching the sample Slide Id is displayed
2025-02-05 15:16:18 INFO  VerifyTheListReportPage:120 - Matching the sample Slide Id is displayed
2025-02-05 15:16:29 INFO  VerifyTheListReportPageTest:85 - Functionality of search text field is working fine
2025-02-05 15:16:29 INFO  ScreenshotListeners:29 - 
================:  verify The Functionality Of Filter Icon :====================

2025-02-05 15:16:29 INFO  VerifyTheListReportPage:144 - Filter icon is present and enabled
2025-02-05 15:16:29 INFO  VerifyTheListReportPageTest:93 - Functionality of Filter icon is working Fine
2025-02-05 15:16:29 INFO  ScreenshotListeners:29 - 
================:  verify The Same Slide Idon Additional Info :====================

2025-02-05 15:16:35 INFO  VerifyTheListReportPage:486 - Additional info icon loaded successfully
2025-02-05 15:16:35 INFO  VerifyTheListReportPageTest:101 - Functionality Additional info icon is enable and same slide id is Displyed
2025-02-05 15:16:35 INFO  ScreenshotListeners:29 - 
================:  verify The Applyt Button :====================

2025-02-05 15:16:47 INFO  VerifyTheListReportPage:269 - Report within selected range found: 2025-02-05
2025-02-05 15:16:47 INFO  VerifyTheListReportPage:278 - Clear Filter is enabled and clicked.
2025-02-05 15:16:47 INFO  VerifyTheListReportPageTest:122 - Verify the functionality of the apply Button
2025-02-05 15:16:47 INFO  ScreenshotListeners:29 - 
================:  verify The Clear Filter Button :====================

2025-02-05 15:16:58 INFO  VerifyTheListReportPage:447 - Report within selected range found: 2025-02-05
2025-02-05 15:16:58 INFO  VerifyTheListReportPage:456 - Clear Filter is enabled and clicked.
2025-02-05 15:17:01 INFO  VerifyTheListReportPage:463 - Reports are restored after clearing the filter.
2025-02-05 15:17:01 INFO  VerifyTheListReportPageTest:128 - Verify the functionality of the apply Button
2025-02-05 15:17:01 INFO  ScreenshotListeners:29 - 
================:  verify The Reset Button :====================

2025-02-05 15:17:10 INFO  VerifyTheListReportPage:210 - scane date text field is enable
2025-02-05 15:17:15 INFO  VerifyTheListReportPageTest:115 - Verify the functionality of the Rest Button
2025-02-05 15:17:15 INFO  ScreenshotListeners:29 - 
================:  verify The Filter Close Button :====================

2025-02-05 15:17:25 INFO  VerifyTheListReportPage:536 -  Filter Options close button is displayed
2025-02-05 15:17:27 INFO  VerifyTheListReportPageTest:135 - Verify the functionality of the Close Button
2025-02-05 15:17:27 INFO  ScreenshotListeners:29 - 
================:  verify The Presence Of Filter Option :====================

2025-02-05 15:17:32 INFO  VerifyTheListReportPage:167 -  Filter Option are Loaded
2025-02-05 15:17:39 INFO  VerifyTheListReportPageTest:108 - Verify the Filter Options
2025-02-05 15:17:39 INFO  ScreenshotListeners:29 - 
================:  verify The Functionality Of Bookmark Button :====================

2025-02-05 15:17:40 INFO  VerifyTheListReportPage:566 - Bookmark is displayed
2025-02-05 15:17:40 INFO  VerifyTheListReportPageTest:142 - Verify the functionality of the Bookmark Button
2025-02-05 15:17:40 INFO  ScreenshotListeners:29 - 
================:  verify The Functionality Of Bookmark Textfield :====================

2025-02-05 15:17:42 INFO  VerifyTheListReportPage:580 - Bookmark is already filled. Removing bookmark.
2025-02-05 15:17:51 INFO  VerifyTheListReportPage:599 - Comment Textfield is enable
2025-02-05 15:17:51 INFO  VerifyTheListReportPageTest:149 - Verify the functionality of the Bookmark textfield 
2025-02-05 15:17:51 INFO  ScreenshotListeners:29 - 
================:  verify The Reassign Reviewer :====================

2025-02-05 15:18:25 ERROR BrowserSetUp:185 - verifyTheReassignReviewer -> FAILED due to below issues :
org.openqa.selenium.TimeoutException: Expected condition failed: waiting for visibility of element located by By.xpath: (//input[@id='assigned_to' and @value='manju '])[1] (tried for 30 second(s) with 500 milliseconds interval)

2025-02-05 15:18:25 INFO  BrowserSetUp:195 - Screenshot for this failed method : Screenshot/verifyTheReassignReviewer.png
2025-02-05 15:18:25 INFO  ScreenshotListeners:29 - 
================:  assign :====================

2025-02-05 15:18:35 INFO  VerifyTheListReportPage:699 - user is drop down is available
2025-02-05 15:18:35 INFO  SummaryTest:39 - Assign the report
2025-02-05 15:18:35 INFO  ScreenshotListeners:29 - 
================:  verify The Functionality Of Multiplication Factor Cancel Btn :====================

2025-02-05 15:18:36 INFO  CommonMethods:444 - Platelet tab is selected
2025-02-05 15:18:37 INFO  ViewAndModifyThePlateletCount:55 - Entered valid multiplication factor: 5000
2025-02-05 15:18:37 INFO  ViewAndModifyThePlateletCount:66 - Set as default for future reports.
2025-02-05 15:18:37 INFO  ViewAndModifyThePlateletCount:75 - Clicked the Cancel button.
2025-02-05 15:18:38 INFO  ViewAndModifyThePlateletCount:82 - Changes successfully reverted after clicking Cancel.
2025-02-05 15:18:38 INFO  ViewAndModifyThePlateletCountTest:47 - multiplication factor is working Fine
2025-02-05 15:18:38 INFO  ScreenshotListeners:29 - 
================:  verify The Functionality Of Multiplication Warning Msg :====================

2025-02-05 15:18:38 INFO  ViewAndModifyThePlateletCount:113 - Entered multiplication factor: 2000
2025-02-05 15:18:38 INFO  ViewAndModifyThePlateletCount:122 - Warning message displayed correctly: Please enter a value between 5000-50000
2025-02-05 15:18:38 INFO  ViewAndModifyThePlateletCount:133 - Clicked the Cancel button.
2025-02-05 15:18:38 INFO  ViewAndModifyThePlateletCount:140 - Changes successfully reverted after clicking Cancel.
2025-02-05 15:18:38 INFO  ViewAndModifyThePlateletCountTest:53 - multiplication factor is working Fine
2025-02-05 15:18:38 INFO  ScreenshotListeners:29 - 
================:  verify The Functionality Of Multiplication Factor :====================

2025-02-05 15:18:38 INFO  ViewAndModifyThePlateletCount:177 - Entered valid multiplication factor: 5000
2025-02-05 15:18:38 INFO  ViewAndModifyThePlateletCount:190 - Unset as default for future reports.
2025-02-05 15:18:39 INFO  ViewAndModifyThePlateletCount:196 - Clicked the Save button.
2025-02-05 15:18:39 INFO  ViewAndModifyThePlateletCount:201 - Multiplication factor successfully saved: 5000
2025-02-05 15:18:39 INFO  ViewAndModifyThePlateletCountTest:59 - multiplication factor is working Fine
2025-02-05 15:18:39 INFO  ScreenshotListeners:29 - 
================:  verify Presence Of Cell Type :====================

2025-02-05 15:18:39 INFO  CommonMethods:721 - Morphology Sub Tab is selected
2025-02-05 15:18:39 INFO  ReviewPlateleyMorphologyCellTypeTest:49 - Morphology tab Cell Types is present on platelet main tab
2025-02-05 15:18:39 INFO  ScreenshotListeners:29 - 
================:  Verify Cell Count Of Large Platelet Is Equal To Patch :====================

2025-02-05 15:18:42 INFO  ReviewPlateletMorphologyCellType:133 - Total patches found: 72
2025-02-05 15:18:42 INFO  ReviewPlateletMorphologyCellType:159 - Total patches found for Large Platelets: 72
2025-02-05 15:18:42 INFO  ReviewPlateletMorphologyCellType:165 - Expected count for Large Platelets: 126
2025-02-05 15:18:42 WARN  ReviewPlateletMorphologyCellType:172 - Mismatch in Large Platelets count. Expected: 126, Actual: 72
2025-02-05 15:18:42 INFO  ScreenshotListeners:29 - 
================:  Verify Cell Count Of Platelet Clumps Is Equal To Patch :====================

2025-02-05 15:18:44 INFO  ReviewPlateletMorphologyCellType:133 - Total patches found: 58
2025-02-05 15:18:44 INFO  ReviewPlateletMorphologyCellType:159 - Total patches found for Platelet Clumps: 58
2025-02-05 15:18:44 INFO  ReviewPlateletMorphologyCellType:165 - Expected count for Platelet Clumps: 29
2025-02-05 15:18:44 WARN  ReviewPlateletMorphologyCellType:172 - Mismatch in Platelet Clumps count. Expected: 29, Actual: 58
2025-02-05 15:18:44 INFO  ScreenshotListeners:29 - 
================:  Functionality Of Patch When Select The Patch In Large Platelets :====================

2025-02-05 15:18:47 INFO  ReviewPlateletMorphologyCellType:133 - Total patches found: 72
2025-02-05 15:18:47 INFO  ReviewPlateletMorphologyCellType:200 - Total patches found for Large Platelets: 72
2025-02-05 15:18:47 ERROR ReviewPlateletMorphologyCellType:217 - Error verifying patch selection in Large Platelets
org.openqa.selenium.WebDriverException: unknown error: Element <div id="platelet_12615_11914.jpg-patch-image-reivew" class="Card patches-container" draggable="true" style="flex: 0 0 161.6px; height: 161.6px; cursor: grab;">...</div> is not clickable at point (428, 223). Other element would receive the click: <div class="List" style="position: relative; height: 586px; width: 1091px; overflow: auto; will-change: transform; direction: ltr;">...</div>
  (Session info: chrome=133.0.6943.53)
  (Driver info: chromedriver=2.43.600229 (3fae4d0cda5334b4f533bede5a4787f7b832d052),platform=Mac OS X 10.16.0 x86_64) (WARNING: The server did not provide any stacktrace information)
Command duration or timeout: 0 milliseconds
Build info: version: '3.141.59', revision: 'e82be7d358', time: '2018-11-14T08:17:03'
System info: host: 'Macbook-Pro', ip: 'fe80:0:0:0:10ec:7e4c:24d5:5f4d%en0', os.name: 'Mac OS X', os.arch: 'x86_64', os.version: '13.7.2', java.version: '11.0.23'
Driver info: org.openqa.selenium.chrome.ChromeDriver
Capabilities {acceptInsecureCerts: true, acceptSslCerts: true, applicationCacheEnabled: false, browserConnectionEnabled: false, browserName: chrome, chrome: {chromedriverVersion: 2.43.600229 (3fae4d0cda5334..., userDataDir: /var/folders/bq/rhslv0zs6hl...}, cssSelectorsEnabled: true, databaseEnabled: false, goog:chromeOptions: {debuggerAddress: localhost:64602}, handlesAlerts: true, hasTouchScreen: false, javascriptEnabled: true, locationContextEnabled: true, mobileEmulationEnabled: false, nativeEvents: true, networkConnectionEnabled: false, pageLoadStrategy: normal, platform: MAC, platformName: MAC, rotatable: false, setWindowRect: true, takesHeapSnapshot: true, takesScreenshot: true, unexpectedAlertBehaviour: , unhandledPromptBehavior: , version: 133.0.6943.53, webStorageEnabled: true}
Session ID: 099d16681e0a35d27064befdc5d88bc9
	at java.base/jdk.internal.reflect.NativeConstructorAccessorImpl.newInstance0(Native Method)
	at java.base/jdk.internal.reflect.NativeConstructorAccessorImpl.newInstance(NativeConstructorAccessorImpl.java:62)
	at java.base/jdk.internal.reflect.DelegatingConstructorAccessorImpl.newInstance(DelegatingConstructorAccessorImpl.java:45)
	at java.base/java.lang.reflect.Constructor.newInstance(Constructor.java:490)
	at org.openqa.selenium.remote.ErrorHandler.createThrowable(ErrorHandler.java:214)
	at org.openqa.selenium.remote.ErrorHandler.throwIfResponseFailed(ErrorHandler.java:166)
	at org.openqa.selenium.remote.http.JsonHttpResponseCodec.reconstructValue(JsonHttpResponseCodec.java:40)
	at org.openqa.selenium.remote.http.AbstractHttpResponseCodec.decode(AbstractHttpResponseCodec.java:80)
	at org.openqa.selenium.remote.http.AbstractHttpResponseCodec.decode(AbstractHttpResponseCodec.java:44)
	at org.openqa.selenium.remote.HttpCommandExecutor.execute(HttpCommandExecutor.java:158)
	at org.openqa.selenium.remote.service.DriverCommandExecutor.execute(DriverCommandExecutor.java:83)
	at org.openqa.selenium.remote.RemoteWebDriver.execute(RemoteWebDriver.java:552)
	at org.openqa.selenium.remote.RemoteWebElement.execute(RemoteWebElement.java:285)
	at org.openqa.selenium.remote.RemoteWebElement.click(RemoteWebElement.java:84)
	at Platelet.ReviewPlateletMorphologyCellType.verifyPatchSelection(ReviewPlateletMorphologyCellType.java:205)
	at Platelet.ReviewPlateleyMorphologyCellTypeTest.FunctionalityOfPatchWhenSelectThePatchInLargePlatelets(ReviewPlateleyMorphologyCellTypeTest.java:68)
	at java.base/jdk.internal.reflect.NativeMethodAccessorImpl.invoke0(Native Method)
	at java.base/jdk.internal.reflect.NativeMethodAccessorImpl.invoke(NativeMethodAccessorImpl.java:62)
	at java.base/jdk.internal.reflect.DelegatingMethodAccessorImpl.invoke(DelegatingMethodAccessorImpl.java:43)
	at java.base/java.lang.reflect.Method.invoke(Method.java:566)
	at org.testng.internal.MethodInvocationHelper.invokeMethod(MethodInvocationHelper.java:85)
	at org.testng.internal.Invoker.invokeMethod(Invoker.java:696)
	at org.testng.internal.Invoker.invokeTestMethod(Invoker.java:882)
	at org.testng.internal.Invoker.invokeTestMethods(Invoker.java:1189)
	at org.testng.internal.TestMethodWorker.invokeTestMethods(TestMethodWorker.java:124)
	at org.testng.internal.TestMethodWorker.run(TestMethodWorker.java:108)
	at org.testng.TestRunner.privateRun(TestRunner.java:767)
	at org.testng.TestRunner.run(TestRunner.java:617)
	at org.testng.SuiteRunner.runTest(SuiteRunner.java:348)
	at org.testng.SuiteRunner.runSequentially(SuiteRunner.java:343)
	at org.testng.SuiteRunner.privateRun(SuiteRunner.java:305)
	at org.testng.SuiteRunner.run(SuiteRunner.java:254)
	at org.testng.SuiteRunnerWorker.runSuite(SuiteRunnerWorker.java:52)
	at org.testng.SuiteRunnerWorker.run(SuiteRunnerWorker.java:86)
	at org.testng.TestNG.runSuitesSequentially(TestNG.java:1224)
	at org.testng.TestNG.runSuitesLocally(TestNG.java:1149)
	at org.testng.TestNG.run(TestNG.java:1057)
	at com.intellij.rt.testng.IDEARemoteTestNG.run(IDEARemoteTestNG.java:65)
	at com.intellij.rt.testng.RemoteTestNGStarter.main(RemoteTestNGStarter.java:105)
2025-02-05 15:18:47 INFO  ScreenshotListeners:29 - 
================:  Functionality Of Patch When Select The Patch In Platelet Clumps :====================

2025-02-05 15:18:49 INFO  ReviewPlateletMorphologyCellType:133 - Total patches found: 58
2025-02-05 15:18:49 INFO  ReviewPlateletMorphologyCellType:200 - Total patches found for Platelet Clumps: 58
2025-02-05 15:18:50 ERROR ReviewPlateletMorphologyCellType:217 - Error verifying patch selection in Platelet Clumps
org.openqa.selenium.WebDriverException: unknown error: Element <div id="platelet_38598_14078.jpg-patch-image-reivew" class="Card patches-container" draggable="true" style="flex: 0 0 161.6px; height: 161.6px; cursor: grab;">...</div> is not clickable at point (428, 223). Other element would receive the click: <div class="List" style="position: relative; height: 586px; width: 1091px; overflow: auto; will-change: transform; direction: ltr;">...</div>
  (Session info: chrome=133.0.6943.53)
  (Driver info: chromedriver=2.43.600229 (3fae4d0cda5334b4f533bede5a4787f7b832d052),platform=Mac OS X 10.16.0 x86_64) (WARNING: The server did not provide any stacktrace information)
Command duration or timeout: 0 milliseconds
Build info: version: '3.141.59', revision: 'e82be7d358', time: '2018-11-14T08:17:03'
System info: host: 'Macbook-Pro', ip: 'fe80:0:0:0:10ec:7e4c:24d5:5f4d%en0', os.name: 'Mac OS X', os.arch: 'x86_64', os.version: '13.7.2', java.version: '11.0.23'
Driver info: org.openqa.selenium.chrome.ChromeDriver
Capabilities {acceptInsecureCerts: true, acceptSslCerts: true, applicationCacheEnabled: false, browserConnectionEnabled: false, browserName: chrome, chrome: {chromedriverVersion: 2.43.600229 (3fae4d0cda5334..., userDataDir: /var/folders/bq/rhslv0zs6hl...}, cssSelectorsEnabled: true, databaseEnabled: false, goog:chromeOptions: {debuggerAddress: localhost:64602}, handlesAlerts: true, hasTouchScreen: false, javascriptEnabled: true, locationContextEnabled: true, mobileEmulationEnabled: false, nativeEvents: true, networkConnectionEnabled: false, pageLoadStrategy: normal, platform: MAC, platformName: MAC, rotatable: false, setWindowRect: true, takesHeapSnapshot: true, takesScreenshot: true, unexpectedAlertBehaviour: , unhandledPromptBehavior: , version: 133.0.6943.53, webStorageEnabled: true}
Session ID: 099d16681e0a35d27064befdc5d88bc9
	at java.base/jdk.internal.reflect.NativeConstructorAccessorImpl.newInstance0(Native Method)
	at java.base/jdk.internal.reflect.NativeConstructorAccessorImpl.newInstance(NativeConstructorAccessorImpl.java:62)
	at java.base/jdk.internal.reflect.DelegatingConstructorAccessorImpl.newInstance(DelegatingConstructorAccessorImpl.java:45)
	at java.base/java.lang.reflect.Constructor.newInstance(Constructor.java:490)
	at org.openqa.selenium.remote.ErrorHandler.createThrowable(ErrorHandler.java:214)
	at org.openqa.selenium.remote.ErrorHandler.throwIfResponseFailed(ErrorHandler.java:166)
	at org.openqa.selenium.remote.http.JsonHttpResponseCodec.reconstructValue(JsonHttpResponseCodec.java:40)
	at org.openqa.selenium.remote.http.AbstractHttpResponseCodec.decode(AbstractHttpResponseCodec.java:80)
	at org.openqa.selenium.remote.http.AbstractHttpResponseCodec.decode(AbstractHttpResponseCodec.java:44)
	at org.openqa.selenium.remote.HttpCommandExecutor.execute(HttpCommandExecutor.java:158)
	at org.openqa.selenium.remote.service.DriverCommandExecutor.execute(DriverCommandExecutor.java:83)
	at org.openqa.selenium.remote.RemoteWebDriver.execute(RemoteWebDriver.java:552)
	at org.openqa.selenium.remote.RemoteWebElement.execute(RemoteWebElement.java:285)
	at org.openqa.selenium.remote.RemoteWebElement.click(RemoteWebElement.java:84)
	at Platelet.ReviewPlateletMorphologyCellType.verifyPatchSelection(ReviewPlateletMorphologyCellType.java:205)
	at Platelet.ReviewPlateleyMorphologyCellTypeTest.FunctionalityOfPatchWhenSelectThePatchInPlateletClumps(ReviewPlateleyMorphologyCellTypeTest.java:74)
	at java.base/jdk.internal.reflect.NativeMethodAccessorImpl.invoke0(Native Method)
	at java.base/jdk.internal.reflect.NativeMethodAccessorImpl.invoke(NativeMethodAccessorImpl.java:62)
	at java.base/jdk.internal.reflect.DelegatingMethodAccessorImpl.invoke(DelegatingMethodAccessorImpl.java:43)
	at java.base/java.lang.reflect.Method.invoke(Method.java:566)
	at org.testng.internal.MethodInvocationHelper.invokeMethod(MethodInvocationHelper.java:85)
	at org.testng.internal.Invoker.invokeMethod(Invoker.java:696)
	at org.testng.internal.Invoker.invokeTestMethod(Invoker.java:882)
	at org.testng.internal.Invoker.invokeTestMethods(Invoker.java:1189)
	at org.testng.internal.TestMethodWorker.invokeTestMethods(TestMethodWorker.java:124)
	at org.testng.internal.TestMethodWorker.run(TestMethodWorker.java:108)
	at org.testng.TestRunner.privateRun(TestRunner.java:767)
	at org.testng.TestRunner.run(TestRunner.java:617)
	at org.testng.SuiteRunner.runTest(SuiteRunner.java:348)
	at org.testng.SuiteRunner.runSequentially(SuiteRunner.java:343)
	at org.testng.SuiteRunner.privateRun(SuiteRunner.java:305)
	at org.testng.SuiteRunner.run(SuiteRunner.java:254)
	at org.testng.SuiteRunnerWorker.runSuite(SuiteRunnerWorker.java:52)
	at org.testng.SuiteRunnerWorker.run(SuiteRunnerWorker.java:86)
	at org.testng.TestNG.runSuitesSequentially(TestNG.java:1224)
	at org.testng.TestNG.runSuitesLocally(TestNG.java:1149)
	at org.testng.TestNG.run(TestNG.java:1057)
	at com.intellij.rt.testng.IDEARemoteTestNG.run(IDEARemoteTestNG.java:65)
	at com.intellij.rt.testng.RemoteTestNGStarter.main(RemoteTestNGStarter.java:105)
2025-02-05 15:18:50 INFO  ScreenshotListeners:29 - 
================:  verify The Size Of Patches In Large Platelet :====================

2025-02-05 15:18:51 INFO  ReviewPlateleyMorphologyCellTypeTest:82 - Verify the Size of patch
2025-02-05 15:18:51 INFO  ScreenshotListeners:29 - 
================:  verify The Size Of Patches In Platelet Clumps :====================

2025-02-05 15:18:52 INFO  ReviewPlateleyMorphologyCellTypeTest:88 - Verify the Size of patch
2025-02-05 15:18:52 INFO  ScreenshotListeners:29 - 
================:  test Zoom Functionality :====================

2025-02-05 15:18:55 INFO  CommonMethods:647 - Clicked zoom-out button. Step: 1
2025-02-05 15:18:55 INFO  CommonMethods:651 - Zoom level at step 1: 20 μm
2025-02-05 15:18:57 INFO  CommonMethods:647 - Clicked zoom-out button. Step: 2
2025-02-05 15:18:57 INFO  CommonMethods:651 - Zoom level at step 2: 50 μm
2025-02-05 15:19:04 INFO  CommonMethods:647 - Clicked zoom-out button. Step: 3
2025-02-05 15:19:04 INFO  CommonMethods:651 - Zoom level at step 3: 50 μm
