2025-01-30 12:45:24 INFO  ScreenshotListeners:29 - 
================:  valid Login :====================

2025-01-30 12:45:30 ERROR BrowserSetUp:185 - validLogin -> FAILED due to below issues :
org.openqa.selenium.NoSuchElementException: no such element: Unable to locate element: {"method":"xpath","selector":"//span[contains(text(),'My reports')]"}
  (Session info: chrome=132.0.6834.111)
  (Driver info: chromedriver=2.43.600229 (3fae4d0cda5334b4f533bede5a4787f7b832d052),platform=Mac OS X 10.16.0 x86_64) (WARNING: The server did not provide any stacktrace information)
Command duration or timeout: 0 milliseconds
For documentation on this error, please visit: https://www.seleniumhq.org/exceptions/no_such_element.html
Build info: version: '3.141.59', revision: 'e82be7d358', time: '2018-11-14T08:17:03'
System info: host: 'Macbook-Pro', ip: 'fe80:0:0:0:10ec:7e4c:24d5:5f4d%en0', os.name: 'Mac OS X', os.arch: 'x86_64', os.version: '13.7.2', java.version: '11.0.23'
Driver info: org.openqa.selenium.chrome.ChromeDriver
Capabilities {acceptInsecureCerts: true, acceptSslCerts: true, applicationCacheEnabled: false, browserConnectionEnabled: false, browserName: chrome, chrome: {chromedriverVersion: 2.43.600229 (3fae4d0cda5334..., userDataDir: /var/folders/bq/rhslv0zs6hl...}, cssSelectorsEnabled: true, databaseEnabled: false, goog:chromeOptions: {debuggerAddress: localhost:64512}, handlesAlerts: true, hasTouchScreen: false, javascriptEnabled: true, locationContextEnabled: true, mobileEmulationEnabled: false, nativeEvents: true, networkConnectionEnabled: false, pageLoadStrategy: normal, platform: MAC, platformName: MAC, rotatable: false, setWindowRect: true, takesHeapSnapshot: true, takesScreenshot: true, unexpectedAlertBehaviour: , unhandledPromptBehavior: , version: 132.0.6834.111, webStorageEnabled: true}
Session ID: f7ce007cac5b129cba0c1f9be93ad0e2
*** Element info: {Using=xpath, value=//span[contains(text(),'My reports')]}

2025-01-30 12:45:51 INFO  BrowserSetUp:195 - Screenshot for this failed method : Screenshot/validLogin.png
2025-01-30 12:45:51 INFO  ScreenshotListeners:29 - 
================:  verify Sig Logo And P B S :====================

2025-01-30 12:46:21 ERROR BrowserSetUp:185 - verifySigLogoAndPBS -> FAILED due to below issues :
org.openqa.selenium.TimeoutException: Expected condition failed: waiting for visibility of element located by By.xpath: //div[contains(@class,'pbs')]/img[@alt='sigtuple-logo'] (tried for 30 second(s) with 500 milliseconds interval)

2025-01-30 12:46:22 INFO  BrowserSetUp:195 - Screenshot for this failed method : Screenshot/verifySigLogoAndPBS.png
2025-01-30 12:46:22 INFO  ScreenshotListeners:29 - 
================:  assign :====================

2025-01-30 12:47:03 INFO  ScreenshotListeners:29 - 
================:  verify Selction Of W B C Tab :====================

2025-01-30 12:47:09 INFO  CommonMethods:52 - clicked on tab successfully
2025-01-30 12:47:09 INFO  WBCParameters:41 - WBC
2025-01-30 12:47:09 INFO  WBCParametersTest:43 - WBC tab is present and selected
2025-01-30 12:47:09 INFO  ScreenshotListeners:29 - 
================:  verify The Functionality Of Multiplication Factor Cancel Btn :====================

2025-01-30 12:47:10 INFO  CommonMethods:444 - Platelet tab is selected
2025-01-30 12:47:11 INFO  ViewAndModifyThePlateletCount:55 - Entered valid multiplication factor: 5000
2025-01-30 12:47:12 INFO  ViewAndModifyThePlateletCount:66 - Set as default for future reports.
2025-01-30 12:47:12 INFO  ViewAndModifyThePlateletCount:75 - Clicked the Cancel button.
2025-01-30 12:47:12 INFO  ViewAndModifyThePlateletCount:82 - Changes successfully reverted after clicking Cancel.
2025-01-30 12:47:12 INFO  ViewAndModifyThePlateletCountTest:47 - multiplication factor is working Fine
2025-01-30 12:47:12 INFO  ScreenshotListeners:29 - 
================:  verify The Functionality Of Multiplication Warning Msg :====================

2025-01-30 12:47:12 INFO  ViewAndModifyThePlateletCount:113 - Entered multiplication factor: 2000
2025-01-30 12:47:12 INFO  ViewAndModifyThePlateletCount:122 - Warning message displayed correctly: Please enter a value between 5000-50000
2025-01-30 12:47:12 INFO  ViewAndModifyThePlateletCount:144 - Clicked the Cancel button.
2025-01-30 12:47:12 ERROR ViewAndModifyThePlateletCount:159 - Error while verifying Cancel functionality: stale element reference: element is not attached to the page document
  (Session info: chrome=132.0.6834.111)
  (Driver info: chromedriver=2.43.600229 (3fae4d0cda5334b4f533bede5a4787f7b832d052),platform=Mac OS X 10.16.0 x86_64) (WARNING: The server did not provide any stacktrace information)
Command duration or timeout: 0 milliseconds
For documentation on this error, please visit: https://www.seleniumhq.org/exceptions/stale_element_reference.html
Build info: version: '3.141.59', revision: 'e82be7d358', time: '2018-11-14T08:17:03'
System info: host: 'Macbook-Pro', ip: 'fe80:0:0:0:10ec:7e4c:24d5:5f4d%en0', os.name: 'Mac OS X', os.arch: 'x86_64', os.version: '13.7.2', java.version: '11.0.23'
Driver info: org.openqa.selenium.chrome.ChromeDriver
Capabilities {acceptInsecureCerts: true, acceptSslCerts: true, applicationCacheEnabled: false, browserConnectionEnabled: false, browserName: chrome, chrome: {chromedriverVersion: 2.43.600229 (3fae4d0cda5334..., userDataDir: /var/folders/bq/rhslv0zs6hl...}, cssSelectorsEnabled: true, databaseEnabled: false, goog:chromeOptions: {debuggerAddress: localhost:64512}, handlesAlerts: true, hasTouchScreen: false, javascriptEnabled: true, locationContextEnabled: true, mobileEmulationEnabled: false, nativeEvents: true, networkConnectionEnabled: false, pageLoadStrategy: normal, platform: MAC, platformName: MAC, rotatable: false, setWindowRect: true, takesHeapSnapshot: true, takesScreenshot: true, unexpectedAlertBehaviour: , unhandledPromptBehavior: , version: 132.0.6834.111, webStorageEnabled: true}
Session ID: f7ce007cac5b129cba0c1f9be93ad0e2
2025-01-30 12:47:12 INFO  ViewAndModifyThePlateletCountTest:53 - multiplication factor is working Fine
2025-01-30 12:47:12 INFO  ScreenshotListeners:29 - 
================:  verify The Functionality Of Multiplication Factor :====================

2025-01-30 12:47:13 INFO  ViewAndModifyThePlateletCount:189 - Entered valid multiplication factor: 5000
2025-01-30 12:47:43 ERROR ViewAndModifyThePlateletCount:221 - Error while verifying multiplication factor functionality: Expected condition failed: waiting for element to be clickable: By.xpath: //button[text()='Save'] (tried for 30 second(s) with 500 milliseconds interval)
2025-01-30 12:47:43 ERROR BrowserSetUp:185 - verifyTheFunctionalityOfMultiplicationFactor -> FAILED due to below issues :
java.lang.AssertionError: expected [true] but found [false]

2025-01-30 12:47:44 INFO  BrowserSetUp:195 - Screenshot for this failed method : Screenshot/verifyTheFunctionalityOfMultiplicationFactor.png
