2025-02-04 14:47:46 INFO  ScreenshotListeners:29 - 
================:  valid Login :====================

2025-02-04 14:47:52 ERROR BrowserSetUp:185 - validLogin -> FAILED due to below issues :
org.openqa.selenium.NoSuchElementException: no such element: Unable to locate element: {"method":"xpath","selector":"//span[contains(text(),'My reports')]"}
  (Session info: chrome=132.0.6834.160)
  (Driver info: chromedriver=2.43.600229 (3fae4d0cda5334b4f533bede5a4787f7b832d052),platform=Mac OS X 10.16.0 x86_64) (WARNING: The server did not provide any stacktrace information)
Command duration or timeout: 0 milliseconds
For documentation on this error, please visit: https://www.seleniumhq.org/exceptions/no_such_element.html
Build info: version: '3.141.59', revision: 'e82be7d358', time: '2018-11-14T08:17:03'
System info: host: 'Macbook-Pro', ip: 'fe80:0:0:0:10ec:7e4c:24d5:5f4d%en0', os.name: 'Mac OS X', os.arch: 'x86_64', os.version: '13.7.2', java.version: '11.0.23'
Driver info: org.openqa.selenium.chrome.ChromeDriver
Capabilities {acceptInsecureCerts: true, acceptSslCerts: true, applicationCacheEnabled: false, browserConnectionEnabled: false, browserName: chrome, chrome: {chromedriverVersion: 2.43.600229 (3fae4d0cda5334..., userDataDir: /var/folders/bq/rhslv0zs6hl...}, cssSelectorsEnabled: true, databaseEnabled: false, goog:chromeOptions: {debuggerAddress: localhost:60914}, handlesAlerts: true, hasTouchScreen: false, javascriptEnabled: true, locationContextEnabled: true, mobileEmulationEnabled: false, nativeEvents: true, networkConnectionEnabled: false, pageLoadStrategy: normal, platform: MAC, platformName: MAC, rotatable: false, setWindowRect: true, takesHeapSnapshot: true, takesScreenshot: true, unexpectedAlertBehaviour: , unhandledPromptBehavior: , version: 132.0.6834.160, webStorageEnabled: true}
Session ID: 730cbe9698ce9c7f1aa54c196ce693f8
*** Element info: {Using=xpath, value=//span[contains(text(),'My reports')]}

2025-02-04 14:47:52 INFO  BrowserSetUp:195 - Screenshot for this failed method : Screenshot/validLogin.png
2025-02-04 14:47:52 INFO  ScreenshotListeners:29 - 
================:  verify Sig Logo And P B S :====================

2025-02-04 14:48:23 ERROR BrowserSetUp:185 - verifySigLogoAndPBS -> FAILED due to below issues :
org.openqa.selenium.TimeoutException: Expected condition failed: waiting for visibility of element located by By.xpath: //div[contains(@class,'pbs')]/img[@alt='sigtuple-logo'] (tried for 30 second(s) with 500 milliseconds interval)

2025-02-04 14:48:23 INFO  BrowserSetUp:195 - Screenshot for this failed method : Screenshot/verifySigLogoAndPBS.png
2025-02-04 14:48:23 INFO  ScreenshotListeners:29 - 
================:  assign :====================

2025-02-04 14:48:37 INFO  ScreenshotListeners:29 - 
================:  verify The Functionality Of Multiplication Factor Cancel Btn :====================

2025-02-04 14:48:37 INFO  CommonMethods:444 - Platelet tab is selected
2025-02-04 14:48:39 INFO  ViewAndModifyThePlateletCount:55 - Entered valid multiplication factor: 5000
2025-02-04 14:48:39 INFO  ViewAndModifyThePlateletCount:66 - Set as default for future reports.
2025-02-04 14:48:39 INFO  ViewAndModifyThePlateletCount:75 - Clicked the Cancel button.
2025-02-04 14:48:39 INFO  ViewAndModifyThePlateletCount:82 - Changes successfully reverted after clicking Cancel.
2025-02-04 14:48:39 INFO  ViewAndModifyThePlateletCountTest:47 - multiplication factor is working Fine
2025-02-04 14:48:39 INFO  ScreenshotListeners:29 - 
================:  verify The Functionality Of Multiplication Warning Msg :====================

2025-02-04 14:48:40 INFO  ViewAndModifyThePlateletCount:113 - Entered multiplication factor: 2000
2025-02-04 14:48:40 INFO  ViewAndModifyThePlateletCount:122 - Warning message displayed correctly: Please enter a value between 5000-50000
2025-02-04 14:48:40 INFO  ViewAndModifyThePlateletCount:133 - Clicked the Cancel button.
2025-02-04 14:48:40 INFO  ViewAndModifyThePlateletCount:140 - Changes successfully reverted after clicking Cancel.
2025-02-04 14:48:40 INFO  ViewAndModifyThePlateletCountTest:53 - multiplication factor is working Fine
2025-02-04 14:48:40 INFO  ScreenshotListeners:29 - 
================:  verify The Functionality Of Multiplication Factor :====================

2025-02-04 14:48:40 INFO  ViewAndModifyThePlateletCount:177 - Entered valid multiplication factor: 5000
2025-02-04 14:48:40 INFO  ViewAndModifyThePlateletCount:190 - Unset as default for future reports.
2025-02-04 14:49:10 ERROR ViewAndModifyThePlateletCount:208 - Error while verifying multiplication factor functionality: Expected condition failed: waiting for element to be clickable: By.xpath: //button[text()='Save'] (tried for 30 second(s) with 500 milliseconds interval)
2025-02-04 14:49:10 ERROR BrowserSetUp:185 - verifyTheFunctionalityOfMultiplicationFactor -> FAILED due to below issues :
java.lang.AssertionError: expected [true] but found [false]

2025-02-04 14:49:11 INFO  BrowserSetUp:195 - Screenshot for this failed method : Screenshot/verifyTheFunctionalityOfMultiplicationFactor.png
2025-02-04 14:49:11 INFO  ScreenshotListeners:29 - 
================:  verify Presence Of Cell Type :====================

2025-02-04 14:49:11 INFO  CommonMethods:721 - Morphology Sub Tab is selected
2025-02-04 14:49:11 INFO  ReviewPlateleyMorphologyCellTypeTest:49 - Morphology tab Cell Types is present on platelet main tab
2025-02-04 14:49:11 INFO  ScreenshotListeners:29 - 
================:  Verify Cell Count Of Large Platelet Is Equal To Patch :====================

2025-02-04 14:49:11 INFO  ReviewPlateletMorphologyCellType:63 - Total patches found: 2
2025-02-04 14:49:11 INFO  ReviewPlateletMorphologyCellType:88 - Total patches found for Large Platelets: 2
2025-02-04 14:49:11 INFO  ReviewPlateletMorphologyCellType:94 - Expected count for Large Platelets: 2
2025-02-04 14:49:11 INFO  ReviewPlateletMorphologyCellType:98 - Large Platelets count matches the patch count. Count: 2
2025-02-04 14:49:11 INFO  ReviewPlateleyMorphologyCellTypeTest:56 - Verify the Large platelet cell count is equal patch count
2025-02-04 14:49:11 INFO  ScreenshotListeners:29 - 
================:  Verify Cell Count Of Platelet Clumps Is Equal To Patch :====================

2025-02-04 14:49:11 INFO  ReviewPlateletMorphologyCellType:63 - Total patches found: 2
2025-02-04 14:49:11 INFO  ReviewPlateletMorphologyCellType:88 - Total patches found for Platelet Clumps: 2
2025-02-04 14:49:11 INFO  ReviewPlateletMorphologyCellType:94 - Expected count for Platelet Clumps: 2
2025-02-04 14:49:11 INFO  ReviewPlateletMorphologyCellType:98 - Platelet Clumps count matches the patch count. Count: 2
2025-02-04 14:49:11 INFO  ReviewPlateleyMorphologyCellTypeTest:62 - Verify the  Platelet clumps cell count is equal patch count
2025-02-04 14:49:11 INFO  ScreenshotListeners:29 - 
================:  Functionality Of Patch When Select The Patch In Large Platelets :====================

2025-02-04 14:49:11 INFO  ReviewPlateletMorphologyCellType:63 - Total patches found: 2
2025-02-04 14:49:11 INFO  ReviewPlateletMorphologyCellType:129 - Total patches found for Large Platelets: 2
2025-02-04 14:49:12 INFO  ReviewPlateletMorphologyCellType:139 - Patch selected successfully in Large Platelets. Patch details: 
2025-02-04 14:49:12 INFO  ReviewPlateleyMorphologyCellTypeTest:69 - Verify the Large platelet cell  patches are selecting
2025-02-04 14:49:12 INFO  ScreenshotListeners:29 - 
================:  Functionality Of Patch When Select The Patch In Platelet Clumps :====================

2025-02-04 14:49:12 INFO  ReviewPlateletMorphologyCellType:63 - Total patches found: 2
2025-02-04 14:49:12 INFO  ReviewPlateletMorphologyCellType:129 - Total patches found for Platelet Clumps: 2
2025-02-04 14:49:12 INFO  ReviewPlateletMorphologyCellType:139 - Patch selected successfully in Platelet Clumps. Patch details: 
2025-02-04 14:49:12 INFO  ReviewPlateleyMorphologyCellTypeTest:75 - Verify the  Platelet clumps cell patches are selecting
2025-02-04 14:49:12 INFO  ScreenshotListeners:29 - 
================:  verify The Size Of Patches In Large Platelet :====================

2025-02-04 14:49:12 INFO  ReviewPlateleyMorphologyCellTypeTest:82 - Verify the Size of patch
2025-02-04 14:49:12 INFO  ScreenshotListeners:29 - 
================:  verify The Size Of Patches In Platelet Clumps :====================

2025-02-04 14:49:12 INFO  ReviewPlateleyMorphologyCellTypeTest:88 - Verify the Size of patch
2025-02-04 14:49:12 INFO  ScreenshotListeners:29 - 
================:  test Zoom Functionality :====================

2025-02-04 14:49:15 INFO  CommonMethods:647 - Clicked zoom-out button. Step: 1
2025-02-04 14:49:15 INFO  CommonMethods:651 - Zoom level at step 1: 20 μm
2025-02-04 14:49:17 INFO  CommonMethods:647 - Clicked zoom-out button. Step: 2
2025-02-04 14:49:17 INFO  CommonMethods:651 - Zoom level at step 2: 50 μm
2025-02-04 14:49:19 INFO  CommonMethods:647 - Clicked zoom-out button. Step: 3
2025-02-04 14:49:19 INFO  CommonMethods:651 - Zoom level at step 3: 100 μm
2025-02-04 14:49:19 INFO  ReviewPlateleyMorphologyCellTypeTest:103 - Final zoom level after zoom-out: 100 μm
2025-02-04 14:49:21 INFO  CommonMethods:626 - Clicked zoom-in button. Step: 1
2025-02-04 14:49:21 INFO  CommonMethods:630 - Zoom level at step 1: 50 μm
2025-02-04 14:49:23 INFO  CommonMethods:626 - Clicked zoom-in button. Step: 2
2025-02-04 14:49:23 INFO  CommonMethods:630 - Zoom level at step 2: 20 μm
2025-02-04 14:49:25 INFO  CommonMethods:626 - Clicked zoom-in button. Step: 3
2025-02-04 14:49:25 INFO  CommonMethods:630 - Zoom level at step 3: 10 μm
2025-02-04 14:49:25 INFO  ReviewPlateleyMorphologyCellTypeTest:109 - Final zoom level after zoom-in: 10 μm
2025-02-04 14:49:25 INFO  CommonMethods:665 - Clicked home zoom button.
2025-02-04 14:49:27 INFO  CommonMethods:670 - Home zoom level: 1000 μm
2025-02-04 14:49:27 INFO  ReviewPlateleyMorphologyCellTypeTest:116 - Final zoom level after resetting to home: 1000 μm
