<?xml version="1.0" encoding="UTF-8"?>
<!-- Generated by org.testng.reporters.JUnitXMLReporter -->
<testsuite hostname="Nehas-MacBook-Pro.local" failures="1" tests="2" name="Test" time="9.608" errors="0" timestamp="10 Jul 2024 07:03:06 GMT">
  <testcase classname="SessionManagement.LoginTest" name="validlogin" time="4.235"/>
  <testcase classname="RBC.VerifySubTabOfRBC.VerifyUiOfRbcSizeSubTabTest" name="clickedOnRBCTab" time="4.007">
    <failure type="org.openqa.selenium.NoSuchSessionException" message="Session ID is null. Using WebDriver after calling quit()?
Build info: version: &amp;apos;3.141.59&amp;apos;, revision: &amp;apos;e82be7d358&amp;apos;, time: &amp;apos;2018-11-14T08:17:03&amp;apos;
System info: host: &amp;apos;Nehas-MacBook-Pro.local&amp;apos;, ip: &amp;apos;192.168.0.48&amp;apos;, os.name: &amp;apos;Mac OS X&amp;apos;, os.arch: &amp;apos;x86_64&amp;apos;, os.version: &amp;apos;13.6.7&amp;apos;, java.version: &amp;apos;17.0.3&amp;apos;
Driver info: driver.version: RemoteWebDriver">
      <![CDATA[org.openqa.selenium.NoSuchSessionException: Session ID is null. Using WebDriver after calling quit()?
Build info: version: '3.141.59', revision: 'e82be7d358', time: '2018-11-14T08:17:03'
System info: host: 'Nehas-MacBook-Pro.local', ip: '192.168.0.48', os.name: 'Mac OS X', os.arch: 'x86_64', os.version: '13.6.7', java.version: '17.0.3'
Driver info: driver.version: RemoteWebDriver
	at org.openqa.selenium.remote.HttpCommandExecutor.execute(HttpCommandExecutor.java:125)
	at org.openqa.selenium.remote.service.DriverCommandExecutor.execute(DriverCommandExecutor.java:83)
	at org.openqa.selenium.remote.RemoteWebDriver.execute(RemoteWebDriver.java:552)
	at org.openqa.selenium.remote.RemoteWebDriver.findElement(RemoteWebDriver.java:323)
	at org.openqa.selenium.remote.RemoteWebDriver.findElementByXPath(RemoteWebDriver.java:428)
	at org.openqa.selenium.By$ByXPath.findElement(By.java:353)
	at org.openqa.selenium.remote.RemoteWebDriver.findElement(RemoteWebDriver.java:315)
	at RBC.VerifySubTabOfRBC.VerifyUiOfRbcSizeSubTab.selectAnyReport(VerifySubTabsOfRBC.java:41)
	at RBC.VerifySubTabOfRBC.VerifyUiOfRbcSizeSubTabTest.clickedOnRBCTab(VerifySubTabsOfRBCTest.java:45)
... Removed 24 stack frames]]>
    </failure>
  </testcase> <!-- clickedOnRBCTab -->
</testsuite> <!-- Test -->
