<?xml version="1.0" encoding="UTF-8"?>
<testng-results total="2" passed="1" failed="1" skipped="0">
  <reporter-output>
  </reporter-output>
  <suite started-at="2024-07-10T07:02:57Z" name="Suite" finished-at="2024-07-10T07:03:06Z" duration-ms="9608">
    <groups>
    </groups>
    <test started-at="2024-07-10T07:02:57Z" name="Test" finished-at="2024-07-10T07:03:06Z" duration-ms="9608">
      <class name="RBC.VerifySubTabOfRBC.VerifyUiOfRbcSizeSubTabTest">
        <test-method is-config="true" signature="initializeTestBaseSetup(java.lang.String, java.lang.String, java.lang.String)[pri:0, instance:RBC.VerifySubTabOfRBC.VerifyUiOfRbcSizeSubTabTest@5bf0fe62]" started-at="2024-07-10T12:32:40Z" name="initializeTestBaseSetup" finished-at="2024-07-10T12:32:57Z" duration-ms="16564" status="PASS">
          <params>
            <param index="0">
              <value>
                <![CDATA[chrome]]>
              </value>
            </param>
            <param index="1">
              <value>
                <![CDATA[https://as76pbs.sigtuple.com/]]>
              </value>
            </param>
            <param index="2">
              <value>
                <![CDATA[AS76Reporting-RBC]]>
              </value>
            </param>
          </params>
          <reporter-output>
          </reporter-output>
        </test-method> <!-- initializeTestBaseSetup -->
        <test-method is-config="true" signature="driver()[pri:0, instance:SessionManagement.LoginTest@32c726ee]" started-at="2024-07-10T12:32:57Z" name="driver" finished-at="2024-07-10T12:32:57Z" depends-on-methods="utilities.BrowserSetUp.initializeTestBaseSetup" duration-ms="9" status="PASS">
          <reporter-output>
          </reporter-output>
        </test-method> <!-- driver -->
        <test-method is-config="true" signature="setUp()[pri:0, instance:RBC.VerifySubTabOfRBC.VerifyUiOfRbcSizeSubTabTest@5bf0fe62]" started-at="2024-07-10T12:32:57Z" name="setUp" finished-at="2024-07-10T12:32:57Z" depends-on-methods="SessionManagement.LoginTest.driver, utilities.BrowserSetUp.initializeTestBaseSetup" duration-ms="4" status="PASS">
          <reporter-output>
          </reporter-output>
        </test-method> <!-- setUp -->
        <test-method signature="clickedOnRBCTab()[pri:0, instance:RBC.VerifySubTabOfRBC.VerifyUiOfRbcSizeSubTabTest@5bf0fe62]" started-at="2024-07-10T12:33:02Z" name="clickedOnRBCTab" finished-at="2024-07-10T12:33:06Z" duration-ms="4007" status="FAIL">
          <exception class="org.openqa.selenium.NoSuchSessionException">
            <message>
              <![CDATA[Session ID is null. Using WebDriver after calling quit()?
Build info: version: '3.141.59', revision: 'e82be7d358', time: '2018-11-14T08:17:03'
System info: host: 'Nehas-MacBook-Pro.local', ip: '192.168.0.48', os.name: 'Mac OS X', os.arch: 'x86_64', os.version: '13.6.7', java.version: '17.0.3'
Driver info: driver.version: RemoteWebDriver]]>
            </message>
            <full-stacktrace>
              <![CDATA[org.openqa.selenium.NoSuchSessionException: Session ID is null. Using WebDriver after calling quit()?
Build info: version: '3.141.59', revision: 'e82be7d358', time: '2018-11-14T08:17:03'
System info: host: 'Nehas-MacBook-Pro.local', ip: '192.168.0.48', os.name: 'Mac OS X', os.arch: 'x86_64', os.version: '13.6.7', java.version: '17.0.3'
Driver info: driver.version: RemoteWebDriver
	at org.openqa.selenium.remote.HttpCommandExecutor.execute(HttpCommandExecutor.java:125)
	at org.openqa.selenium.remote.service.DriverCommandExecutor.execute(DriverCommandExecutor.java:83)
	at org.openqa.selenium.remote.RemoteWebDriver.execute(RemoteWebDriver.java:552)
	at org.openqa.selenium.remote.RemoteWebDriver.findElement(RemoteWebDriver.java:323)
	at org.openqa.selenium.remote.RemoteWebDriver.findElementByXPath(RemoteWebDriver.java:428)
	at org.openqa.selenium.By$ByXPath.findElement(By.java:353)
	at org.openqa.selenium.remote.RemoteWebDriver.findElement(RemoteWebDriver.java:315)
	at RBC.VerifySubTabOfRBC.VerifyUiOfRbcSizeSubTab.selectAnyReport(VerifySubTabsOfRBC.java:41)
	at RBC.VerifySubTabOfRBC.VerifyUiOfRbcSizeSubTabTest.clickedOnRBCTab(VerifySubTabsOfRBCTest.java:45)
	at java.base/jdk.internal.reflect.NativeMethodAccessorImpl.invoke0(Native Method)
	at java.base/jdk.internal.reflect.NativeMethodAccessorImpl.invoke(NativeMethodAccessorImpl.java:77)
	at java.base/jdk.internal.reflect.DelegatingMethodAccessorImpl.invoke(DelegatingMethodAccessorImpl.java:43)
	at java.base/java.lang.reflect.Method.invoke(Method.java:568)
	at org.testng.internal.MethodInvocationHelper.invokeMethod(MethodInvocationHelper.java:85)
	at org.testng.internal.Invoker.invokeMethod(Invoker.java:696)
	at org.testng.internal.Invoker.invokeTestMethod(Invoker.java:882)
	at org.testng.internal.Invoker.invokeTestMethods(Invoker.java:1189)
	at org.testng.internal.TestMethodWorker.invokeTestMethods(TestMethodWorker.java:124)
	at org.testng.internal.TestMethodWorker.run(TestMethodWorker.java:108)
	at org.testng.TestRunner.privateRun(TestRunner.java:767)
	at org.testng.TestRunner.run(TestRunner.java:617)
	at org.testng.SuiteRunner.runTest(SuiteRunner.java:348)
	at org.testng.SuiteRunner.runSequentially(SuiteRunner.java:343)
	at org.testng.SuiteRunner.privateRun(SuiteRunner.java:305)
	at org.testng.SuiteRunner.run(SuiteRunner.java:254)
	at org.testng.SuiteRunnerWorker.runSuite(SuiteRunnerWorker.java:52)
	at org.testng.SuiteRunnerWorker.run(SuiteRunnerWorker.java:86)
	at org.testng.TestNG.runSuitesSequentially(TestNG.java:1224)
	at org.testng.TestNG.runSuitesLocally(TestNG.java:1149)
	at org.testng.TestNG.run(TestNG.java:1057)
	at org.testng.remote.AbstractRemoteTestNG.run(AbstractRemoteTestNG.java:115)
	at org.testng.remote.RemoteTestNG.initAndRun(RemoteTestNG.java:293)
	at org.testng.remote.RemoteTestNG.main(RemoteTestNG.java:91)
]]>
            </full-stacktrace>
          </exception> <!-- org.openqa.selenium.NoSuchSessionException -->
          <reporter-output>
          </reporter-output>
        </test-method> <!-- clickedOnRBCTab -->
        <test-method is-config="true" signature="getResult(org.testng.ITestResult)[pri:0, instance:RBC.VerifySubTabOfRBC.VerifyUiOfRbcSizeSubTabTest@5bf0fe62]" started-at="2024-07-10T12:33:06Z" name="getResult" finished-at="2024-07-10T12:33:06Z" duration-ms="24" status="PASS">
          <params>
            <param index="0">
              <value>
                <![CDATA[[TestResult name=clickedOnRBCTab status=FAILURE method=VerifySubTabsOfRBCTest.clickedOnRBCTab()[pri:0, instance:RBC.VerifySubTabOfRBC.VerifyUiOfRbcSizeSubTabTest@5bf0fe62] output={null}]]]>
              </value>
            </param>
          </params>
          <reporter-output>
          </reporter-output>
        </test-method> <!-- getResult -->
        <test-method is-config="true" signature="tearDown(java.lang.String)[pri:0, instance:RBC.VerifySubTabOfRBC.VerifyUiOfRbcSizeSubTabTest@5bf0fe62]" started-at="2024-07-10T12:33:06Z" name="tearDown" finished-at="2024-07-10T12:33:06Z" duration-ms="154" status="PASS">
          <params>
            <param index="0">
              <value>
                <![CDATA[AS76Reporting-RBC]]>
              </value>
            </param>
          </params>
          <reporter-output>
          </reporter-output>
        </test-method> <!-- tearDown -->
        <test-method is-config="true" signature="tearDown(java.lang.String)[pri:0, instance:RBC.VerifySubTabOfRBC.VerifyUiOfRbcSizeSubTabTest@5bf0fe62]" started-at="2024-07-10T12:33:06Z" name="tearDown" finished-at="2024-07-10T12:33:07Z" duration-ms="63" status="PASS">
          <params>
            <param index="0">
              <value>
                <![CDATA[AS76Reporting-RBC]]>
              </value>
            </param>
          </params>
          <reporter-output>
          </reporter-output>
        </test-method> <!-- tearDown -->
      </class> <!-- RBC.VerifySubTabOfRBC.VerifyUiOfRbcSizeSubTabTest -->
      <class name="SessionManagement.LoginTest">
        <test-method signature="validlogin()[pri:0, instance:SessionManagement.LoginTest@32c726ee]" started-at="2024-07-10T12:32:57Z" name="validlogin" finished-at="2024-07-10T12:33:01Z" duration-ms="4235" status="PASS">
          <reporter-output>
          </reporter-output>
        </test-method> <!-- validlogin -->
        <test-method is-config="true" signature="getResult(org.testng.ITestResult)[pri:0, instance:SessionManagement.LoginTest@32c726ee]" started-at="2024-07-10T12:33:01Z" name="getResult" finished-at="2024-07-10T12:33:01Z" duration-ms="67" status="PASS">
          <params>
            <param index="0">
              <value>
                <![CDATA[[TestResult name=validlogin status=SUCCESS method=loginTest.validlogin()[pri:0, instance:SessionManagement.LoginTest@32c726ee] output={null}]]]>
              </value>
            </param>
          </params>
          <reporter-output>
          </reporter-output>
        </test-method> <!-- getResult -->
        <test-method is-config="true" signature="tearDown(java.lang.String)[pri:0, instance:SessionManagement.LoginTest@32c726ee]" started-at="2024-07-10T12:33:01Z" name="tearDown" finished-at="2024-07-10T12:33:02Z" duration-ms="1090" status="PASS">
          <params>
            <param index="0">
              <value>
                <![CDATA[AS76Reporting-RBC]]>
              </value>
            </param>
          </params>
          <reporter-output>
          </reporter-output>
        </test-method> <!-- tearDown -->
      </class> <!-- SessionManagement.LoginTest -->
    </test> <!-- Test -->
  </suite> <!-- Suite -->
</testng-results>
